actions/admin-actions.ts(17,60): error TS2307: Cannot find module '@/db/schema/tenant-management-schema' or its corresponding type declarations.
actions/analytics-actions.ts(259,30): error TS2345: Argument of type 'any' is not assignable to parameter of type 'never'.
actions/rewards-actions.ts(363,7): error TS2554: Expected 1 arguments, but got 4.
actions/rewards-actions.ts(379,21): error TS2339: Property 'credits_to_redeem' does not exist on type '{ programId: string; creditsToSpend: number; providerDetails?: Record<string, any> | undefined; }'.
actions/rewards-actions.ts(389,11): error TS2345: Argument of type 'PostgresJsDatabase<typeof import("C:/APPS/nzila-automation/apps/union-eyes/db/schema/index")> & { $client: Sql<{}>; }' is not assignable to parameter of type 'string'.
actions/rewards-actions.ts(400,25): error TS2304: Cannot find name 'discount'.
actions/whop-actions.ts(98,11): error TS2339: Property 'userId' does not exist on type 'Promise<SessionAuthWithRedirect>'.
actions/whop-actions.ts(280,78): error TS2554: Expected 1-2 arguments, but got 3.
actions/whop-actions.ts(307,78): error TS2554: Expected 1-2 arguments, but got 3.
app/(marketing)/case-studies/[slug]/page.tsx(41,31): error TS2339: Property 'status' does not exist on type 'CaseStudy'.
app/(marketing)/case-studies/[slug]/page.tsx(76,24): error TS2339: Property 'jurisdiction' does not exist on type 'CaseStudy'.
app/(marketing)/case-studies/[slug]/page.tsx(80,30): error TS2339: Property 'jurisdiction' does not exist on type 'CaseStudy'.
app/(marketing)/case-studies/[slug]/page.tsx(84,24): error TS2339: Property 'sector' does not exist on type 'CaseStudy'.
app/(marketing)/case-studies/[slug]/page.tsx(87,71): error TS2339: Property 'sector' does not exist on type 'CaseStudy'.
app/(marketing)/case-studies/[slug]/page.tsx(90,24): error TS2339: Property 'memberCount' does not exist on type 'CaseStudy'.
app/(marketing)/case-studies/[slug]/page.tsx(94,30): error TS2339: Property 'memberCount' does not exist on type 'CaseStudy'.
app/(marketing)/case-studies/[slug]/page.tsx(100,22): error TS2339: Property 'anonymized' does not exist on type 'CaseStudy'.
app/(marketing)/case-studies/[slug]/page.tsx(103,15): error TS2322: Type '{ variant: "transparency"; message: string; className: string; compact: true; }' is not assignable to type 'IntrinsicAttributes & HumanCenteredCalloutProps'.
  Property 'message' does not exist on type 'IntrinsicAttributes & HumanCenteredCalloutProps'.
app/(marketing)/case-studies/[slug]/page.tsx(146,19): error TS2322: Type '{ key: number; metric: { id: string; organizationId: string; metricType: any; value: number; comparisonValue: number; unit: string; period: string; visibility: string; anonymized: any; createdAt: Date; updatedAt: Date; }; }' is not assignable to type 'IntrinsicAttributes & ImpactMetricCardProps'.
  Property 'metric' does not exist on type 'IntrinsicAttributes & ImpactMetricCardProps'.
app/(marketing)/case-studies/[slug]/page.tsx(149,40): error TS2339: Property 'type' does not exist on type 'CaseStudyMetric'.
app/(marketing)/case-studies/[slug]/page.tsx(155,43): error TS2339: Property 'anonymized' does not exist on type 'CaseStudy'.
app/(marketing)/case-studies/[slug]/page.tsx(166,20): error TS2339: Property 'quote' does not exist on type 'CaseStudy'.
app/(marketing)/case-studies/[slug]/page.tsx(169,27): error TS2339: Property 'quote' does not exist on type 'CaseStudy'.
app/(marketing)/case-studies/[slug]/page.tsx(171,55): error TS2339: Property 'quote' does not exist on type 'CaseStudy'.
app/(marketing)/case-studies/[slug]/page.tsx(176,20): error TS2339: Property 'results' does not exist on type 'CaseStudy'.
app/(marketing)/case-studies/[slug]/page.tsx(183,60): error TS2339: Property 'results' does not exist on type 'CaseStudy'.
app/(marketing)/case-studies/[slug]/page.tsx(189,20): error TS2339: Property 'lessonsLearned' does not exist on type 'CaseStudy'.
app/(marketing)/case-studies/[slug]/page.tsx(189,48): error TS2339: Property 'lessonsLearned' does not exist on type 'CaseStudy'.
app/(marketing)/case-studies/[slug]/page.tsx(195,26): error TS2339: Property 'lessonsLearned' does not exist on type 'CaseStudy'.
app/(marketing)/case-studies/[slug]/page.tsx(206,20): error TS2339: Property 'replicability' does not exist on type 'CaseStudy'.
app/(marketing)/case-studies/[slug]/page.tsx(213,60): error TS2339: Property 'replicability' does not exist on type 'CaseStudy'.
app/(marketing)/case-studies/page.tsx(57,45): error TS2339: Property 'sector' does not exist on type 'CaseStudy'.
app/(marketing)/case-studies/page.tsx(65,45): error TS2339: Property 'jurisdiction' does not exist on type 'CaseStudy'.
app/(marketing)/case-studies/page.tsx(73,65): error TS2339: Property 'sector' does not exist on type 'CaseStudy'.
app/(marketing)/case-studies/page.tsx(75,71): error TS2339: Property 'jurisdiction' does not exist on type 'CaseStudy'.
app/(marketing)/case-studies/page.tsx(103,11): error TS2322: Type '{ variant: "transparency"; message: string; className: string; }' is not assignable to type 'IntrinsicAttributes & HumanCenteredCalloutProps'.
  Property 'message' does not exist on type 'IntrinsicAttributes & HumanCenteredCalloutProps'.
app/(marketing)/contact/contact-form.tsx(54,46): error TS2345: Argument of type 'FormData' is not assignable to parameter of type 'LogContext'.
  Index signature for type 'string' is missing in type 'FormData'.
app/(marketing)/pilot-request/page.tsx(115,11): error TS2322: Type '{ variant: "trust"; message: string; className: string; }' is not assignable to type 'IntrinsicAttributes & HumanCenteredCalloutProps'.
  Property 'message' does not exist on type 'IntrinsicAttributes & HumanCenteredCalloutProps'.
app/(marketing)/pilot-request/page.tsx(569,17): error TS2322: Type '{ variant: "transparency"; message: string; }' is not assignable to type 'IntrinsicAttributes & HumanCenteredCalloutProps'.
  Property 'message' does not exist on type 'IntrinsicAttributes & HumanCenteredCalloutProps'.
app/(marketing)/pilot-request/page.tsx(672,17): error TS2322: Type '{ variant: "human"; message: string; }' is not assignable to type 'IntrinsicAttributes & HumanCenteredCalloutProps'.
  Property 'message' does not exist on type 'IntrinsicAttributes & HumanCenteredCalloutProps'.
app/[locale]/claims/page.tsx(42,66): error TS2345: Argument of type 'string' is not assignable to parameter of type 'SetStateAction<"list" | "submit">'.
app/[locale]/dashboard/admin/organizations/[id]/page.tsx(53,7): error TS2741: Property 'platform' is missing in type '{ congress: { label: string; icon: React.JSX.Element; color: string; }; federation: { label: string; icon: React.JSX.Element; color: string; }; union: { label: string; icon: React.JSX.Element; color: string; }; local: { ...; }; region: { ...; }; district: { ...; }; }' but required in type 'Record<OrganizationType, { label: string; icon: ReactElement<unknown, string | JSXElementConstructor<any>>; color: string; }>'.
app/[locale]/dashboard/admin/organizations/[id]/page.tsx(282,29): error TS2339: Property 'description' does not exist on type 'OrganizationWithDetails'.
app/[locale]/dashboard/admin/organizations/[id]/page.tsx(285,78): error TS2339: Property 'description' does not exist on type 'OrganizationWithDetails'.
app/[locale]/dashboard/admin/rewards/analytics/page.tsx(201,26): error TS18046: 'data.overview.total_awards' is of type 'unknown'.
app/[locale]/dashboard/admin/rewards/analytics/page.tsx(202,9): error TS18046: 'data.overview.unique_recipients' is of type 'unknown'.
app/[locale]/dashboard/admin/rewards/analytics/page.tsx(202,43): error TS18046: 'data.overview.unique_issuers' is of type 'unknown'.
app/[locale]/dashboard/admin/rewards/analytics/page.tsx(206,26): error TS18046: 'data.overview.total_credits_awarded' is of type 'unknown'.
app/[locale]/dashboard/admin/rewards/analytics/page.tsx(207,9): error TS18046: 'data.redemption.total_credits_redeemed' is of type 'unknown'.
app/[locale]/dashboard/admin/rewards/analytics/page.tsx(207,50): error TS18046: 'data.overview.total_credits_awarded' is of type 'unknown'.
app/[locale]/dashboard/admin/rewards/analytics/page.tsx(243,49): error TS2322: Type 'unknown' is not assignable to type 'ReactNode'.
app/[locale]/dashboard/admin/rewards/analytics/page.tsx(245,15): error TS2322: Type 'unknown' is not assignable to type 'ReactNode'.
app/[locale]/dashboard/admin/rewards/analytics/page.tsx(245,53): error TS2322: Type 'unknown' is not assignable to type 'ReactNode'.
app/[locale]/dashboard/admin/rewards/analytics/page.tsx(275,49): error TS2322: Type 'unknown' is not assignable to type 'ReactNode'.
app/[locale]/dashboard/admin/rewards/analytics/page.tsx(277,15): error TS2322: Type 'unknown' is not assignable to type 'ReactNode'.
app/[locale]/dashboard/admin/rewards/analytics/page.tsx(290,49): error TS2322: Type 'unknown' is not assignable to type 'ReactNode'.
app/[locale]/dashboard/admin/rewards/budgets/page.tsx(27,51): error TS2345: Argument of type '{}' is not assignable to parameter of type 'string'.
app/[locale]/dashboard/admin/rewards/page.tsx(85,48): error TS2339: Property 'active_programs_count' does not exist on type '{ budgetUsage: { envelopeId: string; envelopeName: string; used: number; limit: number; percentage: number; isActive: boolean; }[]; totalCreditsIssued: number; totalCreditsSpent: number; totalCreditsOutstanding: number; activeMembers: number; }'.
app/[locale]/dashboard/admin/rewards/page.tsx(102,48): error TS2339: Property 'pending_awards_count' does not exist on type '{ budgetUsage: { envelopeId: string; envelopeName: string; used: number; limit: number; percentage: number; isActive: boolean; }[]; totalCreditsIssued: number; totalCreditsSpent: number; totalCreditsOutstanding: number; activeMembers: number; }'.
app/[locale]/dashboard/admin/rewards/page.tsx(120,34): error TS2551: Property 'total_credits_issued' does not exist on type '{ budgetUsage: { envelopeId: string; envelopeName: string; used: number; limit: number; percentage: number; isActive: boolean; }[]; totalCreditsIssued: number; totalCreditsSpent: number; totalCreditsOutstanding: number; activeMembers: number; }'. Did you mean 'totalCreditsIssued'?
app/[locale]/dashboard/admin/rewards/page.tsx(139,34): error TS2339: Property 'total_credits_redeemed' does not exist on type '{ budgetUsage: { envelopeId: string; envelopeName: string; used: number; limit: number; percentage: number; isActive: boolean; }[]; totalCreditsIssued: number; totalCreditsSpent: number; totalCreditsOutstanding: number; activeMembers: number; }'.
app/[locale]/dashboard/admin/rewards/programs/page.tsx(28,56): error TS2554: Expected 0 arguments, but got 1.
app/[locale]/dashboard/claims/page.tsx(321,48): error TS2345: Argument of type 'string' is not assignable to parameter of type 'SetStateAction<"all" | CaseStatus>'.
app/[locale]/dashboard/clc/affiliates/page.tsx(75,58): error TS2339: Property 'parentOrganizationId' does not exist on type '{ id: PgColumn<{ name: "id"; tableName: "organizations"; dataType: "string"; columnType: "PgUUID"; data: string; driverParam: string; notNull: true; hasDefault: true; isPrimaryKey: true; isAutoincrement: false; ... 4 more ...; generated: undefined; }, {}, {}>; ... 34 more ...; fiscalYearEnd: PgColumn<...>; }'.
app/[locale]/dashboard/clc/affiliates/page.tsx(82,45): error TS2367: This comparison appears to be unintentional because the types '"local" | "platform" | "congress" | "federation" | "union" | "region" | "district"' and '"chapter"' have no overlap.
app/[locale]/dashboard/clc/affiliates/page.tsx(360,60): error TS2339: Property 'city' does not exist on type 'AffiliateData'.
app/[locale]/dashboard/clc/page.tsx(50,58): error TS2339: Property 'parentOrganizationId' does not exist on type '{ id: PgColumn<{ name: "id"; tableName: "organizations"; dataType: "string"; columnType: "PgUUID"; data: string; driverParam: string; notNull: true; hasDefault: true; isPrimaryKey: true; isAutoincrement: false; ... 4 more ...; generated: undefined; }, {}, {}>; ... 34 more ...; fiscalYearEnd: PgColumn<...>; }'.
app/[locale]/dashboard/clc/page.tsx(387,84): error TS2339: Property 'province' does not exist on type '{ email: string | null; status: string | null; phone: string | null; id: string; name: string; createdAt: Date | null; updatedAt: Date | null; slug: string; displayName: string | null; ... 26 more ...; fiscalYearEnd: string | null; }'.
app/[locale]/dashboard/clc/staff/page.tsx(369,11): error TS2322: Type '{ organizationId: string; onApprove: (id: any) => Promise<void>; onReject: (id: any) => Promise<void>; }' is not assignable to type 'IntrinsicAttributes & CLCApprovalWorkflowProps'.
  Property 'organizationId' does not exist on type 'IntrinsicAttributes & CLCApprovalWorkflowProps'.
app/[locale]/dashboard/clc/staff/page.tsx(402,43): error TS2345: Argument of type '(activity: { description: string; timestamp: string; }, index: number) => JSX.Element' is not assignable to parameter of type '(value: { id: string; affiliateCode: string; action: string; duration: number; syncedAt: string; error: string | null; }, index: number, array: { id: string; affiliateCode: string; action: string; duration: number; syncedAt: string; error: string | null; }[]) => Element'.
  Types of parameters 'activity' and 'value' are incompatible.
    Type '{ id: string; affiliateCode: string; action: string; duration: number; syncedAt: string; error: string | null; }' is missing the following properties from type '{ description: string; timestamp: string; }': description, timestamp
app/[locale]/dashboard/clc/staff/page.tsx(411,44): error TS2339: Property 'status' does not exist on type '{ description: string; timestamp: string; }'.
app/[locale]/dashboard/clc/staff/page.tsx(412,31): error TS2339: Property 'status' does not exist on type '{ description: string; timestamp: string; }'.
app/[locale]/dashboard/cross-union-analytics/page.tsx(170,66): error TS2345: Argument of type 'string' is not assignable to parameter of type 'SetStateAction<"organizations" | "clauses" | "precedents" | "overview">'.
app/[locale]/dashboard/executive/page.tsx(26,25): error TS2551: Property 'role' does not exist on type 'UnifiedUserContext'. Did you mean 'roles'?
app/[locale]/dashboard/federation/affiliates/page.tsx(62,58): error TS2339: Property 'parentOrganizationId' does not exist on type '{ id: PgColumn<{ name: "id"; tableName: "organizations"; dataType: "string"; columnType: "PgUUID"; data: string; driverParam: string; notNull: true; hasDefault: true; isPrimaryKey: true; isAutoincrement: false; ... 4 more ...; generated: undefined; }, {}, {}>; ... 34 more ...; fiscalYearEnd: PgColumn<...>; }'.
app/[locale]/dashboard/federation/affiliates/page.tsx(70,45): error TS2367: This comparison appears to be unintentional because the types '"local" | "platform" | "congress" | "federation" | "union" | "region" | "district"' and '"chapter"' have no overlap.
app/[locale]/dashboard/federation/affiliates/page.tsx(273,36): error TS2345: Argument of type '(affiliate: AffiliateData) => JSX.Element' is not assignable to parameter of type '(value: { email: string | null; status: string | null; phone: string | null; id: string; name: string; createdAt: Date | null; updatedAt: Date | null; slug: string; displayName: string | null; ... 26 more ...; fiscalYearEnd: string | null; }, index: number, array: { ...; }[]) => Element'.
  Types of parameters 'affiliate' and 'value' are incompatible.
    Type '{ email: string | null; status: string | null; phone: string | null; id: string; name: string; createdAt: Date | null; updatedAt: Date | null; slug: string; displayName: string | null; ... 26 more ...; fiscalYearEnd: string | null; }' is not assignable to type 'AffiliateData'.
      Types of property 'clcAffiliateCode' are incompatible.
        Type 'string | null' is not assignable to type 'string | undefined'.
          Type 'null' is not assignable to type 'string | undefined'.
app/[locale]/dashboard/federation/page.tsx(50,58): error TS2339: Property 'parentOrganizationId' does not exist on type '{ id: PgColumn<{ name: "id"; tableName: "organizations"; dataType: "string"; columnType: "PgUUID"; data: string; driverParam: string; notNull: true; hasDefault: true; isPrimaryKey: true; isAutoincrement: false; ... 4 more ...; generated: undefined; }, {}, {}>; ... 34 more ...; fiscalYearEnd: PgColumn<...>; }'.
app/[locale]/dashboard/federation/page.tsx(331,53): error TS2345: Argument of type '(union: MemberUnionData) => JSX.Element' is not assignable to parameter of type '(value: { email: string | null; status: string | null; phone: string | null; id: string; name: string; createdAt: Date | null; updatedAt: Date | null; slug: string; displayName: string | null; ... 26 more ...; fiscalYearEnd: string | null; }, index: number, array: { ...; }[]) => Element'.
  Types of parameters 'union' and 'value' are incompatible.
    Type '{ email: string | null; status: string | null; phone: string | null; id: string; name: string; createdAt: Date | null; updatedAt: Date | null; slug: string; displayName: string | null; ... 26 more ...; fiscalYearEnd: string | null; }' is not assignable to type 'MemberUnionData'.
      Types of property 'clcAffiliateCode' are incompatible.
        Type 'string | null' is not assignable to type 'string | undefined'.
          Type 'null' is not assignable to type 'string | undefined'.
app/[locale]/dashboard/health-safety/inspections/page.tsx(332,21): error TS2322: Type '(inspectionId: string) => void' is not assignable to type '() => void'.
  Target signature provides too few arguments. Expected 1 or more, but got 0.
app/[locale]/dashboard/health-safety/inspections/page.tsx(382,27): error TS2322: Type '"open"' is not assignable to type '"completed" | "approved" | "pending_review"'.
app/[locale]/dashboard/movement-insights/export/page.tsx(43,26): error TS2339: Property 'calculatedAt' does not exist on type 'PgTableWithColumns<{ name: "movement_trends"; schema: undefined; columns: { id: PgColumn<{ name: "id"; tableName: "movement_trends"; dataType: "string"; columnType: "PgUUID"; data: string; driverParam: string; notNull: true; ... 7 more ...; generated: undefined; }, {}, {}>; ... 9 more ...; createdAt: PgColumn<...>; ...'.
app/[locale]/dashboard/movement-insights/export/page.tsx(45,29): error TS2339: Property 'calculatedAt' does not exist on type 'PgTableWithColumns<{ name: "movement_trends"; schema: undefined; columns: { id: PgColumn<{ name: "id"; tableName: "movement_trends"; dataType: "string"; columnType: "PgUUID"; data: string; driverParam: string; notNull: true; ... 7 more ...; generated: undefined; }, {}, {}>; ... 9 more ...; createdAt: PgColumn<...>; ...'.
app/[locale]/dashboard/movement-insights/export/page.tsx(49,30): error TS2339: Property 'jurisdiction' does not exist on type '{ id: string; category: "grievance-type" | "resolution-pattern" | "systemic-issue" | "sector-trend" | "jurisdiction-pattern"; dimension: string; aggregatedCount: number; organizationsContributing: number; ... 5 more ...; createdAt: Date; }'.
app/[locale]/dashboard/movement-insights/export/page.tsx(53,42): error TS2345: Argument of type '{ id: string; category: "grievance-type" | "resolution-pattern" | "systemic-issue" | "sector-trend" | "jurisdiction-pattern"; dimension: string; aggregatedCount: number; organizationsContributing: number; ... 5 more ...; createdAt: Date; }[]' is not assignable to parameter of type 'MovementTrend[]'.
  Type '{ id: string; category: "grievance-type" | "resolution-pattern" | "systemic-issue" | "sector-trend" | "jurisdiction-pattern"; dimension: string; aggregatedCount: number; organizationsContributing: number; ... 5 more ...; createdAt: Date; }' is missing the following properties from type 'MovementTrend': trendType, aggregatedValue, participatingOrgs, totalCases
app/[locale]/dashboard/movement-insights/page.tsx(53,35): error TS2339: Property 'status' does not exist on type 'PgTableWithColumns<{ name: "data_aggregation_consent"; schema: undefined; columns: { id: PgColumn<{ name: "id"; tableName: "data_aggregation_consent"; dataType: "string"; columnType: "PgUUID"; data: string; driverParam: string; ... 8 more ...; generated: undefined; }, {}, {}>; ... 5 more ...; updatedAt: PgColumn<......'.
app/[locale]/dashboard/movement-insights/page.tsx(68,28): error TS2339: Property 'calculatedAt' does not exist on type 'PgTableWithColumns<{ name: "movement_trends"; schema: undefined; columns: { id: PgColumn<{ name: "id"; tableName: "movement_trends"; dataType: "string"; columnType: "PgUUID"; data: string; driverParam: string; notNull: true; ... 7 more ...; generated: undefined; }, {}, {}>; ... 9 more ...; createdAt: PgColumn<...>; ...'.
app/[locale]/dashboard/movement-insights/page.tsx(69,36): error TS2339: Property 'sector' does not exist on type 'PgTableWithColumns<{ name: "movement_trends"; schema: undefined; columns: { id: PgColumn<{ name: "id"; tableName: "movement_trends"; dataType: "string"; columnType: "PgUUID"; data: string; driverParam: string; notNull: true; ... 7 more ...; generated: undefined; }, {}, {}>; ... 9 more ...; createdAt: PgColumn<...>; ...'.
app/[locale]/dashboard/movement-insights/page.tsx(70,42): error TS2339: Property 'jurisdiction' does not exist on type 'PgTableWithColumns<{ name: "movement_trends"; schema: undefined; columns: { id: PgColumn<{ name: "id"; tableName: "movement_trends"; dataType: "string"; columnType: "PgUUID"; data: string; driverParam: string; notNull: true; ... 7 more ...; generated: undefined; }, {}, {}>; ... 9 more ...; createdAt: PgColumn<...>; ...'.
app/[locale]/dashboard/movement-insights/page.tsx(73,34): error TS2339: Property 'calculatedAt' does not exist on type 'PgTableWithColumns<{ name: "movement_trends"; schema: undefined; columns: { id: PgColumn<{ name: "id"; tableName: "movement_trends"; dataType: "string"; columnType: "PgUUID"; data: string; driverParam: string; notNull: true; ... 7 more ...; generated: undefined; }, {}, {}>; ... 9 more ...; createdAt: PgColumn<...>; ...'.
app/[locale]/dashboard/movement-insights/page.tsx(77,20): error TS2339: Property 'trendType' does not exist on type '{ id: string; category: "grievance-type" | "resolution-pattern" | "systemic-issue" | "sector-trend" | "jurisdiction-pattern"; dimension: string; aggregatedCount: number; organizationsContributing: number; ... 5 more ...; createdAt: Date; }'.
app/[locale]/dashboard/movement-insights/page.tsx(78,17): error TS2339: Property 'trendType' does not exist on type '{ id: string; category: "grievance-type" | "resolution-pattern" | "systemic-issue" | "sector-trend" | "jurisdiction-pattern"; dimension: string; aggregatedCount: number; organizationsContributing: number; ... 5 more ...; createdAt: Date; }'.
app/[locale]/dashboard/movement-insights/page.tsx(80,15): error TS2339: Property 'trendType' does not exist on type '{ id: string; category: "grievance-type" | "resolution-pattern" | "systemic-issue" | "sector-trend" | "jurisdiction-pattern"; dimension: string; aggregatedCount: number; organizationsContributing: number; ... 5 more ...; createdAt: Date; }'.
app/[locale]/dashboard/organizer/impact/page.tsx(86,11): error TS2322: Type '{ variant: "solidarity"; message: string; className: string; }' is not assignable to type 'IntrinsicAttributes & HumanCenteredCalloutProps'.
  Property 'message' does not exist on type 'IntrinsicAttributes & HumanCenteredCalloutProps'.
app/[locale]/dashboard/pilot/page.tsx(89,11): error TS2322: Type '{ variant: "transparency"; message: string; className: string; }' is not assignable to type 'IntrinsicAttributes & HumanCenteredCalloutProps'.
  Property 'message' does not exist on type 'IntrinsicAttributes & HumanCenteredCalloutProps'.
app/[locale]/dashboard/pilot/page.tsx(115,17): error TS2322: Type '{ name: string; status: string; description: any; }' is not assignable to type 'string'.
app/[locale]/dashboard/pilot/page.tsx(118,39): error TS2339: Property 'message' does not exist on type '{ status: "critical" | "excellent" | "good" | "needs-attention"; label: string; description: string; recommendations: string[]; }'.
app/[locale]/dashboard/rewards/leaderboard/page.tsx(134,13): error TS2322: Type '{ userId: unknown; name: {}; avatar: unknown; totalCredits: number; awardsReceived: number; rank: number; }[]' is not assignable to type 'LeaderboardEntry[]'.
  Type '{ userId: unknown; name: {}; avatar: unknown; totalCredits: number; awardsReceived: number; rank: number; }' is not assignable to type 'LeaderboardEntry'.
    Types of property 'userId' are incompatible.
      Type 'unknown' is not assignable to type 'string'.
app/[locale]/dashboard/rewards/leaderboard/page.tsx(135,13): error TS2322: Type '{ userId: unknown; name: {}; avatar: unknown; totalCredits: number; awardsGiven: number; awardsReceived: number; rank: number; }[]' is not assignable to type 'LeaderboardEntry[]'.
  Type '{ userId: unknown; name: {}; avatar: unknown; totalCredits: number; awardsGiven: number; awardsReceived: number; rank: number; }' is not assignable to type 'LeaderboardEntry'.
    Types of property 'userId' are incompatible.
      Type 'unknown' is not assignable to type 'string'.
app/[locale]/dashboard/rewards/leaderboard/page.tsx(144,13): error TS2322: Type '{ userId: unknown; name: {}; avatar: unknown; totalCredits: number; awardsReceived: number; rank: number; }[]' is not assignable to type 'LeaderboardEntry[]'.
  Type '{ userId: unknown; name: {}; avatar: unknown; totalCredits: number; awardsReceived: number; rank: number; }' is not assignable to type 'LeaderboardEntry'.
    Types of property 'userId' are incompatible.
      Type 'unknown' is not assignable to type 'string'.
app/[locale]/dashboard/rewards/leaderboard/page.tsx(145,13): error TS2322: Type '{ userId: unknown; name: {}; avatar: unknown; totalCredits: number; awardsGiven: number; awardsReceived: number; rank: number; }[]' is not assignable to type 'LeaderboardEntry[]'.
  Type '{ userId: unknown; name: {}; avatar: unknown; totalCredits: number; awardsGiven: number; awardsReceived: number; rank: number; }' is not assignable to type 'LeaderboardEntry'.
    Types of property 'userId' are incompatible.
      Type 'unknown' is not assignable to type 'string'.
app/[locale]/dashboard/rewards/leaderboard/page.tsx(154,13): error TS2322: Type '{ userId: unknown; name: {}; avatar: unknown; totalCredits: number; awardsReceived: number; rank: number; }[]' is not assignable to type 'LeaderboardEntry[]'.
  Type '{ userId: unknown; name: {}; avatar: unknown; totalCredits: number; awardsReceived: number; rank: number; }' is not assignable to type 'LeaderboardEntry'.
    Types of property 'userId' are incompatible.
      Type 'unknown' is not assignable to type 'string'.
app/[locale]/dashboard/rewards/leaderboard/page.tsx(155,13): error TS2322: Type '{ userId: unknown; name: {}; avatar: unknown; totalCredits: number; awardsGiven: number; awardsReceived: number; rank: number; }[]' is not assignable to type 'LeaderboardEntry[]'.
  Type '{ userId: unknown; name: {}; avatar: unknown; totalCredits: number; awardsGiven: number; awardsReceived: number; rank: number; }' is not assignable to type 'LeaderboardEntry'.
    Types of property 'userId' are incompatible.
      Type 'unknown' is not assignable to type 'string'.
app/[locale]/dashboard/rewards/page.tsx(125,45): error TS2551: Property 'created_at' does not exist on type '{ orgId: string; userId: string; eventType: "refund" | "earn" | "spend" | "expire" | "revoke" | "adjust"; id: string; createdAt: Date; sourceType: "system" | "award" | "redemption" | "admin_adjustment"; sourceId: string | null; amountCredits: number; balanceAfter: number; memo: string | null; }'. Did you mean 'createdAt'?
app/[locale]/dashboard/rewards/redeem/page.tsx(27,48): error TS2554: Expected 2 arguments, but got 3.
app/[locale]/dashboard/rewards/redeem/page.tsx(55,23): error TS2353: Object literal may only specify known properties, and 'balance' does not exist in type 'Date'.
app/[locale]/dashboard/settings/data-sharing/page.tsx(15,10): error TS2305: Module '"@/db/schema"' has no exported member 'dataAggregationConsent'.
app/[locale]/dashboard/voting/page.tsx(439,47): error TS2345: Argument of type 'string' is not assignable to parameter of type 'SetStateAction<"active" | "upcoming" | "past">'.
app/[locale]/members/page.tsx(48,66): error TS2345: Argument of type 'string' is not assignable to parameter of type 'SetStateAction<"list" | "engagement" | "bulk" | "onboard">'.
app/admin/ab-testing/page.tsx(14,3): error TS2305: Module '"lucide-react"' has no exported member 'Flask'.
app/admin/ab-testing/page.tsx(326,31): error TS18048: 'test.startDate' is possibly 'undefined'.
app/admin/case-studies/[slug]/edit/page.tsx(29,6): error TS2322: Type '{ id: string; slug: string; title: string; organizationId: string | null; organizationType: string; category: "pilot" | "success-story" | "before-after" | "transformation"; summary: string; ... 9 more ...; updatedAt: Date; }' is not assignable to type 'null'.
app/admin/case-studies/[slug]/edit/page.tsx(70,40): error TS2339: Property 'title' does not exist on type 'never'.
app/admin/case-studies/page.tsx(55,21): error TS2345: Argument of type 'SQL<unknown>' is not assignable to parameter of type 'never'.
app/admin/case-studies/page.tsx(55,36): error TS2339: Property 'publishStatus' does not exist on type 'PgTableWithColumns<{ name: "case_studies"; schema: undefined; columns: { id: PgColumn<{ name: "id"; tableName: "case_studies"; dataType: "string"; columnType: "PgUUID"; data: string; driverParam: string; notNull: true; hasDefault: true; ... 6 more ...; generated: undefined; }, {}, {}>; ... 15 more ...; updatedAt: Pg...'.
app/admin/case-studies/page.tsx(58,21): error TS2769: No overload matches this call.
  Overload 1 of 3, '(left: PgColumn<{ name: "category"; tableName: "case_studies"; dataType: "string"; columnType: "PgEnumColumn"; data: "pilot" | "success-story" | "before-after" | "transformation"; driverParam: string; ... 8 more ...; generated: undefined; }, {}, {}>, right: SQLWrapper | ... 3 more ... | "transformation"): SQL<...>', gave the following error.
    Argument of type 'string' is not assignable to parameter of type 'SQLWrapper | "pilot" | "success-story" | "before-after" | "transformation"'.
  Overload 2 of 3, '(left: Aliased<string>, right: string | SQLWrapper): SQL<unknown>', gave the following error.
    Argument of type 'PgColumn<{ name: "category"; tableName: "case_studies"; dataType: "string"; columnType: "PgEnumColumn"; data: "pilot" | "success-story" | "before-after" | "transformation"; driverParam: string; ... 8 more ...; generated: undefined; }, {}, {}>' is not assignable to parameter of type 'Aliased<string>'.
      Type 'PgColumn<{ name: "category"; tableName: "case_studies"; dataType: "string"; columnType: "PgEnumColumn"; data: "pilot" | "success-story" | "before-after" | "transformation"; driverParam: string; ... 8 more ...; generated: undefined; }, {}, {}>' is missing the following properties from type 'Aliased<string>': sql, fieldAlias
  Overload 3 of 3, '(left: never, right: unknown): SQL<unknown>', gave the following error.
    Argument of type 'PgColumn<{ name: "category"; tableName: "case_studies"; dataType: "string"; columnType: "PgEnumColumn"; data: "pilot" | "success-story" | "before-after" | "transformation"; driverParam: string; ... 8 more ...; generated: undefined; }, {}, {}>' is not assignable to parameter of type 'never'.
app/admin/case-studies/page.tsx(58,21): error TS2345: Argument of type 'SQL<unknown>' is not assignable to parameter of type 'never'.
app/admin/case-studies/page.tsx(62,7): error TS2345: Argument of type 'SQL<unknown> | undefined' is not assignable to parameter of type 'never'.
  Type 'undefined' is not assignable to type 'never'.
app/admin/case-studies/page.tsx(64,26): error TS2551: Property 'organizationName' does not exist on type 'PgTableWithColumns<{ name: "case_studies"; schema: undefined; columns: { id: PgColumn<{ name: "id"; tableName: "case_studies"; dataType: "string"; columnType: "PgUUID"; data: string; driverParam: string; notNull: true; hasDefault: true; ... 6 more ...; generated: undefined; }, {}, {}>; ... 15 more ...; updatedAt: Pg...'. Did you mean 'organizationId'?
app/admin/case-studies/page.tsx(80,40): error TS2339: Property 'publishStatus' does not exist on type '{ id: string; slug: string; title: string; organizationId: string | null; organizationType: string; category: "pilot" | "success-story" | "before-after" | "transformation"; summary: string; ... 9 more ...; updatedAt: Date; }'.
app/admin/case-studies/page.tsx(81,36): error TS2339: Property 'publishStatus' does not exist on type '{ id: string; slug: string; title: string; organizationId: string | null; organizationType: string; category: "pilot" | "success-story" | "before-after" | "transformation"; summary: string; ... 9 more ...; updatedAt: Date; }'.
app/admin/case-studies/page.tsx(82,39): error TS2339: Property 'publishStatus' does not exist on type '{ id: string; slug: string; title: string; organizationId: string | null; organizationType: string; category: "pilot" | "success-story" | "before-after" | "transformation"; summary: string; ... 9 more ...; updatedAt: Date; }'.
app/admin/case-studies/page.tsx(195,37): error TS2551: Property 'organizationName' does not exist on type '{ id: string; slug: string; title: string; organizationId: string | null; organizationType: string; category: "pilot" | "success-story" | "before-after" | "transformation"; summary: string; ... 9 more ...; updatedAt: Date; }'. Did you mean 'organizationId'?
app/admin/case-studies/page.tsx(204,31): error TS2339: Property 'publishStatus' does not exist on type '{ id: string; slug: string; title: string; organizationId: string | null; organizationType: string; category: "pilot" | "success-story" | "before-after" | "transformation"; summary: string; ... 9 more ...; updatedAt: Date; }'.
app/admin/case-studies/page.tsx(206,35): error TS2339: Property 'publishStatus' does not exist on type '{ id: string; slug: string; title: string; organizationId: string | null; organizationType: string; category: "pilot" | "success-story" | "before-after" | "transformation"; summary: string; ... 9 more ...; updatedAt: Date; }'.
app/admin/case-studies/page.tsx(211,30): error TS2339: Property 'publishStatus' does not exist on type '{ id: string; slug: string; title: string; organizationId: string | null; organizationType: string; category: "pilot" | "success-story" | "before-after" | "transformation"; summary: string; ... 9 more ...; updatedAt: Date; }'.
app/admin/page.tsx(62,42): error TS2339: Property 'admin' does not exist on type 'ApiClient'.
app/admin/pilot-applications/page.tsx(49,26): error TS2769: No overload matches this call.
  Overload 1 of 3, '(left: PgColumn<{ name: "status"; tableName: "pilot_applications"; dataType: "string"; columnType: "PgEnumColumn"; data: "active" | "submitted" | "completed" | "approved" | "declined" | "review"; ... 9 more ...; generated: undefined; }, {}, {}>, right: "active" | ... 5 more ... | "review"): SQL<...>', gave the following error.
    Argument of type '"active" | "rejected" | "pending" | "completed" | "approved"' is not assignable to parameter of type '"active" | SQLWrapper | "submitted" | "completed" | "approved" | "declined" | "review"'.
      Type '"rejected"' is not assignable to type '"active" | SQLWrapper | "submitted" | "completed" | "approved" | "declined" | "review"'.
  Overload 2 of 3, '(left: Aliased<"active" | "rejected" | "pending" | "completed" | "approved">, right: "active" | SQLWrapper | "rejected" | "pending" | "completed" | "approved"): SQL<...>', gave the following error.
    Argument of type 'PgColumn<{ name: "status"; tableName: "pilot_applications"; dataType: "string"; columnType: "PgEnumColumn"; data: "active" | "submitted" | "completed" | "approved" | "declined" | "review"; ... 9 more ...; generated: undefined; }, {}, {}>' is not assignable to parameter of type 'Aliased<"active" | "rejected" | "pending" | "completed" | "approved">'.
      Type 'PgColumn<{ name: "status"; tableName: "pilot_applications"; dataType: "string"; columnType: "PgEnumColumn"; data: "active" | "submitted" | "completed" | "approved" | "declined" | "review"; ... 9 more ...; generated: undefined; }, {}, {}>' is missing the following properties from type 'Aliased<"active" | "rejected" | "pending" | "completed" | "approved">': sql, fieldAlias
  Overload 3 of 3, '(left: never, right: unknown): SQL<unknown>', gave the following error.
    Argument of type 'PgColumn<{ name: "status"; tableName: "pilot_applications"; dataType: "string"; columnType: "PgEnumColumn"; data: "active" | "submitted" | "completed" | "approved" | "declined" | "review"; ... 9 more ...; generated: undefined; }, {}, {}>' is not assignable to parameter of type 'never'.
app/admin/pilot-applications/page.tsx(62,41): error TS2367: This comparison appears to be unintentional because the types '"active" | "submitted" | "completed" | "approved" | "declined" | "review"' and '"pending"' have no overlap.
app/admin/pilot-applications/page.tsx(66,42): error TS2367: This comparison appears to be unintentional because the types '"active" | "submitted" | "completed" | "approved" | "declined" | "review"' and '"rejected"' have no overlap.
app/admin/pilot-applications/page.tsx(73,43): error TS2365: Operator '+' cannot be applied to types 'number' and 'string | number'.
app/admin/pilot-applications/page.tsx(189,40): error TS2339: Property 'readinessLevel' does not exist on type '{ id: string; organizationName: string; organizationType: string; contactName: string; contactEmail: string; contactPhone: string | null; memberCount: number; jurisdictions: string[]; sectors: string[]; ... 9 more ...; notes: string | null; }'.
app/admin/pilot-applications/page.tsx(191,44): error TS2339: Property 'readinessLevel' does not exist on type '{ id: string; organizationName: string; organizationType: string; contactName: string; contactEmail: string; contactPhone: string | null; memberCount: number; jurisdictions: string[]; sectors: string[]; ... 9 more ...; notes: string | null; }'.
app/admin/pilot-applications/page.tsx(196,38): error TS2339: Property 'readinessLevel' does not exist on type '{ id: string; organizationName: string; organizationType: string; contactName: string; contactEmail: string; contactPhone: string | null; memberCount: number; jurisdictions: string[]; sectors: string[]; ... 9 more ...; notes: string | null; }'.
app/admin/pilot-applications/page.tsx(206,29): error TS2367: This comparison appears to be unintentional because the types '"submitted" | "completed" | "declined" | "review"' and '"pending"' have no overlap.
app/admin/pilot-applications/page.tsx(220,46): error TS2322: Type '{ id: string; organizationName: string; organizationType: string; contactName: string; contactEmail: string; contactPhone: string | null; memberCount: number; jurisdictions: string[]; sectors: string[]; ... 9 more ...; notes: string | null; }' is not assignable to type 'PilotApplication'.
  Types of property 'organizationType' are incompatible.
    Type 'string' is not assignable to type '"local" | "national" | "regional"'.
app/admin/reports/page.tsx(15,3): error TS2724: '"@/db/schema"' has no exported member named 'pilotApplications'. Did you mean 'jobApplications'?
app/admin/reports/page.tsx(16,3): error TS2305: Module '"@/db/schema"' has no exported member 'pilotMetrics'.
app/admin/reports/page.tsx(17,3): error TS2305: Module '"@/db/schema"' has no exported member 'caseStudies'.
app/admin/reports/page.tsx(18,3): error TS2305: Module '"@/db/schema"' has no exported member 'testimonials'.
app/admin/reports/page.tsx(19,3): error TS2305: Module '"@/db/schema"' has no exported member 'dataAggregationConsent'.
app/admin/testimonials/page.tsx(51,23): error TS2339: Property 'status' does not exist on type 'PgTableWithColumns<{ name: "testimonials"; schema: undefined; columns: { id: PgColumn<{ name: "id"; tableName: "testimonials"; dataType: "string"; columnType: "PgUUID"; data: string; driverParam: string; notNull: true; hasDefault: true; ... 6 more ...; generated: undefined; }, {}, {}>; ... 10 more ...; approvedAt: P...'.
app/admin/testimonials/page.tsx(59,32): error TS2339: Property 'submittedAt' does not exist on type 'PgTableWithColumns<{ name: "testimonials"; schema: undefined; columns: { id: PgColumn<{ name: "id"; tableName: "testimonials"; dataType: "string"; columnType: "PgUUID"; data: string; driverParam: string; notNull: true; hasDefault: true; ... 6 more ...; generated: undefined; }, {}, {}>; ... 10 more ...; approvedAt: P...'.
app/admin/testimonials/page.tsx(65,46): error TS2339: Property 'status' does not exist on type '{ id: string; type: "member" | "executive" | "organizer" | "partner"; quote: string; author: string; role: string; organization: string | null; organizationType: string | null; photo: string | null; featured: boolean; visibility: string; createdAt: Date; approvedAt: Date | null; }'.
app/admin/testimonials/page.tsx(66,47): error TS2339: Property 'status' does not exist on type '{ id: string; type: "member" | "executive" | "organizer" | "partner"; quote: string; author: string; role: string; organization: string | null; organizationType: string | null; photo: string | null; featured: boolean; visibility: string; createdAt: Date; approvedAt: Date | null; }'.
app/admin/testimonials/page.tsx(67,47): error TS2339: Property 'status' does not exist on type '{ id: string; type: "member" | "executive" | "organizer" | "partner"; quote: string; author: string; role: string; organization: string | null; organizationType: string | null; photo: string | null; featured: boolean; visibility: string; createdAt: Date; approvedAt: Date | null; }'.
app/admin/testimonials/page.tsx(68,47): error TS2551: Property 'isFeatured' does not exist on type '{ id: string; type: "member" | "executive" | "organizer" | "partner"; quote: string; author: string; role: string; organization: string | null; organizationType: string | null; photo: string | null; featured: boolean; visibility: string; createdAt: Date; approvedAt: Date | null; }'. Did you mean 'featured'?
app/admin/testimonials/page.tsx(145,34): error TS2339: Property 'submitterName' does not exist on type '{ id: string; type: "member" | "executive" | "organizer" | "partner"; quote: string; author: string; role: string; organization: string | null; organizationType: string | null; photo: string | null; featured: boolean; visibility: string; createdAt: Date; approvedAt: Date | null; }'.
app/admin/testimonials/page.tsx(147,43): error TS2551: Property 'organizationName' does not exist on type '{ id: string; type: "member" | "executive" | "organizer" | "partner"; quote: string; author: string; role: string; organization: string | null; organizationType: string | null; photo: string | null; featured: boolean; visibility: string; createdAt: Date; approvedAt: Date | null; }'. Did you mean 'organization'?
app/admin/testimonials/page.tsx(157,37): error TS2339: Property 'status' does not exist on type '{ id: string; type: "member" | "executive" | "organizer" | "partner"; quote: string; author: string; role: string; organization: string | null; organizationType: string | null; photo: string | null; featured: boolean; visibility: string; createdAt: Date; approvedAt: Date | null; }'.
app/admin/testimonials/page.tsx(159,41): error TS2339: Property 'status' does not exist on type '{ id: string; type: "member" | "executive" | "organizer" | "partner"; quote: string; author: string; role: string; organization: string | null; organizationType: string | null; photo: string | null; featured: boolean; visibility: string; createdAt: Date; approvedAt: Date | null; }'.
app/admin/testimonials/page.tsx(164,36): error TS2339: Property 'status' does not exist on type '{ id: string; type: "member" | "executive" | "organizer" | "partner"; quote: string; author: string; role: string; organization: string | null; organizationType: string | null; photo: string | null; featured: boolean; visibility: string; createdAt: Date; approvedAt: Date | null; }'.
app/admin/testimonials/page.tsx(168,34): error TS2551: Property 'isFeatured' does not exist on type '{ id: string; type: "member" | "executive" | "organizer" | "partner"; quote: string; author: string; role: string; organization: string | null; organizationType: string | null; photo: string | null; featured: boolean; visibility: string; createdAt: Date; approvedAt: Date | null; }'. Did you mean 'featured'?
app/admin/testimonials/page.tsx(173,50): error TS2339: Property 'submittedAt' does not exist on type '{ id: string; type: "member" | "executive" | "organizer" | "partner"; quote: string; author: string; role: string; organization: string | null; organizationType: string | null; photo: string | null; featured: boolean; visibility: string; createdAt: Date; approvedAt: Date | null; }'.
app/admin/testimonials/page.tsx(176,49): error TS2322: Type '{ id: string; type: "member" | "executive" | "organizer" | "partner"; quote: string; author: string; role: string; organization: string | null; organizationType: string | null; photo: string | null; featured: boolean; visibility: string; createdAt: Date; approvedAt: Date | null; }' is not assignable to type 'Testimonial'.
  Types of property 'organization' are incompatible.
    Type 'string | null' is not assignable to type 'string | undefined'.
      Type 'null' is not assignable to type 'string | undefined'.
app/api/v2/admin/dues/send-reminders/route.ts(22,46): error TS2322: Type 'Promise<Record<string, string>>' is not assignable to type 'Record<string, unknown>'.
  Index signature for type 'string' is missing in type 'Promise<Record<string, string>>'.
app/api/v2/documents/upload/route.ts(64,46): error TS2322: Type 'Promise<Record<string, string>>' is not assignable to type 'Record<string, unknown>'.
  Index signature for type 'string' is missing in type 'Promise<Record<string, string>>'.
app/api/v2/emergency/activate/route.ts(28,46): error TS2322: Type 'Promise<Record<string, string>>' is not assignable to type 'Record<string, unknown>'.
  Index signature for type 'string' is missing in type 'Promise<Record<string, string>>'.
app/api/v2/gdpr/data-export/route.ts(31,45): error TS2322: Type 'Promise<Record<string, string>>' is not assignable to type 'Record<string, unknown>'.
  Index signature for type 'string' is missing in type 'Promise<Record<string, string>>'.
app/api/v2/gdpr/data-export/route.ts(46,46): error TS2322: Type 'Promise<Record<string, string>>' is not assignable to type 'Record<string, unknown>'.
  Index signature for type 'string' is missing in type 'Promise<Record<string, string>>'.
app/api/v2/reports/execute/route.ts(27,46): error TS2322: Type 'Promise<Record<string, string>>' is not assignable to type 'Record<string, unknown>'.
  Index signature for type 'string' is missing in type 'Promise<Record<string, string>>'.
app/api/v2/rewards/redemptions/route.ts(23,45): error TS2322: Type 'Promise<Record<string, string>>' is not assignable to type 'Record<string, unknown>'.
  Index signature for type 'string' is missing in type 'Promise<Record<string, string>>'.
app/api/v2/rewards/redemptions/route.ts(38,46): error TS2322: Type 'Promise<Record<string, string>>' is not assignable to type 'Record<string, unknown>'.
  Index signature for type 'string' is missing in type 'Promise<Record<string, string>>'.
app/api/v2/social-media/posts/route.ts(34,45): error TS2322: Type 'Promise<Record<string, string>>' is not assignable to type 'Record<string, unknown>'.
  Index signature for type 'string' is missing in type 'Promise<Record<string, string>>'.
app/api/v2/social-media/posts/route.ts(50,46): error TS2322: Type 'Promise<Record<string, string>>' is not assignable to type 'Record<string, unknown>'.
  Index signature for type 'string' is missing in type 'Promise<Record<string, string>>'.
app/api/v2/social-media/posts/route.ts(66,48): error TS2322: Type 'Promise<Record<string, string>>' is not assignable to type 'Record<string, unknown>'.
  Index signature for type 'string' is missing in type 'Promise<Record<string, string>>'.
app/cases/[id]/edit/page.tsx(63,26): error TS2304: Cannot find name 'api'.
app/cases/[id]/edit/page.tsx(94,13): error TS2304: Cannot find name 'api'.
app/cases/[id]/page.tsx(79,13): error TS2339: Property 'cases' does not exist on type 'ApiClient'.
app/cases/[id]/page.tsx(80,13): error TS2339: Property 'cases' does not exist on type 'ApiClient'.
app/cases/[id]/page.tsx(81,13): error TS2339: Property 'cases' does not exist on type 'ApiClient'.
app/cases/[id]/page.tsx(98,17): error TS2339: Property 'cases' does not exist on type 'ApiClient'.
app/cases/[id]/page.tsx(101,38): error TS2339: Property 'cases' does not exist on type 'ApiClient'.
app/cases/new/page.tsx(61,17): error TS2339: Property 'cases' does not exist on type 'ApiClient'.
app/cases/page.tsx(75,30): error TS2339: Property 'cases' does not exist on type 'ApiClient'.
app/dashboard/bargaining/page.tsx(32,29): error TS2322: Type 'string | null' is not assignable to type 'string'.
  Type 'null' is not assignable to type 'string'.
app/dashboard/financial/expenses/page.tsx(20,27): error TS2352: Conversion of type 'AuthUser' to type 'Record<string, unknown>' may be a mistake because neither type sufficiently overlaps with the other. If this was intentional, convert the expression to 'unknown' first.
  Index signature for type 'string' is missing in type 'AuthUser'.
app/dashboard/financial/expenses/page.tsx(21,22): error TS2352: Conversion of type 'AuthUser' to type 'Record<string, unknown>' may be a mistake because neither type sufficiently overlaps with the other. If this was intentional, convert the expression to 'unknown' first.
  Index signature for type 'string' is missing in type 'AuthUser'.
app/dashboard/financial/vendors/page.tsx(19,22): error TS2352: Conversion of type 'AuthUser' to type 'Record<string, unknown>' may be a mistake because neither type sufficiently overlaps with the other. If this was intentional, convert the expression to 'unknown' first.
  Index signature for type 'string' is missing in type 'AuthUser'.
app/dashboard/financial/vendors/page.tsx(33,27): error TS2352: Conversion of type 'AuthUser' to type 'Record<string, unknown>' may be a mistake because neither type sufficiently overlaps with the other. If this was intentional, convert the expression to 'unknown' first.
  Index signature for type 'string' is missing in type 'AuthUser'.
app/dashboard/page.tsx(61,13): error TS2339: Property 'dashboard' does not exist on type 'ApiClient'.
app/dashboard/page.tsx(62,13): error TS2339: Property 'dashboard' does not exist on type 'ApiClient'.
app/docs/api/page.tsx(29,11): error TS2769: No overload matches this call.
  Overload 1 of 2, '(props: SwaggerUIProps): string | number | bigint | boolean | ReactElement<unknown, string | JSXElementConstructor<any>> | ... 4 more ... | undefined', gave the following error.
    Type '{ url: string; docExpansion: "list"; defaultModelsExpandDepth: number; defaultModelExpandDepth: number; displayOperationId: true; filter: true; showRequestHeaders: boolean; tryItOutEnabled: true; }' is not assignable to type 'IntrinsicAttributes & SwaggerUIProps'.
      Property 'showRequestHeaders' does not exist on type 'IntrinsicAttributes & SwaggerUIProps'.
  Overload 2 of 2, '(props: SwaggerUIProps, context?: any): string | number | bigint | boolean | ReactElement<unknown, string | JSXElementConstructor<any>> | ... 4 more ... | undefined', gave the following error.
    Type '{ url: string; docExpansion: "list"; defaultModelsExpandDepth: number; defaultModelExpandDepth: number; displayOperationId: true; filter: true; showRequestHeaders: boolean; tryItOutEnabled: true; }' is not assignable to type 'IntrinsicAttributes & SwaggerUIProps'.
      Property 'showRequestHeaders' does not exist on type 'IntrinsicAttributes & SwaggerUIProps'.
app/dues/arrears/page.tsx(64,30): error TS2339: Property 'dues' does not exist on type 'ApiClient'.
app/dues/arrears/page.tsx(78,17): error TS2339: Property 'dues' does not exist on type 'ApiClient'.
app/dues/arrears/page.tsx(100,17): error TS2339: Property 'dues' does not exist on type 'ApiClient'.
app/dues/page.tsx(65,13): error TS2339: Property 'dues' does not exist on type 'ApiClient'.
app/dues/page.tsx(66,13): error TS2339: Property 'dues' does not exist on type 'ApiClient'.
app/dues/payment-plans/new/page.tsx(67,26): error TS2304: Cannot find name 'api'.
app/dues/payment-plans/new/page.tsx(108,13): error TS2304: Cannot find name 'api'.
app/dues/payment-plans/page.tsx(51,30): error TS2339: Property 'dues' does not exist on type 'ApiClient'.
app/dues/reconcile/page.tsx(59,30): error TS2339: Property 'dues' does not exist on type 'ApiClient'.
app/dues/reconcile/page.tsx(71,17): error TS2339: Property 'dues' does not exist on type 'ApiClient'.
app/dues/reconcile/page.tsx(82,17): error TS2339: Property 'dues' does not exist on type 'ApiClient'.
app/dues/reconcile/page.tsx(94,32): error TS2339: Property 'dues' does not exist on type 'ApiClient'.
app/dues/upload/page.tsx(72,32): error TS2339: Property 'dues' does not exist on type 'ApiClient'.
app/elections/[id]/page.tsx(72,30): error TS2339: Property 'elections' does not exist on type 'ApiClient'.
app/elections/[id]/page.tsx(108,17): error TS2339: Property 'elections' does not exist on type 'ApiClient'.
app/elections/page.tsx(65,30): error TS2339: Property 'elections' does not exist on type 'ApiClient'.
app/members/[id]/edit/page.tsx(1,1): error TS2304: Cannot find name 'ing'.
app/members/[id]/edit/page.tsx(72,30): error TS2339: Property 'members' does not exist on type 'ApiClient'.
app/members/[id]/edit/page.tsx(106,17): error TS2339: Property 'members' does not exist on type 'ApiClient'.
app/members/[id]/page.tsx(47,30): error TS2339: Property 'members' does not exist on type 'ApiClient'.
app/members/import/page.tsx(48,32): error TS2339: Property 'members' does not exist on type 'ApiClient'.
app/members/new/page.tsx(105,17): error TS2339: Property 'members' does not exist on type 'ApiClient'.
app/members/page.tsx(61,32): error TS2339: Property 'members' does not exist on type 'ApiClient'.
app/members/page.tsx(79,32): error TS2339: Property 'members' does not exist on type 'ApiClient'.
app/members/segments/page.tsx(82,30): error TS2339: Property 'memberSegments' does not exist on type 'ApiClient'.
app/members/segments/page.tsx(115,32): error TS2339: Property 'memberSegments' does not exist on type 'ApiClient'.
app/members/segments/page.tsx(124,17): error TS2339: Property 'memberSegments' does not exist on type 'ApiClient'.
app/members/segments/page.tsx(138,17): error TS2339: Property 'memberSegments' does not exist on type 'ApiClient'.
app/strike-fund/applications/new/page.tsx(70,17): error TS2339: Property 'strikeFund' does not exist on type 'ApiClient'.
app/strike-fund/page.tsx(64,13): error TS2339: Property 'strikeFund' does not exist on type 'ApiClient'.
app/strike-fund/page.tsx(65,13): error TS2339: Property 'strikeFund' does not exist on type 'ApiClient'.
components/accessibility/accessibility-dashboard.tsx(495,28): error TS18046: 'complianceReport.summary' is of type 'unknown'.
components/accessibility/accessibility-dashboard.tsx(505,28): error TS18046: 'complianceReport.summary' is of type 'unknown'.
components/accessibility/accessibility-dashboard.tsx(515,28): error TS18046: 'complianceReport.summary' is of type 'unknown'.
components/accessibility/accessibility-dashboard.tsx(521,20): error TS18046: 'complianceReport.recommendations' is of type 'unknown'.
components/accessibility/accessibility-dashboard.tsx(528,28): error TS18046: 'complianceReport.recommendations' is of type 'unknown'.
components/admin/case-study-editor-form.tsx(50,34): error TS2551: Property 'organizationName' does not exist on type 'CaseStudy'. Did you mean 'organizationId'?
components/admin/case-study-editor-form.tsx(52,24): error TS2339: Property 'sector' does not exist on type 'CaseStudy'.
components/admin/case-study-editor-form.tsx(53,30): error TS2339: Property 'jurisdiction' does not exist on type 'CaseStudy'.
components/admin/case-study-editor-form.tsx(58,25): error TS2339: Property 'results' does not exist on type 'CaseStudy'.
components/admin/case-study-editor-form.tsx(59,31): error TS2339: Property 'publishStatus' does not exist on type 'CaseStudy'.
components/admin/case-study-editor-form.tsx(60,31): error TS2339: Property 'featuredImage' does not exist on type 'CaseStudy'.
components/admin/clc-remittances-dashboard.tsx(182,23): error TS2345: Argument of type '{ month: string; amount: number; count: number; }' is not assignable to parameter of type 'never'.
components/admin/FeatureFlagsAdmin.tsx(231,42): error TS2339: Property 'allowedOrganizations' does not exist on type 'FeatureFlag'.
components/admin/JobClassificationManagement.tsx(276,5): error TS2322: Type 'Resolver<{ organizationId: string; jobTitle: string; jobCode: string; description?: string | undefined; createdBy?: string | undefined; effectiveDate?: string | undefined; isActive?: boolean | undefined; ... 7 more ...; expiryDate?: string | undefined; }, any, { ...; }>' is not assignable to type 'Resolver<Record<string, unknown>, any, Record<string, unknown>>'.
  Types of parameters 'values' and 'values' are incompatible.
    Type 'Record<string, unknown>' is missing the following properties from type '{ organizationId: string; jobTitle: string; jobCode: string; description?: string | undefined; createdBy?: string | undefined; effectiveDate?: string | undefined; isActive?: boolean | undefined; ... 7 more ...; expiryDate?: string | undefined; }': organizationId, jobTitle, jobCode
components/admin/JobClassificationManagement.tsx(357,22): error TS2322: Type '{ placeholder: string; onChange: (...event: any[]) => void; onBlur: Noop; value: unknown; disabled?: boolean | undefined; name: "jobTitle"; ref: RefCallBack; }' is not assignable to type 'InputProps'.
  Types of property 'value' are incompatible.
    Type 'unknown' is not assignable to type 'string | number | readonly string[] | undefined'.
components/admin/JobClassificationManagement.tsx(371,22): error TS2322: Type '{ placeholder: string; onChange: (...event: any[]) => void; onBlur: Noop; value: unknown; disabled?: boolean | undefined; name: "jobCode"; ref: RefCallBack; }' is not assignable to type 'InputProps'.
  Types of property 'value' are incompatible.
    Type 'unknown' is not assignable to type 'string | number | readonly string[] | undefined'.
components/admin/JobClassificationManagement.tsx(386,22): error TS2322: Type '{ placeholder: string; rows: number; onChange: (...event: any[]) => void; onBlur: Noop; value: unknown; disabled?: boolean | undefined; name: "description"; ref: RefCallBack; }' is not assignable to type 'TextareaProps'.
  Types of property 'value' are incompatible.
    Type 'unknown' is not assignable to type 'string | number | readonly string[] | undefined'.
components/admin/JobClassificationManagement.tsx(400,22): error TS2322: Type '{ placeholder: string; readOnly: boolean; onChange: (...event: any[]) => void; onBlur: Noop; value: unknown; disabled?: boolean | undefined; name: "bargainingUnitId"; ref: RefCallBack; }' is not assignable to type 'InputProps'.
  Types of property 'value' are incompatible.
    Type 'unknown' is not assignable to type 'string | number | readonly string[] | undefined'.
components/admin/JobClassificationManagement.tsx(415,24): error TS2322: Type '{ type: "number"; step: string; placeholder: string; onChange: (e: ChangeEvent<HTMLInputElement, HTMLInputElement>) => void; onBlur: Noop; value: unknown; disabled?: boolean | undefined; name: "minimumRate"; ref: RefCallBack; }' is not assignable to type 'InputProps'.
  Types of property 'value' are incompatible.
    Type 'unknown' is not assignable to type 'string | number | readonly string[] | undefined'.
components/admin/JobClassificationManagement.tsx(435,24): error TS2322: Type '{ type: "number"; step: string; placeholder: string; onChange: (e: ChangeEvent<HTMLInputElement, HTMLInputElement>) => void; onBlur: Noop; value: unknown; disabled?: boolean | undefined; name: "standardRate"; ref: RefCallBack; }' is not assignable to type 'InputProps'.
  Types of property 'value' are incompatible.
    Type 'unknown' is not assignable to type 'string | number | readonly string[] | undefined'.
components/admin/JobClassificationManagement.tsx(455,24): error TS2322: Type '{ type: "number"; step: string; placeholder: string; onChange: (e: ChangeEvent<HTMLInputElement, HTMLInputElement>) => void; onBlur: Noop; value: unknown; disabled?: boolean | undefined; name: "maximumRate"; ref: RefCallBack; }' is not assignable to type 'InputProps'.
  Types of property 'value' are incompatible.
    Type 'unknown' is not assignable to type 'string | number | readonly string[] | undefined'.
components/admin/JobClassificationManagement.tsx(477,24): error TS2322: Type '{ type: "date"; onChange: (...event: any[]) => void; onBlur: Noop; value: unknown; disabled?: boolean | undefined; name: "effectiveDate"; ref: RefCallBack; }' is not assignable to type 'InputProps'.
  Types of property 'value' are incompatible.
    Type 'unknown' is not assignable to type 'string | number | readonly string[] | undefined'.
components/admin/JobClassificationManagement.tsx(491,24): error TS2322: Type '{ type: "date"; onChange: (...event: any[]) => void; onBlur: Noop; value: unknown; disabled?: boolean | undefined; name: "expiryDate"; ref: RefCallBack; }' is not assignable to type 'InputProps'.
  Types of property 'value' are incompatible.
    Type 'unknown' is not assignable to type 'string | number | readonly string[] | undefined'.
components/admin/JobClassificationManagement.tsx(506,31): error TS2322: Type 'unknown' is not assignable to type 'CheckedState | undefined'.
components/admin/pilot-application-actions.tsx(142,57): error TS2339: Property 'readinessLevel' does not exist on type 'PilotApplication'.
components/admin/pilot-application-actions.tsx(149,51): error TS2339: Property 'currentChallenges' does not exist on type 'PilotApplication'.
components/admin/pilot-application-actions.tsx(159,26): error TS2339: Property 'readinessAssessment' does not exist on type 'PilotApplication'.
components/admin/pilot-application-actions.tsx(165,35): error TS2339: Property 'readinessAssessment' does not exist on type 'PilotApplication'.
components/admin/pilot-application-actions.tsx(169,35): error TS2339: Property 'readinessAssessment' does not exist on type 'PilotApplication'.
components/admin/pilot-application-actions.tsx(176,26): error TS2339: Property 'reviewNotes' does not exist on type 'PilotApplication'.
components/admin/pilot-application-actions.tsx(179,53): error TS2339: Property 'reviewNotes' does not exist on type 'PilotApplication'.
components/admin/pilot-application-actions.tsx(193,8): error TS2367: This comparison appears to be unintentional because the types 'PilotStatus' and '"pending"' have no overlap.
components/admin/testimonial-approval-actions.tsx(107,36): error TS2551: Property 'isFeatured' does not exist on type 'Testimonial'. Did you mean 'featured'?
components/admin/testimonial-approval-actions.tsx(132,20): error TS2339: Property 'status' does not exist on type 'Testimonial'.
components/admin/testimonial-approval-actions.tsx(200,20): error TS2339: Property 'status' does not exist on type 'Testimonial'.
components/admin/testimonial-approval-actions.tsx(206,30): error TS2551: Property 'isFeatured' does not exist on type 'Testimonial'. Did you mean 'featured'?
components/admin/testimonial-approval-actions.tsx(213,29): error TS2551: Property 'isFeatured' does not exist on type 'Testimonial'. Did you mean 'featured'?
components/automation/alert-management-dashboard.tsx(746,63): error TS18047: 'category' is possibly 'null'.
components/dashboard/signals-widget.tsx(25,27): error TS2305: Module '"@/lib/hooks/use-feature-flags"' has no exported member 'getFeatureConfig'.
components/federation/AffiliateCard.tsx(160,15): error TS2322: Type '"warning" | "success" | "destructive" | "outline"' is not assignable to type '"default" | "success" | "secondary" | "destructive" | "outline" | null | undefined'.
  Type '"warning"' is not assignable to type '"default" | "success" | "secondary" | "destructive" | "outline" | null | undefined'.
components/federation/AffiliateListTable.tsx(187,18): error TS2322: Type '"warning"' is not assignable to type '"default" | "success" | "secondary" | "destructive" | "outline" | null | undefined'.
components/federation/FederationCampaignTracker.tsx(151,23): error TS2322: Type '"warning"' is not assignable to type '"default" | "success" | "secondary" | "destructive" | "outline" | null | undefined'.
components/federation/FederationRemittanceDashboard.tsx(363,20): error TS2322: Type '"warning" | "success"' is not assignable to type '"default" | "success" | "secondary" | "destructive" | "outline" | null | undefined'.
  Type '"warning"' is not assignable to type '"default" | "success" | "secondary" | "destructive" | "outline" | null | undefined'.
components/federation/RemittanceComplianceWidget.tsx(158,18): error TS2322: Type '"warning"' is not assignable to type '"default" | "success" | "secondary" | "destructive" | "outline" | null | undefined'.
components/federation/RemittanceComplianceWidget.tsx(178,23): error TS2322: Type '"warning"' is not assignable to type '"default" | "success" | "secondary" | "destructive" | "outline" | null | undefined'.
components/federation/RemittanceHistoryTable.tsx(174,23): error TS2322: Type '"warning"' is not assignable to type '"default" | "success" | "secondary" | "destructive" | "outline" | null | undefined'.
components/health-safety/HazardReportForm.tsx(78,5): error TS2322: Type 'Resolver<{ description: string; priority: "low" | "medium" | "high" | "critical"; location: string; hazardType: string; potentialConsequences: string; isAnonymous?: boolean | undefined; recommendedAction?: string | undefined; reporterContact?: string | undefined; reporterName?: string | undefined; }, any, { ...; }>' is not assignable to type 'Resolver<{ description: string; isAnonymous: boolean; priority: "low" | "medium" | "high" | "critical"; location: string; hazardType: string; potentialConsequences: string; recommendedAction?: string | undefined; reporterContact?: string | undefined; reporterName?: string | undefined; }, any, { ...; }>'.
  Types of parameters 'options' and 'options' are incompatible.
    Type 'ResolverOptions<{ description: string; isAnonymous: boolean; priority: "low" | "medium" | "high" | "critical"; location: string; hazardType: string; potentialConsequences: string; recommendedAction?: string | undefined; reporterContact?: string | undefined; reporterName?: string | undefined; }>' is not assignable to type 'ResolverOptions<{ description: string; priority: "low" | "medium" | "high" | "critical"; location: string; hazardType: string; potentialConsequences: string; isAnonymous?: boolean | undefined; recommendedAction?: string | undefined; reporterContact?: string | undefined; reporterName?: string | undefined; }>'.
      Type 'boolean | undefined' is not assignable to type 'boolean'.
        Type 'undefined' is not assignable to type 'boolean'.
components/health-safety/HazardReportForm.tsx(170,39): error TS2345: Argument of type '(data: { description: string; isAnonymous: boolean; priority: "low" | "medium" | "high" | "critical"; location: string; hazardType: string; potentialConsequences: string; recommendedAction?: string | undefined; reporterContact?: string | undefined; reporterName?: string | undefined; }) => Promise<...>' is not assignable to parameter of type 'SubmitHandler<TFieldValues>'.
  Types of parameters 'data' and 'data' are incompatible.
    Type 'TFieldValues' is not assignable to type '{ description: string; isAnonymous: boolean; priority: "low" | "medium" | "high" | "critical"; location: string; hazardType: string; potentialConsequences: string; recommendedAction?: string | undefined; reporterContact?: string | undefined; reporterName?: string | undefined; }'.
      Type 'FieldValues' is missing the following properties from type '{ description: string; isAnonymous: boolean; priority: "low" | "medium" | "high" | "critical"; location: string; hazardType: string; potentialConsequences: string; recommendedAction?: string | undefined; reporterContact?: string | undefined; reporterName?: string | undefined; }': description, isAnonymous, priority, location, and 2 more.
components/health-safety/IncidentDetailView.tsx(406,37): error TS2322: Type '{ incidentId: string; timeline: { id: string; timestamp: Date; action: string; user: string; notes?: string | undefined; }[]; }' is not assignable to type 'IntrinsicAttributes & IncidentTimelineViewerProps'.
  Property 'incidentId' does not exist on type 'IntrinsicAttributes & IncidentTimelineViewerProps'.
components/health-safety/IncidentReportForm.tsx(109,5): error TS2322: Type 'Resolver<{ description: string; incidentDate: Date; location: string; severity: "critical" | "minor" | "major"; reportedBy: string; incidentTime: string; incidentType: string; immediateCause: string; ... 9 more ...; preventiveMeasures?: string | undefined; }, any, { ...; }>' is not assignable to type 'Resolver<{ description: string; incidentDate: Date; location: string; witnessesPresent: boolean; severity: "critical" | "minor" | "major"; reportedBy: string; incidentTime: string; incidentType: string; ... 9 more ...; preventiveMeasures?: string | undefined; }, any, { ...; }>'.
  Types of parameters 'options' and 'options' are incompatible.
    Type 'ResolverOptions<{ description: string; incidentDate: Date; location: string; witnessesPresent: boolean; severity: "critical" | "minor" | "major"; reportedBy: string; incidentTime: string; incidentType: string; ... 9 more ...; preventiveMeasures?: string | undefined; }>' is not assignable to type 'ResolverOptions<{ description: string; incidentDate: Date; location: string; severity: "critical" | "minor" | "major"; reportedBy: string; incidentTime: string; incidentType: string; immediateCause: string; ... 9 more ...; preventiveMeasures?: string | undefined; }>'.
      Type 'boolean | undefined' is not assignable to type 'boolean'.
        Type 'undefined' is not assignable to type 'boolean'.
components/health-safety/IncidentReportForm.tsx(229,39): error TS2345: Argument of type '(data: { description: string; incidentDate: Date; location: string; witnessesPresent: boolean; severity: "critical" | "minor" | "major"; reportedBy: string; incidentTime: string; incidentType: string; ... 9 more ...; preventiveMeasures?: string | undefined; }) => Promise<...>' is not assignable to parameter of type 'SubmitHandler<TFieldValues>'.
  Types of parameters 'data' and 'data' are incompatible.
    Type 'TFieldValues' is not assignable to type '{ description: string; incidentDate: Date; location: string; witnessesPresent: boolean; severity: "critical" | "minor" | "major"; reportedBy: string; incidentTime: string; incidentType: string; ... 9 more ...; preventiveMeasures?: string | undefined; }'.
      Type 'FieldValues' is missing the following properties from type '{ description: string; incidentDate: Date; location: string; witnessesPresent: boolean; severity: "critical" | "minor" | "major"; reportedBy: string; incidentTime: string; incidentType: string; ... 9 more ...; preventiveMeasures?: string | undefined; }': description, incidentDate, location, witnessesPresent, and 7 more.
components/language-toggle.tsx(27,21): error TS2367: This comparison appears to be unintentional because the types '"en-CA" | "fr-CA"' and '"en"' have no overlap.
components/organization/organization-card.tsx(22,7): error TS2741: Property 'platform' is missing in type '{ congress: { label: string; icon: React.JSX.Element; color: string; }; federation: { label: string; icon: React.JSX.Element; color: string; }; union: { label: string; icon: React.JSX.Element; color: string; }; local: { ...; }; region: { ...; }; district: { ...; }; }' but required in type 'Record<OrganizationType, { label: string; icon: ReactElement<unknown, string | JSXElementConstructor<any>>; color: string; }>'.
components/organization/organization-card.tsx(116,23): error TS2339: Property 'description' does not exist on type 'Organization & { memberCount?: number | undefined; childCount?: number | undefined; activeClaims?: number | undefined; parentName?: string | undefined; }'.
components/organization/organization-card.tsx(118,27): error TS2339: Property 'description' does not exist on type 'Organization & { memberCount?: number | undefined; childCount?: number | undefined; activeClaims?: number | undefined; parentName?: string | undefined; }'.
components/rewards/admin/awards-queue.tsx(41,57): error TS2551: Property 'recipient_user_id' does not exist on type '{ status: "rejected" | "pending" | "approved" | "revoked" | "issued"; orgId: string; id: string; createdAt: Date; updatedAt: Date; reason: string; approvedAt: Date | null; ... 6 more ...; metadataJson: unknown; }'. Did you mean 'recipientUserId'?
components/rewards/admin/awards-queue.tsx(42,33): error TS2551: Property 'award_type_id' does not exist on type '{ status: "rejected" | "pending" | "approved" | "revoked" | "issued"; orgId: string; id: string; createdAt: Date; updatedAt: Date; reason: string; approvedAt: Date | null; ... 6 more ...; metadataJson: unknown; }'. Did you mean 'awardTypeId'?
components/rewards/admin/awards-queue.tsx(43,33): error TS2339: Property 'credits_awarded' does not exist on type '{ status: "rejected" | "pending" | "approved" | "revoked" | "issued"; orgId: string; id: string; createdAt: Date; updatedAt: Date; reason: string; approvedAt: Date | null; ... 6 more ...; metadataJson: unknown; }'.
components/rewards/admin/awards-queue.tsx(45,33): error TS2551: Property 'created_at' does not exist on type '{ status: "rejected" | "pending" | "approved" | "revoked" | "issued"; orgId: string; id: string; createdAt: Date; updatedAt: Date; reason: string; approvedAt: Date | null; ... 6 more ...; metadataJson: unknown; }'. Did you mean 'createdAt'?
components/rewards/admin/budgets-list.tsx(37,38): error TS2339: Property 'amount_allocated' does not exist on type '{ orgId: string; id: string; name: string; createdAt: Date; updatedAt: Date; programId: string; scopeType: "local" | "department" | "manager" | "org"; scopeRefId: string | null; ... 4 more ...; endsAt: Date; }'.
components/rewards/admin/budgets-list.tsx(37,64): error TS2551: Property 'amount_used' does not exist on type '{ orgId: string; id: string; name: string; createdAt: Date; updatedAt: Date; programId: string; scopeType: "local" | "department" | "manager" | "org"; scopeRefId: string | null; ... 4 more ...; endsAt: Date; }'. Did you mean 'amountUsed'?
components/rewards/admin/budgets-list.tsx(38,42): error TS2551: Property 'amount_used' does not exist on type '{ orgId: string; id: string; name: string; createdAt: Date; updatedAt: Date; programId: string; scopeType: "local" | "department" | "manager" | "org"; scopeRefId: string | null; ... 4 more ...; endsAt: Date; }'. Did you mean 'amountUsed'?
components/rewards/admin/budgets-list.tsx(38,63): error TS2339: Property 'amount_allocated' does not exist on type '{ orgId: string; id: string; name: string; createdAt: Date; updatedAt: Date; programId: string; scopeType: "local" | "department" | "manager" | "org"; scopeRefId: string | null; ... 4 more ...; endsAt: Date; }'.
components/rewards/admin/budgets-list.tsx(43,36): error TS2339: Property 'amount_allocated' does not exist on type '{ orgId: string; id: string; name: string; createdAt: Date; updatedAt: Date; programId: string; scopeType: "local" | "department" | "manager" | "org"; scopeRefId: string | null; ... 4 more ...; endsAt: Date; }'.
components/rewards/admin/budgets-list.tsx(44,36): error TS2551: Property 'amount_used' does not exist on type '{ orgId: string; id: string; name: string; createdAt: Date; updatedAt: Date; programId: string; scopeType: "local" | "department" | "manager" | "org"; scopeRefId: string | null; ... 4 more ...; endsAt: Date; }'. Did you mean 'amountUsed'?
components/rewards/admin/budgets-list.tsx(46,55): error TS2339: Property 'amount_allocated' does not exist on type '{ orgId: string; id: string; name: string; createdAt: Date; updatedAt: Date; programId: string; scopeType: "local" | "department" | "manager" | "org"; scopeRefId: string | null; ... 4 more ...; endsAt: Date; }'.
components/rewards/admin/budgets-list.tsx(51,27): error TS2339: Property 'period_start' does not exist on type '{ orgId: string; id: string; name: string; createdAt: Date; updatedAt: Date; programId: string; scopeType: "local" | "department" | "manager" | "org"; scopeRefId: string | null; ... 4 more ...; endsAt: Date; }'.
components/rewards/admin/budgets-list.tsx(51,50): error TS2339: Property 'period_end' does not exist on type '{ orgId: string; id: string; name: string; createdAt: Date; updatedAt: Date; programId: string; scopeType: "local" | "department" | "manager" | "org"; scopeRefId: string | null; ... 4 more ...; endsAt: Date; }'.
components/rewards/admin/budgets-list.tsx(52,42): error TS2339: Property 'period_start' does not exist on type '{ orgId: string; id: string; name: string; createdAt: Date; updatedAt: Date; programId: string; scopeType: "local" | "department" | "manager" | "org"; scopeRefId: string | null; ... 4 more ...; endsAt: Date; }'.
components/rewards/admin/budgets-list.tsx(52,98): error TS2339: Property 'period_end' does not exist on type '{ orgId: string; id: string; name: string; createdAt: Date; updatedAt: Date; programId: string; scopeType: "local" | "department" | "manager" | "org"; scopeRefId: string | null; ... 4 more ...; endsAt: Date; }'.
components/rewards/admin/programs-list.tsx(72,35): error TS2551: Property 'created_at' does not exist on type '{ status: "active" | "archived" | "draft"; orgId: string; id: string; name: string; createdAt: Date; updatedAt: Date; description: string | null; currency: string; }'. Did you mean 'createdAt'?
components/rewards/ledger-table.tsx(14,15): error TS2724: '"@/db/schema/recognition-rewards-schema"' has no exported member named 'RewardWalletLedger'. Did you mean 'rewardWalletLedger'?
components/rewards/redemption-form.tsx(104,23): error TS2353: Object literal may only specify known properties, and 'balance' does not exist in type 'Date'.
components/union-structure/BargainingUnitManagement.tsx(122,5): error TS2322: Type 'Resolver<{ name: string; employerId: string; unitType: "full_time" | "part_time" | "casual" | "mixed" | "craft" | "industrial" | "professional"; status?: "active" | "inactive" | "archived" | "under_certification" | "decertified" | "merged" | undefined; ... 15 more ...; bargainingChairId?: string | undefined; }, any,...' is not assignable to type 'Resolver<{ status: "active" | "inactive" | "archived" | "under_certification" | "decertified" | "merged"; name: string; memberCount: number; employerId: string; unitType: "full_time" | "part_time" | ... 4 more ... | "professional"; ... 14 more ...; bargainingChairId?: string | undefined; }, any, { ...; }>'.
  Types of parameters 'options' and 'options' are incompatible.
    Type 'ResolverOptions<{ status: "active" | "inactive" | "archived" | "under_certification" | "decertified" | "merged"; name: string; memberCount: number; employerId: string; unitType: "full_time" | "part_time" | ... 4 more ... | "professional"; ... 14 more ...; bargainingChairId?: string | undefined; }>' is not assignable to type 'ResolverOptions<{ name: string; employerId: string; unitType: "full_time" | "part_time" | "casual" | "mixed" | "craft" | "industrial" | "professional"; status?: "active" | "inactive" | "archived" | "under_certification" | "decertified" | "merged" | undefined; ... 15 more ...; bargainingChairId?: string | undefined; }>'.
      Type '"active" | "inactive" | "archived" | "under_certification" | "decertified" | "merged" | undefined' is not assignable to type '"active" | "inactive" | "archived" | "under_certification" | "decertified" | "merged"'.
        Type 'undefined' is not assignable to type '"active" | "inactive" | "archived" | "under_certification" | "decertified" | "merged"'.
components/union-structure/BargainingUnitManagement.tsx(485,47): error TS2345: Argument of type '(data: FormData) => Promise<void>' is not assignable to parameter of type 'SubmitHandler<TFieldValues>'.
  Types of parameters 'data' and 'data' are incompatible.
    Type 'TFieldValues' is not assignable to type '{ status: "active" | "inactive" | "archived" | "under_certification" | "decertified" | "merged"; name: string; memberCount: number; employerId: string; unitType: "full_time" | "part_time" | ... 4 more ... | "professional"; ... 14 more ...; bargainingChairId?: string | undefined; }'.
      Type 'FieldValues' is missing the following properties from type '{ status: "active" | "inactive" | "archived" | "under_certification" | "decertified" | "merged"; name: string; memberCount: number; employerId: string; unitType: "full_time" | "part_time" | ... 4 more ... | "professional"; ... 14 more ...; bargainingChairId?: string | undefined; }': status, name, memberCount, employerId, unitType
components/union-structure/BargainingUnitManagement.tsx(491,19): error TS2322: Type 'Control<{ status: "active" | "inactive" | "archived" | "under_certification" | "decertified" | "merged"; name: string; memberCount: number; employerId: string; unitType: "full_time" | "part_time" | ... 4 more ... | "professional"; ... 14 more ...; bargainingChairId?: string | undefined; }, any, TFieldValues>' is not assignable to type 'Control<{ status: "active" | "inactive" | "archived" | "under_certification" | "decertified" | "merged"; name: string; memberCount: number; employerId: string; unitType: "full_time" | "part_time" | ... 4 more ... | "professional"; ... 14 more ...; bargainingChairId?: string | undefined; }, any, { ...; }>'.
  The types of '_options.resolver' are incompatible between these types.
    Type 'Resolver<{ status: "active" | "inactive" | "archived" | "under_certification" | "decertified" | "merged"; name: string; memberCount: number; employerId: string; unitType: "full_time" | ... 5 more ... | "professional"; ... 14 more ...; bargainingChairId?: string | undefined; }, any, TFieldValues> | undefined' is not assignable to type 'Resolver<{ status: "active" | "inactive" | "archived" | "under_certification" | "decertified" | "merged"; name: string; memberCount: number; employerId: string; unitType: "full_time" | ... 5 more ... | "professional"; ... 14 more ...; bargainingChairId?: string | undefined; }, any, { ...; }> | undefined'.
      Type 'Resolver<{ status: "active" | "inactive" | "archived" | "under_certification" | "decertified" | "merged"; name: string; memberCount: number; employerId: string; unitType: "full_time" | "part_time" | ... 4 more ... | "professional"; ... 14 more ...; bargainingChairId?: string | undefined; }, any, TFieldValues>' is not assignable to type 'Resolver<{ status: "active" | "inactive" | "archived" | "under_certification" | "decertified" | "merged"; name: string; memberCount: number; employerId: string; unitType: "full_time" | "part_time" | ... 4 more ... | "professional"; ... 14 more ...; bargainingChairId?: string | undefined; }, any, { ...; }>'.
        Type 'ResolverResult<{ status: "active" | "inactive" | "archived" | "under_certification" | "decertified" | "merged"; name: string; memberCount: number; employerId: string; unitType: "full_time" | ... 5 more ... | "professional"; ... 14 more ...; bargainingChairId?: string | undefined; }, TFieldValues> | Promise<...>' is not assignable to type 'ResolverResult<{ status: "active" | "inactive" | "archived" | "under_certification" | "decertified" | "merged"; name: string; memberCount: number; employerId: string; unitType: "full_time" | ... 5 more ... | "professional"; ... 14 more ...; bargainingChairId?: string | undefined; }, { ...; }> | Promise<...>'.
          Type 'ResolverSuccess<TFieldValues>' is not assignable to type 'ResolverResult<{ status: "active" | "inactive" | "archived" | "under_certification" | "decertified" | "merged"; name: string; memberCount: number; employerId: string; unitType: "full_time" | ... 5 more ... | "professional"; ... 14 more ...; bargainingChairId?: string | undefined; }, { ...; }> | Promise<...>'.
            Type 'ResolverSuccess<TFieldValues>' is not assignable to type 'ResolverSuccess<{ status: "active" | "inactive" | "archived" | "under_certification" | "decertified" | "merged"; name: string; memberCount: number; employerId: string; unitType: "full_time" | "part_time" | ... 4 more ... | "professional"; ... 14 more ...; bargainingChairId?: string | undefined; }>'.
              Type 'TFieldValues' is not assignable to type '{ status: "active" | "inactive" | "archived" | "under_certification" | "decertified" | "merged"; name: string; memberCount: number; employerId: string; unitType: "full_time" | "part_time" | ... 4 more ... | "professional"; ... 14 more ...; bargainingChairId?: string | undefined; }'.
                Type 'FieldValues' is missing the following properties from type '{ status: "active" | "inactive" | "archived" | "under_certification" | "decertified" | "merged"; name: string; memberCount: number; employerId: string; unitType: "full_time" | "part_time" | ... 4 more ... | "professional"; ... 14 more ...; bargainingChairId?: string | undefined; }': status, name, memberCount, employerId, unitType
components/union-structure/BargainingUnitManagement.tsx(519,19): error TS2322: Type 'Control<{ status: "active" | "inactive" | "archived" | "under_certification" | "decertified" | "merged"; name: string; memberCount: number; employerId: string; unitType: "full_time" | "part_time" | ... 4 more ... | "professional"; ... 14 more ...; bargainingChairId?: string | undefined; }, any, TFieldValues>' is not assignable to type 'Control<{ status: "active" | "inactive" | "archived" | "under_certification" | "decertified" | "merged"; name: string; memberCount: number; employerId: string; unitType: "full_time" | "part_time" | ... 4 more ... | "professional"; ... 14 more ...; bargainingChairId?: string | undefined; }, any, { ...; }>'.
  The types of '_options.resolver' are incompatible between these types.
    Type 'Resolver<{ status: "active" | "inactive" | "archived" | "under_certification" | "decertified" | "merged"; name: string; memberCount: number; employerId: string; unitType: "full_time" | ... 5 more ... | "professional"; ... 14 more ...; bargainingChairId?: string | undefined; }, any, TFieldValues> | undefined' is not assignable to type 'Resolver<{ status: "active" | "inactive" | "archived" | "under_certification" | "decertified" | "merged"; name: string; memberCount: number; employerId: string; unitType: "full_time" | ... 5 more ... | "professional"; ... 14 more ...; bargainingChairId?: string | undefined; }, any, { ...; }> | undefined'.
      Type 'Resolver<{ status: "active" | "inactive" | "archived" | "under_certification" | "decertified" | "merged"; name: string; memberCount: number; employerId: string; unitType: "full_time" | "part_time" | ... 4 more ... | "professional"; ... 14 more ...; bargainingChairId?: string | undefined; }, any, TFieldValues>' is not assignable to type 'Resolver<{ status: "active" | "inactive" | "archived" | "under_certification" | "decertified" | "merged"; name: string; memberCount: number; employerId: string; unitType: "full_time" | "part_time" | ... 4 more ... | "professional"; ... 14 more ...; bargainingChairId?: string | undefined; }, any, { ...; }>'.
        Type 'ResolverResult<{ status: "active" | "inactive" | "archived" | "under_certification" | "decertified" | "merged"; name: string; memberCount: number; employerId: string; unitType: "full_time" | ... 5 more ... | "professional"; ... 14 more ...; bargainingChairId?: string | undefined; }, TFieldValues> | Promise<...>' is not assignable to type 'ResolverResult<{ status: "active" | "inactive" | "archived" | "under_certification" | "decertified" | "merged"; name: string; memberCount: number; employerId: string; unitType: "full_time" | ... 5 more ... | "professional"; ... 14 more ...; bargainingChairId?: string | undefined; }, { ...; }> | Promise<...>'.
          Type 'ResolverSuccess<TFieldValues>' is not assignable to type 'ResolverResult<{ status: "active" | "inactive" | "archived" | "under_certification" | "decertified" | "merged"; name: string; memberCount: number; employerId: string; unitType: "full_time" | ... 5 more ... | "professional"; ... 14 more ...; bargainingChairId?: string | undefined; }, { ...; }> | Promise<...>'.
            Type 'ResolverSuccess<TFieldValues>' is not assignable to type 'ResolverSuccess<{ status: "active" | "inactive" | "archived" | "under_certification" | "decertified" | "merged"; name: string; memberCount: number; employerId: string; unitType: "full_time" | "part_time" | ... 4 more ... | "professional"; ... 14 more ...; bargainingChairId?: string | undefined; }>'.
              Type 'TFieldValues' is not assignable to type '{ status: "active" | "inactive" | "archived" | "under_certification" | "decertified" | "merged"; name: string; memberCount: number; employerId: string; unitType: "full_time" | "part_time" | ... 4 more ... | "professional"; ... 14 more ...; bargainingChairId?: string | undefined; }'.
                Type 'FieldValues' is missing the following properties from type '{ status: "active" | "inactive" | "archived" | "under_certification" | "decertified" | "merged"; name: string; memberCount: number; employerId: string; unitType: "full_time" | "part_time" | ... 4 more ... | "professional"; ... 14 more ...; bargainingChairId?: string | undefined; }': status, name, memberCount, employerId, unitType
components/union-structure/BargainingUnitManagement.tsx(550,19): error TS2322: Type 'Control<{ status: "active" | "inactive" | "archived" | "under_certification" | "decertified" | "merged"; name: string; memberCount: number; employerId: string; unitType: "full_time" | "part_time" | ... 4 more ... | "professional"; ... 14 more ...; bargainingChairId?: string | undefined; }, any, TFieldValues>' is not assignable to type 'Control<{ status: "active" | "inactive" | "archived" | "under_certification" | "decertified" | "merged"; name: string; memberCount: number; employerId: string; unitType: "full_time" | "part_time" | ... 4 more ... | "professional"; ... 14 more ...; bargainingChairId?: string | undefined; }, any, { ...; }>'.
  The types of '_options.resolver' are incompatible between these types.
    Type 'Resolver<{ status: "active" | "inactive" | "archived" | "under_certification" | "decertified" | "merged"; name: string; memberCount: number; employerId: string; unitType: "full_time" | ... 5 more ... | "professional"; ... 14 more ...; bargainingChairId?: string | undefined; }, any, TFieldValues> | undefined' is not assignable to type 'Resolver<{ status: "active" | "inactive" | "archived" | "under_certification" | "decertified" | "merged"; name: string; memberCount: number; employerId: string; unitType: "full_time" | ... 5 more ... | "professional"; ... 14 more ...; bargainingChairId?: string | undefined; }, any, { ...; }> | undefined'.
      Type 'Resolver<{ status: "active" | "inactive" | "archived" | "under_certification" | "decertified" | "merged"; name: string; memberCount: number; employerId: string; unitType: "full_time" | "part_time" | ... 4 more ... | "professional"; ... 14 more ...; bargainingChairId?: string | undefined; }, any, TFieldValues>' is not assignable to type 'Resolver<{ status: "active" | "inactive" | "archived" | "under_certification" | "decertified" | "merged"; name: string; memberCount: number; employerId: string; unitType: "full_time" | "part_time" | ... 4 more ... | "professional"; ... 14 more ...; bargainingChairId?: string | undefined; }, any, { ...; }>'.
        Type 'ResolverResult<{ status: "active" | "inactive" | "archived" | "under_certification" | "decertified" | "merged"; name: string; memberCount: number; employerId: string; unitType: "full_time" | ... 5 more ... | "professional"; ... 14 more ...; bargainingChairId?: string | undefined; }, TFieldValues> | Promise<...>' is not assignable to type 'ResolverResult<{ status: "active" | "inactive" | "archived" | "under_certification" | "decertified" | "merged"; name: string; memberCount: number; employerId: string; unitType: "full_time" | ... 5 more ... | "professional"; ... 14 more ...; bargainingChairId?: string | undefined; }, { ...; }> | Promise<...>'.
          Type 'ResolverSuccess<TFieldValues>' is not assignable to type 'ResolverResult<{ status: "active" | "inactive" | "archived" | "under_certification" | "decertified" | "merged"; name: string; memberCount: number; employerId: string; unitType: "full_time" | ... 5 more ... | "professional"; ... 14 more ...; bargainingChairId?: string | undefined; }, { ...; }> | Promise<...>'.
            Type 'ResolverSuccess<TFieldValues>' is not assignable to type 'ResolverSuccess<{ status: "active" | "inactive" | "archived" | "under_certification" | "decertified" | "merged"; name: string; memberCount: number; employerId: string; unitType: "full_time" | "part_time" | ... 4 more ... | "professional"; ... 14 more ...; bargainingChairId?: string | undefined; }>'.
              Type 'TFieldValues' is not assignable to type '{ status: "active" | "inactive" | "archived" | "under_certification" | "decertified" | "merged"; name: string; memberCount: number; employerId: string; unitType: "full_time" | "part_time" | ... 4 more ... | "professional"; ... 14 more ...; bargainingChairId?: string | undefined; }'.
                Type 'FieldValues' is missing the following properties from type '{ status: "active" | "inactive" | "archived" | "under_certification" | "decertified" | "merged"; name: string; memberCount: number; employerId: string; unitType: "full_time" | "part_time" | ... 4 more ... | "professional"; ... 14 more ...; bargainingChairId?: string | undefined; }': status, name, memberCount, employerId, unitType
components/union-structure/BargainingUnitManagement.tsx(568,21): error TS2322: Type 'Control<{ status: "active" | "inactive" | "archived" | "under_certification" | "decertified" | "merged"; name: string; memberCount: number; employerId: string; unitType: "full_time" | "part_time" | ... 4 more ... | "professional"; ... 14 more ...; bargainingChairId?: string | undefined; }, any, TFieldValues>' is not assignable to type 'Control<{ status: "active" | "inactive" | "archived" | "under_certification" | "decertified" | "merged"; name: string; memberCount: number; employerId: string; unitType: "full_time" | "part_time" | ... 4 more ... | "professional"; ... 14 more ...; bargainingChairId?: string | undefined; }, any, { ...; }>'.
  The types of '_options.resolver' are incompatible between these types.
    Type 'Resolver<{ status: "active" | "inactive" | "archived" | "under_certification" | "decertified" | "merged"; name: string; memberCount: number; employerId: string; unitType: "full_time" | ... 5 more ... | "professional"; ... 14 more ...; bargainingChairId?: string | undefined; }, any, TFieldValues> | undefined' is not assignable to type 'Resolver<{ status: "active" | "inactive" | "archived" | "under_certification" | "decertified" | "merged"; name: string; memberCount: number; employerId: string; unitType: "full_time" | ... 5 more ... | "professional"; ... 14 more ...; bargainingChairId?: string | undefined; }, any, { ...; }> | undefined'.
      Type 'Resolver<{ status: "active" | "inactive" | "archived" | "under_certification" | "decertified" | "merged"; name: string; memberCount: number; employerId: string; unitType: "full_time" | "part_time" | ... 4 more ... | "professional"; ... 14 more ...; bargainingChairId?: string | undefined; }, any, TFieldValues>' is not assignable to type 'Resolver<{ status: "active" | "inactive" | "archived" | "under_certification" | "decertified" | "merged"; name: string; memberCount: number; employerId: string; unitType: "full_time" | "part_time" | ... 4 more ... | "professional"; ... 14 more ...; bargainingChairId?: string | undefined; }, any, { ...; }>'.
        Type 'ResolverResult<{ status: "active" | "inactive" | "archived" | "under_certification" | "decertified" | "merged"; name: string; memberCount: number; employerId: string; unitType: "full_time" | ... 5 more ... | "professional"; ... 14 more ...; bargainingChairId?: string | undefined; }, TFieldValues> | Promise<...>' is not assignable to type 'ResolverResult<{ status: "active" | "inactive" | "archived" | "under_certification" | "decertified" | "merged"; name: string; memberCount: number; employerId: string; unitType: "full_time" | ... 5 more ... | "professional"; ... 14 more ...; bargainingChairId?: string | undefined; }, { ...; }> | Promise<...>'.
          Type 'ResolverSuccess<TFieldValues>' is not assignable to type 'ResolverResult<{ status: "active" | "inactive" | "archived" | "under_certification" | "decertified" | "merged"; name: string; memberCount: number; employerId: string; unitType: "full_time" | ... 5 more ... | "professional"; ... 14 more ...; bargainingChairId?: string | undefined; }, { ...; }> | Promise<...>'.
            Type 'ResolverSuccess<TFieldValues>' is not assignable to type 'ResolverSuccess<{ status: "active" | "inactive" | "archived" | "under_certification" | "decertified" | "merged"; name: string; memberCount: number; employerId: string; unitType: "full_time" | "part_time" | ... 4 more ... | "professional"; ... 14 more ...; bargainingChairId?: string | undefined; }>'.
              Type 'TFieldValues' is not assignable to type '{ status: "active" | "inactive" | "archived" | "under_certification" | "decertified" | "merged"; name: string; memberCount: number; employerId: string; unitType: "full_time" | "part_time" | ... 4 more ... | "professional"; ... 14 more ...; bargainingChairId?: string | undefined; }'.
                Type 'FieldValues' is missing the following properties from type '{ status: "active" | "inactive" | "archived" | "under_certification" | "decertified" | "merged"; name: string; memberCount: number; employerId: string; unitType: "full_time" | "part_time" | ... 4 more ... | "professional"; ... 14 more ...; bargainingChairId?: string | undefined; }': status, name, memberCount, employerId, unitType
components/union-structure/BargainingUnitManagement.tsx(582,21): error TS2322: Type 'Control<{ status: "active" | "inactive" | "archived" | "under_certification" | "decertified" | "merged"; name: string; memberCount: number; employerId: string; unitType: "full_time" | "part_time" | ... 4 more ... | "professional"; ... 14 more ...; bargainingChairId?: string | undefined; }, any, TFieldValues>' is not assignable to type 'Control<{ status: "active" | "inactive" | "archived" | "under_certification" | "decertified" | "merged"; name: string; memberCount: number; employerId: string; unitType: "full_time" | "part_time" | ... 4 more ... | "professional"; ... 14 more ...; bargainingChairId?: string | undefined; }, any, { ...; }>'.
  The types of '_options.resolver' are incompatible between these types.
    Type 'Resolver<{ status: "active" | "inactive" | "archived" | "under_certification" | "decertified" | "merged"; name: string; memberCount: number; employerId: string; unitType: "full_time" | ... 5 more ... | "professional"; ... 14 more ...; bargainingChairId?: string | undefined; }, any, TFieldValues> | undefined' is not assignable to type 'Resolver<{ status: "active" | "inactive" | "archived" | "under_certification" | "decertified" | "merged"; name: string; memberCount: number; employerId: string; unitType: "full_time" | ... 5 more ... | "professional"; ... 14 more ...; bargainingChairId?: string | undefined; }, any, { ...; }> | undefined'.
      Type 'Resolver<{ status: "active" | "inactive" | "archived" | "under_certification" | "decertified" | "merged"; name: string; memberCount: number; employerId: string; unitType: "full_time" | "part_time" | ... 4 more ... | "professional"; ... 14 more ...; bargainingChairId?: string | undefined; }, any, TFieldValues>' is not assignable to type 'Resolver<{ status: "active" | "inactive" | "archived" | "under_certification" | "decertified" | "merged"; name: string; memberCount: number; employerId: string; unitType: "full_time" | "part_time" | ... 4 more ... | "professional"; ... 14 more ...; bargainingChairId?: string | undefined; }, any, { ...; }>'.
        Type 'ResolverResult<{ status: "active" | "inactive" | "archived" | "under_certification" | "decertified" | "merged"; name: string; memberCount: number; employerId: string; unitType: "full_time" | ... 5 more ... | "professional"; ... 14 more ...; bargainingChairId?: string | undefined; }, TFieldValues> | Promise<...>' is not assignable to type 'ResolverResult<{ status: "active" | "inactive" | "archived" | "under_certification" | "decertified" | "merged"; name: string; memberCount: number; employerId: string; unitType: "full_time" | ... 5 more ... | "professional"; ... 14 more ...; bargainingChairId?: string | undefined; }, { ...; }> | Promise<...>'.
          Type 'ResolverSuccess<TFieldValues>' is not assignable to type 'ResolverResult<{ status: "active" | "inactive" | "archived" | "under_certification" | "decertified" | "merged"; name: string; memberCount: number; employerId: string; unitType: "full_time" | ... 5 more ... | "professional"; ... 14 more ...; bargainingChairId?: string | undefined; }, { ...; }> | Promise<...>'.
            Type 'ResolverSuccess<TFieldValues>' is not assignable to type 'ResolverSuccess<{ status: "active" | "inactive" | "archived" | "under_certification" | "decertified" | "merged"; name: string; memberCount: number; employerId: string; unitType: "full_time" | "part_time" | ... 4 more ... | "professional"; ... 14 more ...; bargainingChairId?: string | undefined; }>'.
              Type 'TFieldValues' is not assignable to type '{ status: "active" | "inactive" | "archived" | "under_certification" | "decertified" | "merged"; name: string; memberCount: number; employerId: string; unitType: "full_time" | "part_time" | ... 4 more ... | "professional"; ... 14 more ...; bargainingChairId?: string | undefined; }'.
                Type 'FieldValues' is missing the following properties from type '{ status: "active" | "inactive" | "archived" | "under_certification" | "decertified" | "merged"; name: string; memberCount: number; employerId: string; unitType: "full_time" | "part_time" | ... 4 more ... | "professional"; ... 14 more ...; bargainingChairId?: string | undefined; }': status, name, memberCount, employerId, unitType
components/union-structure/BargainingUnitManagement.tsx(605,21): error TS2322: Type 'Control<{ status: "active" | "inactive" | "archived" | "under_certification" | "decertified" | "merged"; name: string; memberCount: number; employerId: string; unitType: "full_time" | "part_time" | ... 4 more ... | "professional"; ... 14 more ...; bargainingChairId?: string | undefined; }, any, TFieldValues>' is not assignable to type 'Control<{ status: "active" | "inactive" | "archived" | "under_certification" | "decertified" | "merged"; name: string; memberCount: number; employerId: string; unitType: "full_time" | "part_time" | ... 4 more ... | "professional"; ... 14 more ...; bargainingChairId?: string | undefined; }, any, { ...; }>'.
  The types of '_options.resolver' are incompatible between these types.
    Type 'Resolver<{ status: "active" | "inactive" | "archived" | "under_certification" | "decertified" | "merged"; name: string; memberCount: number; employerId: string; unitType: "full_time" | ... 5 more ... | "professional"; ... 14 more ...; bargainingChairId?: string | undefined; }, any, TFieldValues> | undefined' is not assignable to type 'Resolver<{ status: "active" | "inactive" | "archived" | "under_certification" | "decertified" | "merged"; name: string; memberCount: number; employerId: string; unitType: "full_time" | ... 5 more ... | "professional"; ... 14 more ...; bargainingChairId?: string | undefined; }, any, { ...; }> | undefined'.
      Type 'Resolver<{ status: "active" | "inactive" | "archived" | "under_certification" | "decertified" | "merged"; name: string; memberCount: number; employerId: string; unitType: "full_time" | "part_time" | ... 4 more ... | "professional"; ... 14 more ...; bargainingChairId?: string | undefined; }, any, TFieldValues>' is not assignable to type 'Resolver<{ status: "active" | "inactive" | "archived" | "under_certification" | "decertified" | "merged"; name: string; memberCount: number; employerId: string; unitType: "full_time" | "part_time" | ... 4 more ... | "professional"; ... 14 more ...; bargainingChairId?: string | undefined; }, any, { ...; }>'.
        Type 'ResolverResult<{ status: "active" | "inactive" | "archived" | "under_certification" | "decertified" | "merged"; name: string; memberCount: number; employerId: string; unitType: "full_time" | ... 5 more ... | "professional"; ... 14 more ...; bargainingChairId?: string | undefined; }, TFieldValues> | Promise<...>' is not assignable to type 'ResolverResult<{ status: "active" | "inactive" | "archived" | "under_certification" | "decertified" | "merged"; name: string; memberCount: number; employerId: string; unitType: "full_time" | ... 5 more ... | "professional"; ... 14 more ...; bargainingChairId?: string | undefined; }, { ...; }> | Promise<...>'.
          Type 'ResolverSuccess<TFieldValues>' is not assignable to type 'ResolverResult<{ status: "active" | "inactive" | "archived" | "under_certification" | "decertified" | "merged"; name: string; memberCount: number; employerId: string; unitType: "full_time" | ... 5 more ... | "professional"; ... 14 more ...; bargainingChairId?: string | undefined; }, { ...; }> | Promise<...>'.
            Type 'ResolverSuccess<TFieldValues>' is not assignable to type 'ResolverSuccess<{ status: "active" | "inactive" | "archived" | "under_certification" | "decertified" | "merged"; name: string; memberCount: number; employerId: string; unitType: "full_time" | "part_time" | ... 4 more ... | "professional"; ... 14 more ...; bargainingChairId?: string | undefined; }>'.
              Type 'TFieldValues' is not assignable to type '{ status: "active" | "inactive" | "archived" | "under_certification" | "decertified" | "merged"; name: string; memberCount: number; employerId: string; unitType: "full_time" | "part_time" | ... 4 more ... | "professional"; ... 14 more ...; bargainingChairId?: string | undefined; }'.
                Type 'FieldValues' is missing the following properties from type '{ status: "active" | "inactive" | "archived" | "under_certification" | "decertified" | "merged"; name: string; memberCount: number; employerId: string; unitType: "full_time" | "part_time" | ... 4 more ... | "professional"; ... 14 more ...; bargainingChairId?: string | undefined; }': status, name, memberCount, employerId, unitType
components/union-structure/BargainingUnitManagement.tsx(637,21): error TS2322: Type 'Control<{ status: "active" | "inactive" | "archived" | "under_certification" | "decertified" | "merged"; name: string; memberCount: number; employerId: string; unitType: "full_time" | "part_time" | ... 4 more ... | "professional"; ... 14 more ...; bargainingChairId?: string | undefined; }, any, TFieldValues>' is not assignable to type 'Control<{ status: "active" | "inactive" | "archived" | "under_certification" | "decertified" | "merged"; name: string; memberCount: number; employerId: string; unitType: "full_time" | "part_time" | ... 4 more ... | "professional"; ... 14 more ...; bargainingChairId?: string | undefined; }, any, { ...; }>'.
  The types of '_options.resolver' are incompatible between these types.
    Type 'Resolver<{ status: "active" | "inactive" | "archived" | "under_certification" | "decertified" | "merged"; name: string; memberCount: number; employerId: string; unitType: "full_time" | ... 5 more ... | "professional"; ... 14 more ...; bargainingChairId?: string | undefined; }, any, TFieldValues> | undefined' is not assignable to type 'Resolver<{ status: "active" | "inactive" | "archived" | "under_certification" | "decertified" | "merged"; name: string; memberCount: number; employerId: string; unitType: "full_time" | ... 5 more ... | "professional"; ... 14 more ...; bargainingChairId?: string | undefined; }, any, { ...; }> | undefined'.
      Type 'Resolver<{ status: "active" | "inactive" | "archived" | "under_certification" | "decertified" | "merged"; name: string; memberCount: number; employerId: string; unitType: "full_time" | "part_time" | ... 4 more ... | "professional"; ... 14 more ...; bargainingChairId?: string | undefined; }, any, TFieldValues>' is not assignable to type 'Resolver<{ status: "active" | "inactive" | "archived" | "under_certification" | "decertified" | "merged"; name: string; memberCount: number; employerId: string; unitType: "full_time" | "part_time" | ... 4 more ... | "professional"; ... 14 more ...; bargainingChairId?: string | undefined; }, any, { ...; }>'.
        Type 'ResolverResult<{ status: "active" | "inactive" | "archived" | "under_certification" | "decertified" | "merged"; name: string; memberCount: number; employerId: string; unitType: "full_time" | ... 5 more ... | "professional"; ... 14 more ...; bargainingChairId?: string | undefined; }, TFieldValues> | Promise<...>' is not assignable to type 'ResolverResult<{ status: "active" | "inactive" | "archived" | "under_certification" | "decertified" | "merged"; name: string; memberCount: number; employerId: string; unitType: "full_time" | ... 5 more ... | "professional"; ... 14 more ...; bargainingChairId?: string | undefined; }, { ...; }> | Promise<...>'.
          Type 'ResolverSuccess<TFieldValues>' is not assignable to type 'ResolverResult<{ status: "active" | "inactive" | "archived" | "under_certification" | "decertified" | "merged"; name: string; memberCount: number; employerId: string; unitType: "full_time" | ... 5 more ... | "professional"; ... 14 more ...; bargainingChairId?: string | undefined; }, { ...; }> | Promise<...>'.
            Type 'ResolverSuccess<TFieldValues>' is not assignable to type 'ResolverSuccess<{ status: "active" | "inactive" | "archived" | "under_certification" | "decertified" | "merged"; name: string; memberCount: number; employerId: string; unitType: "full_time" | "part_time" | ... 4 more ... | "professional"; ... 14 more ...; bargainingChairId?: string | undefined; }>'.
              Type 'TFieldValues' is not assignable to type '{ status: "active" | "inactive" | "archived" | "under_certification" | "decertified" | "merged"; name: string; memberCount: number; employerId: string; unitType: "full_time" | "part_time" | ... 4 more ... | "professional"; ... 14 more ...; bargainingChairId?: string | undefined; }'.
                Type 'FieldValues' is missing the following properties from type '{ status: "active" | "inactive" | "archived" | "under_certification" | "decertified" | "merged"; name: string; memberCount: number; employerId: string; unitType: "full_time" | "part_time" | ... 4 more ... | "professional"; ... 14 more ...; bargainingChairId?: string | undefined; }': status, name, memberCount, employerId, unitType
components/union-structure/BargainingUnitManagement.tsx(677,21): error TS2322: Type 'Control<{ status: "active" | "inactive" | "archived" | "under_certification" | "decertified" | "merged"; name: string; memberCount: number; employerId: string; unitType: "full_time" | "part_time" | ... 4 more ... | "professional"; ... 14 more ...; bargainingChairId?: string | undefined; }, any, TFieldValues>' is not assignable to type 'Control<{ status: "active" | "inactive" | "archived" | "under_certification" | "decertified" | "merged"; name: string; memberCount: number; employerId: string; unitType: "full_time" | "part_time" | ... 4 more ... | "professional"; ... 14 more ...; bargainingChairId?: string | undefined; }, any, { ...; }>'.
  The types of '_options.resolver' are incompatible between these types.
    Type 'Resolver<{ status: "active" | "inactive" | "archived" | "under_certification" | "decertified" | "merged"; name: string; memberCount: number; employerId: string; unitType: "full_time" | ... 5 more ... | "professional"; ... 14 more ...; bargainingChairId?: string | undefined; }, any, TFieldValues> | undefined' is not assignable to type 'Resolver<{ status: "active" | "inactive" | "archived" | "under_certification" | "decertified" | "merged"; name: string; memberCount: number; employerId: string; unitType: "full_time" | ... 5 more ... | "professional"; ... 14 more ...; bargainingChairId?: string | undefined; }, any, { ...; }> | undefined'.
      Type 'Resolver<{ status: "active" | "inactive" | "archived" | "under_certification" | "decertified" | "merged"; name: string; memberCount: number; employerId: string; unitType: "full_time" | "part_time" | ... 4 more ... | "professional"; ... 14 more ...; bargainingChairId?: string | undefined; }, any, TFieldValues>' is not assignable to type 'Resolver<{ status: "active" | "inactive" | "archived" | "under_certification" | "decertified" | "merged"; name: string; memberCount: number; employerId: string; unitType: "full_time" | "part_time" | ... 4 more ... | "professional"; ... 14 more ...; bargainingChairId?: string | undefined; }, any, { ...; }>'.
        Type 'ResolverResult<{ status: "active" | "inactive" | "archived" | "under_certification" | "decertified" | "merged"; name: string; memberCount: number; employerId: string; unitType: "full_time" | ... 5 more ... | "professional"; ... 14 more ...; bargainingChairId?: string | undefined; }, TFieldValues> | Promise<...>' is not assignable to type 'ResolverResult<{ status: "active" | "inactive" | "archived" | "under_certification" | "decertified" | "merged"; name: string; memberCount: number; employerId: string; unitType: "full_time" | ... 5 more ... | "professional"; ... 14 more ...; bargainingChairId?: string | undefined; }, { ...; }> | Promise<...>'.
          Type 'ResolverSuccess<TFieldValues>' is not assignable to type 'ResolverResult<{ status: "active" | "inactive" | "archived" | "under_certification" | "decertified" | "merged"; name: string; memberCount: number; employerId: string; unitType: "full_time" | ... 5 more ... | "professional"; ... 14 more ...; bargainingChairId?: string | undefined; }, { ...; }> | Promise<...>'.
            Type 'ResolverSuccess<TFieldValues>' is not assignable to type 'ResolverSuccess<{ status: "active" | "inactive" | "archived" | "under_certification" | "decertified" | "merged"; name: string; memberCount: number; employerId: string; unitType: "full_time" | "part_time" | ... 4 more ... | "professional"; ... 14 more ...; bargainingChairId?: string | undefined; }>'.
              Type 'TFieldValues' is not assignable to type '{ status: "active" | "inactive" | "archived" | "under_certification" | "decertified" | "merged"; name: string; memberCount: number; employerId: string; unitType: "full_time" | "part_time" | ... 4 more ... | "professional"; ... 14 more ...; bargainingChairId?: string | undefined; }'.
                Type 'FieldValues' is missing the following properties from type '{ status: "active" | "inactive" | "archived" | "under_certification" | "decertified" | "merged"; name: string; memberCount: number; employerId: string; unitType: "full_time" | "part_time" | ... 4 more ... | "professional"; ... 14 more ...; bargainingChairId?: string | undefined; }': status, name, memberCount, employerId, unitType
components/union-structure/BargainingUnitManagement.tsx(691,21): error TS2322: Type 'Control<{ status: "active" | "inactive" | "archived" | "under_certification" | "decertified" | "merged"; name: string; memberCount: number; employerId: string; unitType: "full_time" | "part_time" | ... 4 more ... | "professional"; ... 14 more ...; bargainingChairId?: string | undefined; }, any, TFieldValues>' is not assignable to type 'Control<{ status: "active" | "inactive" | "archived" | "under_certification" | "decertified" | "merged"; name: string; memberCount: number; employerId: string; unitType: "full_time" | "part_time" | ... 4 more ... | "professional"; ... 14 more ...; bargainingChairId?: string | undefined; }, any, { ...; }>'.
  The types of '_options.resolver' are incompatible between these types.
    Type 'Resolver<{ status: "active" | "inactive" | "archived" | "under_certification" | "decertified" | "merged"; name: string; memberCount: number; employerId: string; unitType: "full_time" | ... 5 more ... | "professional"; ... 14 more ...; bargainingChairId?: string | undefined; }, any, TFieldValues> | undefined' is not assignable to type 'Resolver<{ status: "active" | "inactive" | "archived" | "under_certification" | "decertified" | "merged"; name: string; memberCount: number; employerId: string; unitType: "full_time" | ... 5 more ... | "professional"; ... 14 more ...; bargainingChairId?: string | undefined; }, any, { ...; }> | undefined'.
      Type 'Resolver<{ status: "active" | "inactive" | "archived" | "under_certification" | "decertified" | "merged"; name: string; memberCount: number; employerId: string; unitType: "full_time" | "part_time" | ... 4 more ... | "professional"; ... 14 more ...; bargainingChairId?: string | undefined; }, any, TFieldValues>' is not assignable to type 'Resolver<{ status: "active" | "inactive" | "archived" | "under_certification" | "decertified" | "merged"; name: string; memberCount: number; employerId: string; unitType: "full_time" | "part_time" | ... 4 more ... | "professional"; ... 14 more ...; bargainingChairId?: string | undefined; }, any, { ...; }>'.
        Type 'ResolverResult<{ status: "active" | "inactive" | "archived" | "under_certification" | "decertified" | "merged"; name: string; memberCount: number; employerId: string; unitType: "full_time" | ... 5 more ... | "professional"; ... 14 more ...; bargainingChairId?: string | undefined; }, TFieldValues> | Promise<...>' is not assignable to type 'ResolverResult<{ status: "active" | "inactive" | "archived" | "under_certification" | "decertified" | "merged"; name: string; memberCount: number; employerId: string; unitType: "full_time" | ... 5 more ... | "professional"; ... 14 more ...; bargainingChairId?: string | undefined; }, { ...; }> | Promise<...>'.
          Type 'ResolverSuccess<TFieldValues>' is not assignable to type 'ResolverResult<{ status: "active" | "inactive" | "archived" | "under_certification" | "decertified" | "merged"; name: string; memberCount: number; employerId: string; unitType: "full_time" | ... 5 more ... | "professional"; ... 14 more ...; bargainingChairId?: string | undefined; }, { ...; }> | Promise<...>'.
            Type 'ResolverSuccess<TFieldValues>' is not assignable to type 'ResolverSuccess<{ status: "active" | "inactive" | "archived" | "under_certification" | "decertified" | "merged"; name: string; memberCount: number; employerId: string; unitType: "full_time" | "part_time" | ... 4 more ... | "professional"; ... 14 more ...; bargainingChairId?: string | undefined; }>'.
              Type 'TFieldValues' is not assignable to type '{ status: "active" | "inactive" | "archived" | "under_certification" | "decertified" | "merged"; name: string; memberCount: number; employerId: string; unitType: "full_time" | "part_time" | ... 4 more ... | "professional"; ... 14 more ...; bargainingChairId?: string | undefined; }'.
                Type 'FieldValues' is missing the following properties from type '{ status: "active" | "inactive" | "archived" | "under_certification" | "decertified" | "merged"; name: string; memberCount: number; employerId: string; unitType: "full_time" | "part_time" | ... 4 more ... | "professional"; ... 14 more ...; bargainingChairId?: string | undefined; }': status, name, memberCount, employerId, unitType
components/union-structure/BargainingUnitManagement.tsx(707,21): error TS2322: Type 'Control<{ status: "active" | "inactive" | "archived" | "under_certification" | "decertified" | "merged"; name: string; memberCount: number; employerId: string; unitType: "full_time" | "part_time" | ... 4 more ... | "professional"; ... 14 more ...; bargainingChairId?: string | undefined; }, any, TFieldValues>' is not assignable to type 'Control<{ status: "active" | "inactive" | "archived" | "under_certification" | "decertified" | "merged"; name: string; memberCount: number; employerId: string; unitType: "full_time" | "part_time" | ... 4 more ... | "professional"; ... 14 more ...; bargainingChairId?: string | undefined; }, any, { ...; }>'.
  The types of '_options.resolver' are incompatible between these types.
    Type 'Resolver<{ status: "active" | "inactive" | "archived" | "under_certification" | "decertified" | "merged"; name: string; memberCount: number; employerId: string; unitType: "full_time" | ... 5 more ... | "professional"; ... 14 more ...; bargainingChairId?: string | undefined; }, any, TFieldValues> | undefined' is not assignable to type 'Resolver<{ status: "active" | "inactive" | "archived" | "under_certification" | "decertified" | "merged"; name: string; memberCount: number; employerId: string; unitType: "full_time" | ... 5 more ... | "professional"; ... 14 more ...; bargainingChairId?: string | undefined; }, any, { ...; }> | undefined'.
      Type 'Resolver<{ status: "active" | "inactive" | "archived" | "under_certification" | "decertified" | "merged"; name: string; memberCount: number; employerId: string; unitType: "full_time" | "part_time" | ... 4 more ... | "professional"; ... 14 more ...; bargainingChairId?: string | undefined; }, any, TFieldValues>' is not assignable to type 'Resolver<{ status: "active" | "inactive" | "archived" | "under_certification" | "decertified" | "merged"; name: string; memberCount: number; employerId: string; unitType: "full_time" | "part_time" | ... 4 more ... | "professional"; ... 14 more ...; bargainingChairId?: string | undefined; }, any, { ...; }>'.
        Type 'ResolverResult<{ status: "active" | "inactive" | "archived" | "under_certification" | "decertified" | "merged"; name: string; memberCount: number; employerId: string; unitType: "full_time" | ... 5 more ... | "professional"; ... 14 more ...; bargainingChairId?: string | undefined; }, TFieldValues> | Promise<...>' is not assignable to type 'ResolverResult<{ status: "active" | "inactive" | "archived" | "under_certification" | "decertified" | "merged"; name: string; memberCount: number; employerId: string; unitType: "full_time" | ... 5 more ... | "professional"; ... 14 more ...; bargainingChairId?: string | undefined; }, { ...; }> | Promise<...>'.
          Type 'ResolverSuccess<TFieldValues>' is not assignable to type 'ResolverResult<{ status: "active" | "inactive" | "archived" | "under_certification" | "decertified" | "merged"; name: string; memberCount: number; employerId: string; unitType: "full_time" | ... 5 more ... | "professional"; ... 14 more ...; bargainingChairId?: string | undefined; }, { ...; }> | Promise<...>'.
            Type 'ResolverSuccess<TFieldValues>' is not assignable to type 'ResolverSuccess<{ status: "active" | "inactive" | "archived" | "under_certification" | "decertified" | "merged"; name: string; memberCount: number; employerId: string; unitType: "full_time" | "part_time" | ... 4 more ... | "professional"; ... 14 more ...; bargainingChairId?: string | undefined; }>'.
              Type 'TFieldValues' is not assignable to type '{ status: "active" | "inactive" | "archived" | "under_certification" | "decertified" | "merged"; name: string; memberCount: number; employerId: string; unitType: "full_time" | "part_time" | ... 4 more ... | "professional"; ... 14 more ...; bargainingChairId?: string | undefined; }'.
                Type 'FieldValues' is missing the following properties from type '{ status: "active" | "inactive" | "archived" | "under_certification" | "decertified" | "merged"; name: string; memberCount: number; employerId: string; unitType: "full_time" | "part_time" | ... 4 more ... | "professional"; ... 14 more ...; bargainingChairId?: string | undefined; }': status, name, memberCount, employerId, unitType
components/union-structure/BargainingUnitManagement.tsx(721,21): error TS2322: Type 'Control<{ status: "active" | "inactive" | "archived" | "under_certification" | "decertified" | "merged"; name: string; memberCount: number; employerId: string; unitType: "full_time" | "part_time" | ... 4 more ... | "professional"; ... 14 more ...; bargainingChairId?: string | undefined; }, any, TFieldValues>' is not assignable to type 'Control<{ status: "active" | "inactive" | "archived" | "under_certification" | "decertified" | "merged"; name: string; memberCount: number; employerId: string; unitType: "full_time" | "part_time" | ... 4 more ... | "professional"; ... 14 more ...; bargainingChairId?: string | undefined; }, any, { ...; }>'.
  The types of '_options.resolver' are incompatible between these types.
    Type 'Resolver<{ status: "active" | "inactive" | "archived" | "under_certification" | "decertified" | "merged"; name: string; memberCount: number; employerId: string; unitType: "full_time" | ... 5 more ... | "professional"; ... 14 more ...; bargainingChairId?: string | undefined; }, any, TFieldValues> | undefined' is not assignable to type 'Resolver<{ status: "active" | "inactive" | "archived" | "under_certification" | "decertified" | "merged"; name: string; memberCount: number; employerId: string; unitType: "full_time" | ... 5 more ... | "professional"; ... 14 more ...; bargainingChairId?: string | undefined; }, any, { ...; }> | undefined'.
      Type 'Resolver<{ status: "active" | "inactive" | "archived" | "under_certification" | "decertified" | "merged"; name: string; memberCount: number; employerId: string; unitType: "full_time" | "part_time" | ... 4 more ... | "professional"; ... 14 more ...; bargainingChairId?: string | undefined; }, any, TFieldValues>' is not assignable to type 'Resolver<{ status: "active" | "inactive" | "archived" | "under_certification" | "decertified" | "merged"; name: string; memberCount: number; employerId: string; unitType: "full_time" | "part_time" | ... 4 more ... | "professional"; ... 14 more ...; bargainingChairId?: string | undefined; }, any, { ...; }>'.
        Type 'ResolverResult<{ status: "active" | "inactive" | "archived" | "under_certification" | "decertified" | "merged"; name: string; memberCount: number; employerId: string; unitType: "full_time" | ... 5 more ... | "professional"; ... 14 more ...; bargainingChairId?: string | undefined; }, TFieldValues> | Promise<...>' is not assignable to type 'ResolverResult<{ status: "active" | "inactive" | "archived" | "under_certification" | "decertified" | "merged"; name: string; memberCount: number; employerId: string; unitType: "full_time" | ... 5 more ... | "professional"; ... 14 more ...; bargainingChairId?: string | undefined; }, { ...; }> | Promise<...>'.
          Type 'ResolverSuccess<TFieldValues>' is not assignable to type 'ResolverResult<{ status: "active" | "inactive" | "archived" | "under_certification" | "decertified" | "merged"; name: string; memberCount: number; employerId: string; unitType: "full_time" | ... 5 more ... | "professional"; ... 14 more ...; bargainingChairId?: string | undefined; }, { ...; }> | Promise<...>'.
            Type 'ResolverSuccess<TFieldValues>' is not assignable to type 'ResolverSuccess<{ status: "active" | "inactive" | "archived" | "under_certification" | "decertified" | "merged"; name: string; memberCount: number; employerId: string; unitType: "full_time" | "part_time" | ... 4 more ... | "professional"; ... 14 more ...; bargainingChairId?: string | undefined; }>'.
              Type 'TFieldValues' is not assignable to type '{ status: "active" | "inactive" | "archived" | "under_certification" | "decertified" | "merged"; name: string; memberCount: number; employerId: string; unitType: "full_time" | "part_time" | ... 4 more ... | "professional"; ... 14 more ...; bargainingChairId?: string | undefined; }'.
                Type 'FieldValues' is missing the following properties from type '{ status: "active" | "inactive" | "archived" | "under_certification" | "decertified" | "merged"; name: string; memberCount: number; employerId: string; unitType: "full_time" | "part_time" | ... 4 more ... | "professional"; ... 14 more ...; bargainingChairId?: string | undefined; }': status, name, memberCount, employerId, unitType
components/union-structure/BargainingUnitManagement.tsx(742,21): error TS2322: Type 'Control<{ status: "active" | "inactive" | "archived" | "under_certification" | "decertified" | "merged"; name: string; memberCount: number; employerId: string; unitType: "full_time" | "part_time" | ... 4 more ... | "professional"; ... 14 more ...; bargainingChairId?: string | undefined; }, any, TFieldValues>' is not assignable to type 'Control<{ status: "active" | "inactive" | "archived" | "under_certification" | "decertified" | "merged"; name: string; memberCount: number; employerId: string; unitType: "full_time" | "part_time" | ... 4 more ... | "professional"; ... 14 more ...; bargainingChairId?: string | undefined; }, any, { ...; }>'.
  The types of '_options.resolver' are incompatible between these types.
    Type 'Resolver<{ status: "active" | "inactive" | "archived" | "under_certification" | "decertified" | "merged"; name: string; memberCount: number; employerId: string; unitType: "full_time" | ... 5 more ... | "professional"; ... 14 more ...; bargainingChairId?: string | undefined; }, any, TFieldValues> | undefined' is not assignable to type 'Resolver<{ status: "active" | "inactive" | "archived" | "under_certification" | "decertified" | "merged"; name: string; memberCount: number; employerId: string; unitType: "full_time" | ... 5 more ... | "professional"; ... 14 more ...; bargainingChairId?: string | undefined; }, any, { ...; }> | undefined'.
      Type 'Resolver<{ status: "active" | "inactive" | "archived" | "under_certification" | "decertified" | "merged"; name: string; memberCount: number; employerId: string; unitType: "full_time" | "part_time" | ... 4 more ... | "professional"; ... 14 more ...; bargainingChairId?: string | undefined; }, any, TFieldValues>' is not assignable to type 'Resolver<{ status: "active" | "inactive" | "archived" | "under_certification" | "decertified" | "merged"; name: string; memberCount: number; employerId: string; unitType: "full_time" | "part_time" | ... 4 more ... | "professional"; ... 14 more ...; bargainingChairId?: string | undefined; }, any, { ...; }>'.
        Type 'ResolverResult<{ status: "active" | "inactive" | "archived" | "under_certification" | "decertified" | "merged"; name: string; memberCount: number; employerId: string; unitType: "full_time" | ... 5 more ... | "professional"; ... 14 more ...; bargainingChairId?: string | undefined; }, TFieldValues> | Promise<...>' is not assignable to type 'ResolverResult<{ status: "active" | "inactive" | "archived" | "under_certification" | "decertified" | "merged"; name: string; memberCount: number; employerId: string; unitType: "full_time" | ... 5 more ... | "professional"; ... 14 more ...; bargainingChairId?: string | undefined; }, { ...; }> | Promise<...>'.
          Type 'ResolverSuccess<TFieldValues>' is not assignable to type 'ResolverResult<{ status: "active" | "inactive" | "archived" | "under_certification" | "decertified" | "merged"; name: string; memberCount: number; employerId: string; unitType: "full_time" | ... 5 more ... | "professional"; ... 14 more ...; bargainingChairId?: string | undefined; }, { ...; }> | Promise<...>'.
            Type 'ResolverSuccess<TFieldValues>' is not assignable to type 'ResolverSuccess<{ status: "active" | "inactive" | "archived" | "under_certification" | "decertified" | "merged"; name: string; memberCount: number; employerId: string; unitType: "full_time" | "part_time" | ... 4 more ... | "professional"; ... 14 more ...; bargainingChairId?: string | undefined; }>'.
              Type 'TFieldValues' is not assignable to type '{ status: "active" | "inactive" | "archived" | "under_certification" | "decertified" | "merged"; name: string; memberCount: number; employerId: string; unitType: "full_time" | "part_time" | ... 4 more ... | "professional"; ... 14 more ...; bargainingChairId?: string | undefined; }'.
                Type 'FieldValues' is missing the following properties from type '{ status: "active" | "inactive" | "archived" | "under_certification" | "decertified" | "merged"; name: string; memberCount: number; employerId: string; unitType: "full_time" | "part_time" | ... 4 more ... | "professional"; ... 14 more ...; bargainingChairId?: string | undefined; }': status, name, memberCount, employerId, unitType
components/union-structure/BargainingUnitManagement.tsx(756,21): error TS2322: Type 'Control<{ status: "active" | "inactive" | "archived" | "under_certification" | "decertified" | "merged"; name: string; memberCount: number; employerId: string; unitType: "full_time" | "part_time" | ... 4 more ... | "professional"; ... 14 more ...; bargainingChairId?: string | undefined; }, any, TFieldValues>' is not assignable to type 'Control<{ status: "active" | "inactive" | "archived" | "under_certification" | "decertified" | "merged"; name: string; memberCount: number; employerId: string; unitType: "full_time" | "part_time" | ... 4 more ... | "professional"; ... 14 more ...; bargainingChairId?: string | undefined; }, any, { ...; }>'.
  The types of '_options.resolver' are incompatible between these types.
    Type 'Resolver<{ status: "active" | "inactive" | "archived" | "under_certification" | "decertified" | "merged"; name: string; memberCount: number; employerId: string; unitType: "full_time" | ... 5 more ... | "professional"; ... 14 more ...; bargainingChairId?: string | undefined; }, any, TFieldValues> | undefined' is not assignable to type 'Resolver<{ status: "active" | "inactive" | "archived" | "under_certification" | "decertified" | "merged"; name: string; memberCount: number; employerId: string; unitType: "full_time" | ... 5 more ... | "professional"; ... 14 more ...; bargainingChairId?: string | undefined; }, any, { ...; }> | undefined'.
      Type 'Resolver<{ status: "active" | "inactive" | "archived" | "under_certification" | "decertified" | "merged"; name: string; memberCount: number; employerId: string; unitType: "full_time" | "part_time" | ... 4 more ... | "professional"; ... 14 more ...; bargainingChairId?: string | undefined; }, any, TFieldValues>' is not assignable to type 'Resolver<{ status: "active" | "inactive" | "archived" | "under_certification" | "decertified" | "merged"; name: string; memberCount: number; employerId: string; unitType: "full_time" | "part_time" | ... 4 more ... | "professional"; ... 14 more ...; bargainingChairId?: string | undefined; }, any, { ...; }>'.
        Type 'ResolverResult<{ status: "active" | "inactive" | "archived" | "under_certification" | "decertified" | "merged"; name: string; memberCount: number; employerId: string; unitType: "full_time" | ... 5 more ... | "professional"; ... 14 more ...; bargainingChairId?: string | undefined; }, TFieldValues> | Promise<...>' is not assignable to type 'ResolverResult<{ status: "active" | "inactive" | "archived" | "under_certification" | "decertified" | "merged"; name: string; memberCount: number; employerId: string; unitType: "full_time" | ... 5 more ... | "professional"; ... 14 more ...; bargainingChairId?: string | undefined; }, { ...; }> | Promise<...>'.
          Type 'ResolverSuccess<TFieldValues>' is not assignable to type 'ResolverResult<{ status: "active" | "inactive" | "archived" | "under_certification" | "decertified" | "merged"; name: string; memberCount: number; employerId: string; unitType: "full_time" | ... 5 more ... | "professional"; ... 14 more ...; bargainingChairId?: string | undefined; }, { ...; }> | Promise<...>'.
            Type 'ResolverSuccess<TFieldValues>' is not assignable to type 'ResolverSuccess<{ status: "active" | "inactive" | "archived" | "under_certification" | "decertified" | "merged"; name: string; memberCount: number; employerId: string; unitType: "full_time" | "part_time" | ... 4 more ... | "professional"; ... 14 more ...; bargainingChairId?: string | undefined; }>'.
              Type 'TFieldValues' is not assignable to type '{ status: "active" | "inactive" | "archived" | "under_certification" | "decertified" | "merged"; name: string; memberCount: number; employerId: string; unitType: "full_time" | "part_time" | ... 4 more ... | "professional"; ... 14 more ...; bargainingChairId?: string | undefined; }'.
                Type 'FieldValues' is missing the following properties from type '{ status: "active" | "inactive" | "archived" | "under_certification" | "decertified" | "merged"; name: string; memberCount: number; employerId: string; unitType: "full_time" | "part_time" | ... 4 more ... | "professional"; ... 14 more ...; bargainingChairId?: string | undefined; }': status, name, memberCount, employerId, unitType
components/union-structure/BargainingUnitManagement.tsx(776,19): error TS2322: Type 'Control<{ status: "active" | "inactive" | "archived" | "under_certification" | "decertified" | "merged"; name: string; memberCount: number; employerId: string; unitType: "full_time" | "part_time" | ... 4 more ... | "professional"; ... 14 more ...; bargainingChairId?: string | undefined; }, any, TFieldValues>' is not assignable to type 'Control<{ status: "active" | "inactive" | "archived" | "under_certification" | "decertified" | "merged"; name: string; memberCount: number; employerId: string; unitType: "full_time" | "part_time" | ... 4 more ... | "professional"; ... 14 more ...; bargainingChairId?: string | undefined; }, any, { ...; }>'.
  The types of '_options.resolver' are incompatible between these types.
    Type 'Resolver<{ status: "active" | "inactive" | "archived" | "under_certification" | "decertified" | "merged"; name: string; memberCount: number; employerId: string; unitType: "full_time" | ... 5 more ... | "professional"; ... 14 more ...; bargainingChairId?: string | undefined; }, any, TFieldValues> | undefined' is not assignable to type 'Resolver<{ status: "active" | "inactive" | "archived" | "under_certification" | "decertified" | "merged"; name: string; memberCount: number; employerId: string; unitType: "full_time" | ... 5 more ... | "professional"; ... 14 more ...; bargainingChairId?: string | undefined; }, any, { ...; }> | undefined'.
      Type 'Resolver<{ status: "active" | "inactive" | "archived" | "under_certification" | "decertified" | "merged"; name: string; memberCount: number; employerId: string; unitType: "full_time" | "part_time" | ... 4 more ... | "professional"; ... 14 more ...; bargainingChairId?: string | undefined; }, any, TFieldValues>' is not assignable to type 'Resolver<{ status: "active" | "inactive" | "archived" | "under_certification" | "decertified" | "merged"; name: string; memberCount: number; employerId: string; unitType: "full_time" | "part_time" | ... 4 more ... | "professional"; ... 14 more ...; bargainingChairId?: string | undefined; }, any, { ...; }>'.
        Type 'ResolverResult<{ status: "active" | "inactive" | "archived" | "under_certification" | "decertified" | "merged"; name: string; memberCount: number; employerId: string; unitType: "full_time" | ... 5 more ... | "professional"; ... 14 more ...; bargainingChairId?: string | undefined; }, TFieldValues> | Promise<...>' is not assignable to type 'ResolverResult<{ status: "active" | "inactive" | "archived" | "under_certification" | "decertified" | "merged"; name: string; memberCount: number; employerId: string; unitType: "full_time" | ... 5 more ... | "professional"; ... 14 more ...; bargainingChairId?: string | undefined; }, { ...; }> | Promise<...>'.
          Type 'ResolverSuccess<TFieldValues>' is not assignable to type 'ResolverResult<{ status: "active" | "inactive" | "archived" | "under_certification" | "decertified" | "merged"; name: string; memberCount: number; employerId: string; unitType: "full_time" | ... 5 more ... | "professional"; ... 14 more ...; bargainingChairId?: string | undefined; }, { ...; }> | Promise<...>'.
            Type 'ResolverSuccess<TFieldValues>' is not assignable to type 'ResolverSuccess<{ status: "active" | "inactive" | "archived" | "under_certification" | "decertified" | "merged"; name: string; memberCount: number; employerId: string; unitType: "full_time" | "part_time" | ... 4 more ... | "professional"; ... 14 more ...; bargainingChairId?: string | undefined; }>'.
              Type 'TFieldValues' is not assignable to type '{ status: "active" | "inactive" | "archived" | "under_certification" | "decertified" | "merged"; name: string; memberCount: number; employerId: string; unitType: "full_time" | "part_time" | ... 4 more ... | "professional"; ... 14 more ...; bargainingChairId?: string | undefined; }'.
                Type 'FieldValues' is missing the following properties from type '{ status: "active" | "inactive" | "archived" | "under_certification" | "decertified" | "merged"; name: string; memberCount: number; employerId: string; unitType: "full_time" | "part_time" | ... 4 more ... | "professional"; ... 14 more ...; bargainingChairId?: string | undefined; }': status, name, memberCount, employerId, unitType
components/union-structure/BargainingUnitManagement.tsx(794,19): error TS2322: Type 'Control<{ status: "active" | "inactive" | "archived" | "under_certification" | "decertified" | "merged"; name: string; memberCount: number; employerId: string; unitType: "full_time" | "part_time" | ... 4 more ... | "professional"; ... 14 more ...; bargainingChairId?: string | undefined; }, any, TFieldValues>' is not assignable to type 'Control<{ status: "active" | "inactive" | "archived" | "under_certification" | "decertified" | "merged"; name: string; memberCount: number; employerId: string; unitType: "full_time" | "part_time" | ... 4 more ... | "professional"; ... 14 more ...; bargainingChairId?: string | undefined; }, any, { ...; }>'.
  The types of '_options.resolver' are incompatible between these types.
    Type 'Resolver<{ status: "active" | "inactive" | "archived" | "under_certification" | "decertified" | "merged"; name: string; memberCount: number; employerId: string; unitType: "full_time" | ... 5 more ... | "professional"; ... 14 more ...; bargainingChairId?: string | undefined; }, any, TFieldValues> | undefined' is not assignable to type 'Resolver<{ status: "active" | "inactive" | "archived" | "under_certification" | "decertified" | "merged"; name: string; memberCount: number; employerId: string; unitType: "full_time" | ... 5 more ... | "professional"; ... 14 more ...; bargainingChairId?: string | undefined; }, any, { ...; }> | undefined'.
      Type 'Resolver<{ status: "active" | "inactive" | "archived" | "under_certification" | "decertified" | "merged"; name: string; memberCount: number; employerId: string; unitType: "full_time" | "part_time" | ... 4 more ... | "professional"; ... 14 more ...; bargainingChairId?: string | undefined; }, any, TFieldValues>' is not assignable to type 'Resolver<{ status: "active" | "inactive" | "archived" | "under_certification" | "decertified" | "merged"; name: string; memberCount: number; employerId: string; unitType: "full_time" | "part_time" | ... 4 more ... | "professional"; ... 14 more ...; bargainingChairId?: string | undefined; }, any, { ...; }>'.
        Type 'ResolverResult<{ status: "active" | "inactive" | "archived" | "under_certification" | "decertified" | "merged"; name: string; memberCount: number; employerId: string; unitType: "full_time" | ... 5 more ... | "professional"; ... 14 more ...; bargainingChairId?: string | undefined; }, TFieldValues> | Promise<...>' is not assignable to type 'ResolverResult<{ status: "active" | "inactive" | "archived" | "under_certification" | "decertified" | "merged"; name: string; memberCount: number; employerId: string; unitType: "full_time" | ... 5 more ... | "professional"; ... 14 more ...; bargainingChairId?: string | undefined; }, { ...; }> | Promise<...>'.
          Type 'ResolverSuccess<TFieldValues>' is not assignable to type 'ResolverResult<{ status: "active" | "inactive" | "archived" | "under_certification" | "decertified" | "merged"; name: string; memberCount: number; employerId: string; unitType: "full_time" | ... 5 more ... | "professional"; ... 14 more ...; bargainingChairId?: string | undefined; }, { ...; }> | Promise<...>'.
            Type 'ResolverSuccess<TFieldValues>' is not assignable to type 'ResolverSuccess<{ status: "active" | "inactive" | "archived" | "under_certification" | "decertified" | "merged"; name: string; memberCount: number; employerId: string; unitType: "full_time" | "part_time" | ... 4 more ... | "professional"; ... 14 more ...; bargainingChairId?: string | undefined; }>'.
              Type 'TFieldValues' is not assignable to type '{ status: "active" | "inactive" | "archived" | "under_certification" | "decertified" | "merged"; name: string; memberCount: number; employerId: string; unitType: "full_time" | "part_time" | ... 4 more ... | "professional"; ... 14 more ...; bargainingChairId?: string | undefined; }'.
                Type 'FieldValues' is missing the following properties from type '{ status: "active" | "inactive" | "archived" | "under_certification" | "decertified" | "merged"; name: string; memberCount: number; employerId: string; unitType: "full_time" | "part_time" | ... 4 more ... | "professional"; ... 14 more ...; bargainingChairId?: string | undefined; }': status, name, memberCount, employerId, unitType
db/data/communication.ts(22,31): error TS2307: Cannot find module '../core' or its corresponding type declarations.
db/queries/dues-queries.ts(131,36): error TS2339: Property 'tenantId' does not exist on type 'PgTableWithColumns<{ name: "dues_transactions"; schema: undefined; columns: { id: PgColumn<{ name: "id"; tableName: "dues_transactions"; dataType: "string"; columnType: "PgUUID"; data: string; driverParam: string; notNull: true; ... 7 more ...; generated: undefined; }, {}, {}>; ... 25 more ...; receiptUrl: PgColumn<...'.
db/queries/dues-queries.ts(178,85): error TS2339: Property 'tenantId' does not exist on type '{ organizationId: string; memberId: string; dueDate: string; transactionType: string; amount: string; periodStart: string; periodEnd: string; duesAmount: string; totalAmount: string; status?: string | undefined; ... 16 more ...; receiptUrl?: string | ... 1 more ... | undefined; }'.
db/queries/dues-queries.ts(289,36): error TS2339: Property 'tenantId' does not exist on type 'PgTableWithColumns<{ name: "dues_transactions"; schema: undefined; columns: { id: PgColumn<{ name: "id"; tableName: "dues_transactions"; dataType: "string"; columnType: "PgUUID"; data: string; driverParam: string; notNull: true; ... 7 more ...; generated: undefined; }, {}, {}>; ... 25 more ...; receiptUrl: PgColumn<...'.
db/queries/enhanced-rbac-queries.ts(674,20): error TS2304: Cannot find name 'organizationId'.
db/queries/organization-members-queries.ts(26,38): error TS2339: Property 'deletedAt' does not exist on type 'PgTableWithColumns<{ name: "organization_members"; schema: undefined; columns: { id: PgColumn<{ name: "id"; tableName: "organization_members"; dataType: "string"; columnType: "PgUUID"; data: string; driverParam: string; ... 8 more ...; generated: undefined; }, {}, {}>; ... 12 more ...; updatedAt: PgColumn<...>; }; d...'.
db/queries/organization-members-queries.ts(29,41): error TS2339: Property 'createdAt' does not exist on type 'PgTableWithColumns<{ name: "organization_members"; schema: undefined; columns: { id: PgColumn<{ name: "id"; tableName: "organization_members"; dataType: "string"; columnType: "PgUUID"; data: string; driverParam: string; ... 8 more ...; generated: undefined; }, {}, {}>; ... 12 more ...; updatedAt: PgColumn<...>; }; d...'.
db/queries/organization-members-queries.ts(55,38): error TS2339: Property 'deletedAt' does not exist on type 'PgTableWithColumns<{ name: "organization_members"; schema: undefined; columns: { id: PgColumn<{ name: "id"; tableName: "organization_members"; dataType: "string"; columnType: "PgUUID"; data: string; driverParam: string; ... 8 more ...; generated: undefined; }, {}, {}>; ... 12 more ...; updatedAt: PgColumn<...>; }; d...'.
db/queries/organization-members-queries.ts(86,38): error TS2339: Property 'deletedAt' does not exist on type 'PgTableWithColumns<{ name: "organization_members"; schema: undefined; columns: { id: PgColumn<{ name: "id"; tableName: "organization_members"; dataType: "string"; columnType: "PgUUID"; data: string; driverParam: string; ... 8 more ...; generated: undefined; }, {}, {}>; ... 12 more ...; updatedAt: PgColumn<...>; }; d...'.
db/queries/organization-members-queries.ts(151,5): error TS2353: Object literal may only specify known properties, and 'name' does not exist in type '{ status: string; userId: string; organizationId: string; role: string; id?: string | undefined; updatedAt?: Date | null | undefined; isPrimary?: boolean | null | undefined; membershipNumber?: string | ... 1 more ... | undefined; ... 5 more ...; exemptionApprovedAt?: Date | ... 1 more ... | undefined; }'.
db/queries/organization-members-queries.ts(175,38): error TS2339: Property 'deletedAt' does not exist on type 'PgTableWithColumns<{ name: "organization_members"; schema: undefined; columns: { id: PgColumn<{ name: "id"; tableName: "organization_members"; dataType: "string"; columnType: "PgUUID"; data: string; driverParam: string; ... 8 more ...; generated: undefined; }, {}, {}>; ... 12 more ...; updatedAt: PgColumn<...>; }; d...'.
db/queries/organization-members-queries.ts(201,9): error TS2353: Object literal may only specify known properties, and 'deletedAt' does not exist in type '{ status?: string | SQL<unknown> | PgColumn<ColumnBaseConfig<ColumnDataType, string>, {}, {}> | undefined; userId?: string | SQL<unknown> | PgColumn<...> | undefined; ... 11 more ...; exemptionApprovedAt?: Date | ... 3 more ... | undefined; }'.
db/queries/organization-members-queries.ts(231,38): error TS2339: Property 'deletedAt' does not exist on type 'PgTableWithColumns<{ name: "organization_members"; schema: undefined; columns: { id: PgColumn<{ name: "id"; tableName: "organization_members"; dataType: "string"; columnType: "PgUUID"; data: string; driverParam: string; ... 8 more ...; generated: undefined; }, {}, {}>; ... 12 more ...; updatedAt: PgColumn<...>; }; d...'.
db/queries/organization-members-queries.ts(260,38): error TS2339: Property 'deletedAt' does not exist on type 'PgTableWithColumns<{ name: "organization_members"; schema: undefined; columns: { id: PgColumn<{ name: "id"; tableName: "organization_members"; dataType: "string"; columnType: "PgUUID"; data: string; driverParam: string; ... 8 more ...; generated: undefined; }, {}, {}>; ... 12 more ...; updatedAt: PgColumn<...>; }; d...'.
db/queries/organization-members-queries.ts(290,38): error TS2339: Property 'deletedAt' does not exist on type 'PgTableWithColumns<{ name: "organization_members"; schema: undefined; columns: { id: PgColumn<{ name: "id"; tableName: "organization_members"; dataType: "string"; columnType: "PgUUID"; data: string; driverParam: string; ... 8 more ...; generated: undefined; }, {}, {}>; ... 12 more ...; updatedAt: PgColumn<...>; }; d...'.
db/queries/organization-members-queries.ts(293,41): error TS2339: Property 'createdAt' does not exist on type 'PgTableWithColumns<{ name: "organization_members"; schema: undefined; columns: { id: PgColumn<{ name: "id"; tableName: "organization_members"; dataType: "string"; columnType: "PgUUID"; data: string; driverParam: string; ... 8 more ...; generated: undefined; }, {}, {}>; ... 12 more ...; updatedAt: PgColumn<...>; }; d...'.
db/queries/organization-members-queries.ts(319,38): error TS2339: Property 'deletedAt' does not exist on type 'PgTableWithColumns<{ name: "organization_members"; schema: undefined; columns: { id: PgColumn<{ name: "id"; tableName: "organization_members"; dataType: "string"; columnType: "PgUUID"; data: string; driverParam: string; ... 8 more ...; generated: undefined; }, {}, {}>; ... 12 more ...; updatedAt: PgColumn<...>; }; d...'.
db/queries/organization-members-queries.ts(322,41): error TS2339: Property 'createdAt' does not exist on type 'PgTableWithColumns<{ name: "organization_members"; schema: undefined; columns: { id: PgColumn<{ name: "id"; tableName: "organization_members"; dataType: "string"; columnType: "PgUUID"; data: string; driverParam: string; ... 8 more ...; generated: undefined; }, {}, {}>; ... 12 more ...; updatedAt: PgColumn<...>; }; d...'.
db/queries/organization-members-queries.ts(348,34): error TS2339: Property 'deletedAt' does not exist on type 'PgTableWithColumns<{ name: "organization_members"; schema: undefined; columns: { id: PgColumn<{ name: "id"; tableName: "organization_members"; dataType: "string"; columnType: "PgUUID"; data: string; driverParam: string; ... 8 more ...; generated: undefined; }, {}, {}>; ... 12 more ...; updatedAt: PgColumn<...>; }; d...'.
db/queries/organization-members-queries.ts(355,49): error TS2339: Property 'searchVector' does not exist on type 'PgTableWithColumns<{ name: "organization_members"; schema: undefined; columns: { id: PgColumn<{ name: "id"; tableName: "organization_members"; dataType: "string"; columnType: "PgUUID"; data: string; driverParam: string; ... 8 more ...; generated: undefined; }, {}, {}>; ... 12 more ...; updatedAt: PgColumn<...>; }; d...'.
db/queries/organization-members-queries.ts(366,46): error TS2339: Property 'department' does not exist on type 'PgTableWithColumns<{ name: "organization_members"; schema: undefined; columns: { id: PgColumn<{ name: "id"; tableName: "organization_members"; dataType: "string"; columnType: "PgUUID"; data: string; driverParam: string; ... 8 more ...; generated: undefined; }, {}, {}>; ... 12 more ...; updatedAt: PgColumn<...>; }; d...'.
db/queries/organization-members-queries.ts(378,43): error TS2339: Property 'searchVector' does not exist on type 'PgTableWithColumns<{ name: "organization_members"; schema: undefined; columns: { id: PgColumn<{ name: "id"; tableName: "organization_members"; dataType: "string"; columnType: "PgUUID"; data: string; driverParam: string; ... 8 more ...; generated: undefined; }, {}, {}>; ... 12 more ...; updatedAt: PgColumn<...>; }; d...'.
db/queries/organization-members-queries.ts(382,57): error TS2339: Property 'createdAt' does not exist on type 'PgTableWithColumns<{ name: "organization_members"; schema: undefined; columns: { id: PgColumn<{ name: "id"; tableName: "organization_members"; dataType: "string"; columnType: "PgUUID"; data: string; driverParam: string; ... 8 more ...; generated: undefined; }, {}, {}>; ... 12 more ...; updatedAt: PgColumn<...>; }; d...'.
db/queries/profiles-queries.ts(196,11): error TS2322: Type '{ email: string | null; status: string | null; userId: string; membership: "free" | "pro"; id: string; paymentProvider: "stripe" | "whop" | null; stripeCustomerId: string | null; ... 10 more ...; updatedAt: Date; } | null' is not assignable to type 'null'.
  Type '{ email: string | null; status: string | null; userId: string; membership: "free" | "pro"; id: string; paymentProvider: "stripe" | "whop" | null; stripeCustomerId: string | null; stripeSubscriptionId: string | null; ... 9 more ...; updatedAt: Date; }' is not assignable to type 'null'.
db/queries/profiles-queries.ts(223,43): error TS2339: Property 'userId' does not exist on type 'never'.
db/schema/ai-chatbot-schema.ts(409,52): error TS2339: Property 'id' does not exist on type 'PgTableWithColumns<{ name: "users"; schema: "user_management"; columns: { userId: PgColumn<{ name: "user_id"; tableName: "users"; dataType: "string"; columnType: "PgVarchar"; data: string; driverParam: string; notNull: true; ... 7 more ...; generated: undefined; }, {}, { ...; }>; ... 27 more ...; updatedAt: PgColumn...'.
db/schema/domains/communications/index.ts(35,1): error TS2308: Module './newsletters' has already exported a member named 'campaignStatusEnum'. Consider explicitly re-exporting to resolve the ambiguity.
db/schema/domains/data/hris.ts(40,3): error TS2769: No overload matches this call.
  The last overload gave the following error.
    Object literal may only specify known properties, and 'id' does not exist in type '(columnTypes: { bigint: { <TMode extends PgBigIntConfig["mode"]>(config: PgBigIntConfig<TMode>): TMode extends "number" ? PgBigInt53BuilderInitial<""> : PgBigInt64BuilderInitial<...>; <TName extends string, TMode extends PgBigIntConfig["mode"]>(name: TName, config: PgBigIntConfig<...>): TMode extends "number" ? PgBi...'.
db/schema/domains/finance/index.ts(25,1): error TS2308: Module './dues' has already exported a member named 'paymentProcessorEnum'. Consider explicitly re-exporting to resolve the ambiguity.
db/schema/domains/infrastructure/index.ts(61,1): error TS2308: Module './erp' has already exported a member named 'syncStatusEnum'. Consider explicitly re-exporting to resolve the ambiguity.
db/schema/domains/ml/chatbot.ts(409,52): error TS2339: Property 'id' does not exist on type 'PgTableWithColumns<{ name: "users"; schema: "user_management"; columns: { userId: PgColumn<{ name: "user_id"; tableName: "users"; dataType: "string"; columnType: "PgVarchar"; data: string; driverParam: string; notNull: true; ... 7 more ...; generated: undefined; }, {}, { ...; }>; ... 27 more ...; updatedAt: PgColumn...'.
db/schema/index.ts(33,1): error TS2308: Module "./domains/communications" has already exported a member named 'consentStatusEnum'. Consider explicitly re-exporting to resolve the ambiguity.
db/schema/index.ts(34,1): error TS2308: Module "./domains/claims" has already exported a member named 'GrievanceType'. Consider explicitly re-exporting to resolve the ambiguity.
db/schema/index.ts(34,1): error TS2308: Module "./domains/member" has already exported a member named 'employmentStatusEnum'. Consider explicitly re-exporting to resolve the ambiguity.
db/schema/index.ts(37,1): error TS2308: Module "./domains/communications" has already exported a member named 'mlPredictions'. Consider explicitly re-exporting to resolve the ambiguity.
db/schema/index.ts(39,1): error TS2308: Module "./domains/communications" has already exported a member named 'campaignStatusEnum'. Consider explicitly re-exporting to resolve the ambiguity.
db/schema/index.ts(39,1): error TS2308: Module "./domains/finance" has already exported a member named 'accountTypeEnum'. Consider explicitly re-exporting to resolve the ambiguity.
db/schema/index.ts(39,1): error TS2308: Module "./domains/finance" has already exported a member named 'chartOfAccounts'. Consider explicitly re-exporting to resolve the ambiguity.
db/schema/index.ts(39,1): error TS2308: Module "./domains/finance" has already exported a member named 'chartOfAccountsRelations'. Consider explicitly re-exporting to resolve the ambiguity.
db/schema/index.ts(39,1): error TS2308: Module "./domains/finance" has already exported a member named 'glAccountMappings'. Consider explicitly re-exporting to resolve the ambiguity.
db/schema/index.ts(39,1): error TS2308: Module "./domains/scheduling" has already exported a member named 'syncStatusEnum'. Consider explicitly re-exporting to resolve the ambiguity.
db/schema/index.ts(49,1): error TS2308: Module "./domains/communications" has already exported a member named 'StewardAssignment'. Consider explicitly re-exporting to resolve the ambiguity.
db/schema/index.ts(49,1): error TS2308: Module "./domains/communications" has already exported a member named 'stewardAssignments'. Consider explicitly re-exporting to resolve the ambiguity.
db/schema/index.ts(49,1): error TS2308: Module "./domains/communications" has already exported a member named 'stewardAssignmentsRelations'. Consider explicitly re-exporting to resolve the ambiguity.
db/schema/mobile-devices-schema.ts(148,46): error TS2345: Argument of type 'number' is not assignable to parameter of type 'string | SQL<unknown>'.
db/schema/mobile-devices-schema.ts(149,46): error TS2345: Argument of type 'number' is not assignable to parameter of type 'string | SQL<unknown>'.
db/schema/mobile-devices-schema.ts(238,67): error TS2345: Argument of type 'number' is not assignable to parameter of type 'string | SQL<unknown>'.
db/schema/mobile-devices-schema.ts(243,54): error TS2345: Argument of type 'number' is not assignable to parameter of type 'string | SQL<unknown>'.
lib/alerts/alert-rules.ts(395,58): error TS18046: 'e' is of type 'unknown'.
lib/alerts/alert-rules.ts(395,79): error TS18046: 'e' is of type 'unknown'.
lib/alerts/alert-rules.ts(491,5): error TS2322: Type 'unknown' is not assignable to type '{ threshold: number; operator: ThresholdOperator; metric: string; windowSize: number; windowUnit: TimeWindowUnit; aggregation?: "count" | "max" | ... 6 more ... | undefined; }[] | undefined'.
lib/api/index.ts(43,5): error TS2304: Cannot find name 'logger'.
lib/api/standardized-responses.ts(225,5): error TS2322: Type 'unknown' is not assignable to type 'Record<string, unknown> | undefined'.
lib/azure-keyvault.ts(248,9): error TS18046: 'db' is of type 'unknown'.
lib/azure-keyvault.ts(252,13): error TS18046: 'db' is of type 'unknown'.
lib/azure-keyvault.ts(253,16): error TS18046: 'db' is of type 'unknown'.
lib/azure-keyvault.ts(255,13): error TS18046: 'db' is of type 'unknown'.
lib/case-assignment-engine.ts(412,9): error TS2740: Type '{}' is missing the following properties from type 'string[]': length, pop, push, concat, and 35 more.
lib/case-assignment-engine.ts(413,9): error TS2322: Type '{}' is not assignable to type 'number'.
lib/case-assignment-engine.ts(415,9): error TS2322: Type '{}' is not assignable to type 'number'.
lib/case-assignment-engine.ts(416,9): error TS2740: Type '{}' is missing the following properties from type 'string[]': length, pop, push, concat, and 35 more.
lib/case-assignment-engine.ts(419,9): error TS2740: Type '{}' is missing the following properties from type 'string[]': length, pop, push, concat, and 35 more.
lib/case-assignment-engine.ts(420,9): error TS2740: Type '{}' is missing the following properties from type 'string[]': length, pop, push, concat, and 35 more.
lib/case-assignment-engine.ts(605,55): error TS2363: The right-hand side of an arithmetic operation must be of type 'any', 'number', 'bigint' or an enum type.
lib/chaos-engineering/chaos-monkey.ts(237,3): error TS2322: Type '{}' is not assignable to type '"development" | "production" | "staging" | undefined'.
lib/claim-notifications.ts(19,10): error TS2305: Module '"./member-experience/human-explainers"' has no exported member 'generateStatusUpdateMessage'.
lib/claim-notifications.ts(69,38): error TS2339: Property 'users' does not exist on type '() => Promise<ClerkClient>'.
lib/claim-notifications.ts(83,43): error TS2339: Property 'users' does not exist on type '() => Promise<ClerkClient>'.
lib/claim-notifications.ts(282,38): error TS2339: Property 'users' does not exist on type '() => Promise<ClerkClient>'.
lib/claim-notifications.ts(293,43): error TS2339: Property 'users' does not exist on type '() => Promise<ClerkClient>'.
lib/config.ts(178,25): error TS2367: This comparison appears to be unintentional because the types '"development" | "production"' and '"staging"' have no overlap.
lib/csrf-client.ts(100,3): error TS18046: 'axiosInstance' is of type 'unknown'.
lib/csrf-client.ts(102,22): error TS18046: 'config' is of type 'unknown'.
lib/csrf-client.ts(110,11): error TS18046: 'config' is of type 'unknown'.
lib/csrf-client.ts(290,5): error TS18046: 'error' is of type 'unknown'.
lib/csrf-protection.ts(19,10): error TS2300: Duplicate identifier 'logger'.
lib/csrf-protection.ts(21,10): error TS2300: Duplicate identifier 'logger'.
lib/database/multi-db-client.ts(206,18): error TS2345: Argument of type 'unknown' is not assignable to parameter of type 'SQL<unknown> | Column<ColumnBaseConfig<ColumnDataType, string>, object, object> | Aliased<unknown>'.
lib/database/multi-db-client.ts(283,15): error TS2769: No overload matches this call.
  Overload 1 of 3, '(left: Column<ColumnBaseConfig<ColumnDataType, string>, object, object>, right: unknown): SQL<unknown>', gave the following error.
    Argument of type 'unknown' is not assignable to parameter of type 'Column<ColumnBaseConfig<ColumnDataType, string>, object, object>'.
  Overload 2 of 3, '(left: Aliased<number>, right: number | SQLWrapper): SQL<unknown>', gave the following error.
    Argument of type 'unknown' is not assignable to parameter of type 'Aliased<number>'.
  Overload 3 of 3, '(left: SQLWrapper, right: unknown): SQL<unknown>', gave the following error.
    Argument of type 'unknown' is not assignable to parameter of type 'SQLWrapper'.
lib/database/multi-db-client.ts(286,15): error TS2769: No overload matches this call.
  Overload 1 of 3, '(left: Column<ColumnBaseConfig<ColumnDataType, string>, object, object>, right: unknown): SQL<unknown>', gave the following error.
    Argument of type 'unknown' is not assignable to parameter of type 'Column<ColumnBaseConfig<ColumnDataType, string>, object, object>'.
  Overload 2 of 3, '(left: Aliased<boolean>, right: boolean | SQLWrapper): SQL<unknown>', gave the following error.
    Argument of type 'unknown' is not assignable to parameter of type 'Aliased<boolean>'.
  Overload 3 of 3, '(left: SQLWrapper, right: unknown): SQL<unknown>', gave the following error.
    Argument of type 'unknown' is not assignable to parameter of type 'SQLWrapper'.
lib/database/multi-db-client.ts(299,19): error TS2345: Argument of type 'unknown' is not assignable to parameter of type 'SQLWrapper'.
lib/database/multi-db-client.ts(343,22): error TS18046: 'db.execute' is of type 'unknown'.
lib/database/multi-db-client.ts(345,22): error TS18046: 'db.execute' is of type 'unknown'.
lib/db-validator.ts(51,7): error TS2322: Type 'unknown' is not assignable to type '{ connected: boolean; version?: string | undefined; database?: string | undefined; poolStatus?: PoolStatus | undefined; } | undefined'.
lib/db-validator.ts(82,51): error TS18046: 'result' is of type 'unknown'.
lib/db-validator.ts(153,51): error TS18046: 'result' is of type 'unknown'.
lib/db-validator.ts(182,51): error TS18046: 'result' is of type 'unknown'.
lib/db-validator.ts(183,47): error TS18046: 'row' is of type 'unknown'.
lib/db/with-rls-context.ts(57,34): error TS2344: Type 'unknown' does not satisfy the constraint 'Record<string, unknown>'.
lib/db/with-rls-context.ts(65,34): error TS2344: Type 'unknown' does not satisfy the constraint 'Record<string, unknown>'.
lib/db/with-rls-context.ts(70,28): error TS2344: Type 'unknown' does not satisfy the constraint 'Record<string, unknown>'.
lib/db/with-rls-context.ts(73,28): error TS2344: Type 'unknown' does not satisfy the constraint 'Record<string, unknown>'.
lib/db/with-rls-context.ts(78,28): error TS2344: Type 'unknown' does not satisfy the constraint 'Record<string, unknown>'.
lib/db/with-rls-context.ts(110,36): error TS2345: Argument of type 'PgTransaction<PostgresJsQueryResultHKT, typeof import("C:/APPS/nzila-automation/apps/union-eyes/db/schema/index"), ExtractTablesWithRelations<typeof import("C:/APPS/nzila-automation/apps/union-eyes/db/schema/index")>>' is not assignable to parameter of type 'NodePgDatabase<unknown>'.
  The types of '_.session' are incompatible between these types.
    Type 'PgSession<PostgresJsQueryResultHKT, typeof import("C:/APPS/nzila-automation/apps/union-eyes/db/schema/index"), ExtractTablesWithRelations<typeof import("C:/APPS/nzila-automation/apps/union-eyes/db/schema/index")>>' is not assignable to type 'PgSession<NodePgQueryResultHKT, unknown, ExtractTablesWithRelations<unknown>>'.
      Type 'PostgresJsQueryResultHKT' is not assignable to type 'NodePgQueryResultHKT'.
        Types of property 'type' are incompatible.
          Type 'Row[] & Iterable<Row> & ResultQueryMeta<number, string | number>' is missing the following properties from type 'QueryResult<QueryResultRow>': rows, rowCount, oid, fields
lib/document-management-system.ts(518,9): error TS2322: Type 'unknown' is not assignable to type 'string'.
lib/document-management-system.ts(619,7): error TS2322: Type '{}' is not assignable to type '"pending" | "sent" | "declined" | "expired" | "signed" | "voided"'.
lib/document-management-system.ts(826,127): error TS2339: Property 'requestedBy' does not exist on type 'ESignatureRequest'.
lib/document-management-system.ts(832,56): error TS2339: Property 'requestedBy' does not exist on type 'ESignatureRequest'.
lib/document-management-system.ts(841,28): error TS2339: Property 'id' does not exist on type 'ESignatureRequest'.
lib/dues-calculation-engine.ts(7,8): error TS2724: '"@/services/financial-service/src/db/schema"' has no exported member named 'DuesRule'. Did you mean 'duesRules'?
lib/dues-calculation-engine.ts(8,8): error TS2724: '"@/services/financial-service/src/db/schema"' has no exported member named 'MemberDuesAssignment'. Did you mean 'memberDuesAssignments'?
lib/dues-calculation-engine.ts(147,7): error TS2322: Type 'unknown' is not assignable to type '{ baseAmount: number; rate?: number | undefined; hours?: number | undefined; tier?: string | undefined; }'.
lib/dues-calculation-engine.ts(526,13): error TS2322: Type 'Date' is not assignable to type 'string | SQL<unknown> | PgColumn<ColumnBaseConfig<ColumnDataType, string>, {}, {}> | null | undefined'.
lib/email/report-email-templates.ts(91,29): error TS2307: Cannot find module '@sendgrid/mail' or its corresponding type declarations.
lib/engagement-scoring.ts(159,28): error TS2339: Property 'tenantId' does not exist on type 'PgTableWithColumns<{ name: "survey_responses"; schema: undefined; columns: { id: PgColumn<{ name: "id"; tableName: "survey_responses"; dataType: "string"; columnType: "PgUUID"; data: string; driverParam: string; notNull: true; ... 7 more ...; generated: undefined; }, {}, {}>; ... 12 more ...; updatedAt: PgColumn<......'.
lib/engagement-scoring.ts(175,22): error TS2339: Property 'tenantId' does not exist on type 'PgTableWithColumns<{ name: "poll_votes"; schema: undefined; columns: { id: PgColumn<{ name: "id"; tableName: "poll_votes"; dataType: "string"; columnType: "PgUUID"; data: string; driverParam: string; notNull: true; hasDefault: true; ... 6 more ...; generated: undefined; }, {}, {}>; ... 7 more ...; votedAt: PgColumn<...'.
lib/engagement-scoring.ts(318,28): error TS2339: Property 'tenantId' does not exist on type 'PgTableWithColumns<{ name: "survey_responses"; schema: undefined; columns: { id: PgColumn<{ name: "id"; tableName: "survey_responses"; dataType: "string"; columnType: "PgUUID"; data: string; driverParam: string; notNull: true; ... 7 more ...; generated: undefined; }, {}, {}>; ... 12 more ...; updatedAt: PgColumn<......'.
lib/engagement-scoring.ts(331,22): error TS2339: Property 'tenantId' does not exist on type 'PgTableWithColumns<{ name: "poll_votes"; schema: undefined; columns: { id: PgColumn<{ name: "id"; tableName: "poll_votes"; dataType: "string"; columnType: "PgUUID"; data: string; driverParam: string; notNull: true; hasDefault: true; ... 6 more ...; generated: undefined; }, {}, {}>; ... 7 more ...; votedAt: PgColumn<...'.
lib/engagement-scoring.ts(411,30): error TS2339: Property 'tenantId' does not exist on type 'PgTableWithColumns<{ name: "survey_responses"; schema: undefined; columns: { id: PgColumn<{ name: "id"; tableName: "survey_responses"; dataType: "string"; columnType: "PgUUID"; data: string; driverParam: string; notNull: true; ... 7 more ...; generated: undefined; }, {}, {}>; ... 12 more ...; updatedAt: PgColumn<......'.
lib/engagement-scoring.ts(424,24): error TS2339: Property 'tenantId' does not exist on type 'PgTableWithColumns<{ name: "poll_votes"; schema: undefined; columns: { id: PgColumn<{ name: "id"; tableName: "poll_votes"; dataType: "string"; columnType: "PgUUID"; data: string; driverParam: string; notNull: true; hasDefault: true; ... 6 more ...; generated: undefined; }, {}, {}>; ... 7 more ...; votedAt: PgColumn<...'.
lib/entitlement-sat-validator.ts(336,48): error TS2345: Argument of type 'string' is not assignable to parameter of type 'GatedFeature'.
lib/entitlement-sat-validator.ts(439,7): error TS2322: Type '"organizer"' is not assignable to type '"member" | "steward" | "chief_steward" | "health_safety_rep" | "officer" | "admin" | "president" | "vice_president" | "app_owner" | "coo" | "cto" | "platform_lead" | "customer_success_director" | ... 19 more ... | "bargaining_committee"'.
lib/entitlement-sat-validator.ts(443,7): error TS2322: Type '"business_rep"' is not assignable to type '"member" | "steward" | "chief_steward" | "health_safety_rep" | "officer" | "admin" | "president" | "vice_president" | "app_owner" | "coo" | "cto" | "platform_lead" | "customer_success_director" | ... 19 more ... | "bargaining_committee"'.
lib/examples/static-generation-patterns.ts(43,56): error TS2339: Property 'isPublic' does not exist on type '{ id: PgColumn<{ name: "id"; tableName: "organizations"; dataType: "string"; columnType: "PgUUID"; data: string; driverParam: string; notNull: true; hasDefault: true; isPrimaryKey: true; isAutoincrement: false; ... 4 more ...; generated: undefined; }, {}, {}>; ... 34 more ...; fiscalYearEnd: PgColumn<...>; }'.
lib/examples/static-generation-patterns.ts(48,7): error TS2353: Object literal may only specify known properties, and 'logoUrl' does not exist in type '{ id?: boolean | undefined; name?: boolean | undefined; slug?: boolean | undefined; displayName?: boolean | undefined; shortName?: boolean | undefined; description?: boolean | undefined; ... 29 more ...; fiscalYearEnd?: boolean | undefined; }'.
lib/examples/static-generation-patterns.ts(72,56): error TS2339: Property 'isPublic' does not exist on type '{ id: PgColumn<{ name: "id"; tableName: "organizations"; dataType: "string"; columnType: "PgUUID"; data: string; driverParam: string; notNull: true; hasDefault: true; isPrimaryKey: true; isAutoincrement: false; ... 4 more ...; generated: undefined; }, {}, {}>; ... 34 more ...; fiscalYearEnd: PgColumn<...>; }'.
lib/examples/static-generation-patterns.ts(98,24): error TS2339: Property 'isPublic' does not exist on type '{ id: PgColumn<{ name: "id"; tableName: "organizations"; dataType: "string"; columnType: "PgUUID"; data: string; driverParam: string; notNull: true; hasDefault: true; isPrimaryKey: true; isAutoincrement: false; ... 4 more ...; generated: undefined; }, {}, {}>; ... 34 more ...; fiscalYearEnd: PgColumn<...>; }'.
lib/examples/static-generation-patterns.ts(104,7): error TS2353: Object literal may only specify known properties, and 'events' does not exist in type '{ parent?: true | DBQueryConfig<"many", false, ExtractTablesWithRelations<typeof import("C:/APPS/nzila-automation/apps/union-eyes/db/schema/index")>, FindTableByDBName<ExtractTablesWithRelations<typeof import("C:/APPS/nzila-automation/apps/union-eyes/db/schema/index")>, string>> | undefined; children?: true | ... 1 ...'.
lib/examples/static-generation-patterns.ts(181,5): error TS2554: Expected 2 arguments, but got 1.
lib/observability/distributed-tracing.ts(277,35): error TS18046: 'target' is of type 'unknown'.
lib/observability/metrics.ts(17,76): error TS2307: Cannot find module 'prom-client' or its corresponding type declarations.
lib/observability/telemetry.ts(60,24): error TS2693: 'Resource' only refers to a type, but is being used as a value here.
lib/observability/telemetry.ts(143,23): error TS2345: Argument of type 'Span' is not assignable to parameter of type '(name: string, options?: SpanOptions | undefined, context?: Context | undefined) => Span'.
  Type 'Span' provides no match for the signature '(name: string, options?: SpanOptions | undefined, context?: Context | undefined): Span'.
lib/payment-processor/index.ts(38,44): error TS2724: '"./processors/future-processors"' has no exported member named 'ManualProcessor'. Did you mean 'PayPalProcessor'?
lib/payment-processor/processor-factory.ts(17,10): error TS2724: '"./processors/future-processors"' has no exported member named 'ManualProcessor'. Did you mean 'PayPalProcessor'?
lib/rate-limiter.ts(15,10): error TS2300: Duplicate identifier 'logger'.
lib/rate-limiter.ts(17,10): error TS2300: Duplicate identifier 'logger'.
lib/recurring-events-service.ts(102,9): error TS2322: Type 'unknown' is not assignable to type '"MONTHLY" | "DAILY" | "WEEKLY" | "YEARLY"'.
lib/recurring-events-service.ts(156,25): error TS18046: 'baseEvent' is of type 'unknown'.
lib/recurring-events-service.ts(157,13): error TS18046: 'baseEvent' is of type 'unknown'.
lib/recurring-events-service.ts(164,31): error TS18046: 'baseEvent' is of type 'unknown'.
lib/recurring-events-service.ts(164,71): error TS18046: 'baseEvent' is of type 'unknown'.
lib/recurring-events-service.ts(175,24): error TS18046: 'baseEvent' is of type 'unknown'.
lib/report-executor.ts(431,54): error TS2339: Property 'baseTable' does not exist on type 'DataSourceMetadata'.
lib/resilience/retry.ts(232,33): error TS18046: 'target' is of type 'unknown'.
lib/tenant-context.tsx(176,25): error TS2339: Property 'organizationId' does not exist on type 'TenantInfo'.
lib/tracing/opentelemetry.ts(65,13): error TS2339: Property 'Resource' does not exist on type '{ default: typeof import("C:/APPS/nzila-automation/node_modules/@opentelemetry/resources/build/src/index"); detectResources: (config?: ResourceDetectionConfig | undefined) => Resource; ... 8 more ...; defaultServiceName: () => string; }'.
lib/tracing/opentelemetry.ts(118,11): error TS2353: Object literal may only specify known properties, and ''@opentelemetry/instrumentation-redis-4'' does not exist in type 'InstrumentationConfigMap'.
middleware.ts(268,68): error TS2339: Property 'headers' does not exist on type 'never'.
services/governance-service.ts(56,37): error TS2551: Property 'toISOString' does not exist on type 'string'. Did you mean 'toString'?
