app/api/ai/semantic-search/route.ts(177,5): error TS1128: Declaration or statement expected.
app/api/ai/semantic-search/route.ts(204,1): error TS1128: Declaration or statement expected.
