app/api/admin/clc/analytics/forecast/route.ts(21,10): error TS2554: Expected 2 arguments, but got 1.
app/api/admin/clc/analytics/forecast/route.ts(21,23): error TS2345: Argument of type 'number' is not assignable to parameter of type 'string'.
app/api/admin/clc/analytics/forecast/route.ts(30,50): error TS2322: Type 'unknown' is not assignable to type 'string | undefined'.
app/api/admin/clc/analytics/forecast/route.ts(46,48): error TS2322: Type 'unknown' is not assignable to type 'string | undefined'.
app/api/admin/clc/analytics/forecast/route.ts(62,48): error TS2322: Type 'unknown' is not assignable to type 'string | undefined'.
app/api/admin/clc/analytics/forecast/route.ts(65,11): error TS2322: Type '"server_error"' is not assignable to type '"success" | "auth_failed" | "validation_failed" | "sql_injection_attempt" | "unauthorized_access"'.
app/api/admin/clc/analytics/trends/route.ts(22,10): error TS2554: Expected 2 arguments, but got 1.
app/api/admin/clc/analytics/trends/route.ts(22,23): error TS2345: Argument of type 'number' is not assignable to parameter of type 'string'.
app/api/admin/clc/analytics/trends/route.ts(27,54): error TS2345: Argument of type 'unknown' is not assignable to parameter of type 'string'.
app/api/admin/clc/analytics/trends/route.ts(46,50): error TS2322: Type 'unknown' is not assignable to type 'string | undefined'.
app/api/admin/clc/analytics/trends/route.ts(62,48): error TS2322: Type 'unknown' is not assignable to type 'string | undefined'.
app/api/admin/clc/analytics/trends/route.ts(78,48): error TS2322: Type 'unknown' is not assignable to type 'string | undefined'.
app/api/admin/clc/analytics/trends/route.ts(81,11): error TS2322: Type '"server_error"' is not assignable to type '"success" | "auth_failed" | "validation_failed" | "sql_injection_attempt" | "unauthorized_access"'.
app/api/admin/feature-flags/route.ts(39,42): error TS2322: Type 'unknown' is not assignable to type 'string | undefined'.
app/api/admin/feature-flags/route.ts(61,7): error TS2552: Cannot find name 'error'. Did you mean 'Error'?
app/api/admin/feature-flags/route.ts(70,7): error TS2552: Cannot find name 'error'. Did you mean 'Error'?
app/api/admin/feature-flags/route.ts(92,46): error TS2322: Type 'unknown' is not assignable to type 'string | undefined'.
app/api/admin/feature-flags/route.ts(103,46): error TS2322: Type 'unknown' is not assignable to type 'string | undefined'.
app/api/admin/jobs/retry/route.ts(24,10): error TS2554: Expected 2 arguments, but got 1.
app/api/admin/jobs/retry/route.ts(48,22): error TS2345: Argument of type '{}' is not assignable to parameter of type 'string'.
app/api/admin/pki/signatures/[id]/sign/route.ts(32,23): error TS2345: Argument of type 'number' is not assignable to parameter of type 'string'.
app/api/admin/pki/signatures/[id]/sign/route.ts(73,9): error TS2322: Type '{}' is not assignable to type 'string'.
app/api/admin/pki/signatures/[id]/sign/route.ts(75,9): error TS2322: Type '{}' is not assignable to type 'string'.
app/api/admin/pki/signatures/[id]/sign/route.ts(79,9): error TS2322: Type '{}' is not assignable to type 'string'.
app/api/admin/pki/signatures/[id]/sign/route.ts(90,62): error TS2345: Argument of type '{}' is not assignable to parameter of type 'string'.
app/api/admin/pki/signatures/[id]/verify/route.ts(2,10): error TS2300: Duplicate identifier 'ErrorCode'.
app/api/admin/pki/signatures/[id]/verify/route.ts(2,21): error TS2300: Duplicate identifier 'standardErrorResponse'.
app/api/admin/pki/signatures/[id]/verify/route.ts(14,10): error TS2300: Duplicate identifier 'ErrorCode'.
app/api/admin/pki/signatures/[id]/verify/route.ts(14,21): error TS2300: Duplicate identifier 'standardErrorResponse'.
app/api/admin/pki/signatures/[id]/verify/route.ts(23,23): error TS2345: Argument of type 'number' is not assignable to parameter of type 'string'.
app/api/admin/pki/signatures/[id]/verify/route.ts(44,41): error TS2769: No overload matches this call.
app/api/admin/pki/signatures/[id]/verify/route.ts(55,41): error TS2769: No overload matches this call.
app/api/admin/pki/workflows/[id]/route.ts(122,34): error TS2345: Argument of type 'unknown' is not assignable to parameter of type 'string'.
app/api/ai/cache-stats/route.ts(92,57): error TS2345: Argument of type '{}' is not assignable to parameter of type 'string'.
app/api/ai/classify/route.ts(40,10): error TS2554: Expected 2 arguments, but got 1.
app/api/ai/classify/route.ts(40,23): error TS2345: Argument of type 'number' is not assignable to parameter of type 'string'.
app/api/ai/classify/route.ts(58,48): error TS2345: Argument of type '{}' is not assignable to parameter of type 'string'.
app/api/ai/classify/route.ts(121,58): error TS2345: Argument of type '{}' is not assignable to parameter of type '"other" | "health_safety" | "wages_compensation" | "benefits_insurance" | "working_conditions" | "grievance_arbitration" | "seniority_promotion" | "union_rights" | "management_rights" | ... 9 more ... | "workplace_rights"'.
app/api/ai/match-precedents/route.ts(37,10): error TS2554: Expected 2 arguments, but got 1.
app/api/ai/match-precedents/route.ts(37,23): error TS2345: Argument of type 'number' is not assignable to parameter of type 'string'.
app/api/ai/match-precedents/route.ts(57,48): error TS2345: Argument of type '{}' is not assignable to parameter of type 'string'.
app/api/ai/semantic-search/route.ts(119,13): error TS2322: Type 'unknown' is not assignable to type 'string | undefined'.
app/api/ai/semantic-search/route.ts(120,13): error TS2322: Type 'unknown' is not assignable to type 'string | undefined'.
app/api/ai/semantic-search/route.ts(153,13): error TS2322: Type '{}' is not assignable to type 'boolean | undefined'.
app/api/analytics/metrics/route.ts(29,10): error TS2554: Expected 2 arguments, but got 1.
app/api/analytics/metrics/route.ts(90,10): error TS2554: Expected 2 arguments, but got 1.
app/api/auth/user-role/route.ts(25,46): error TS2339: Property 'UNAUTHORIZED' does not exist on type 'typeof ErrorCode'.
app/api/bargaining-notes/route.ts(28,10): error TS2554: Expected 2 arguments, but got 1.
app/api/bargaining-notes/route.ts(144,10): error TS2554: Expected 2 arguments, but got 1.
app/api/billing/batch-status/[jobId]/route.ts(46,15): error TS2769: No overload matches this call.
app/api/billing/validate/route.ts(83,52): error TS2322: Type 'unknown' is not assignable to type 'string | undefined'.
app/api/billing/validate/route.ts(106,52): error TS2322: Type 'unknown' is not assignable to type 'string | undefined'.
app/api/billing/validate/route.ts(109,15): error TS2322: Type '"error"' is not assignable to type '"success" | "auth_failed" | "validation_failed" | "sql_injection_attempt" | "unauthorized_access"'.
app/api/billing/validate/route.ts(131,48): error TS2322: Type 'unknown' is not assignable to type 'string | undefined'.
app/api/billing/validate/route.ts(154,46): error TS2322: Type 'unknown' is not assignable to type 'string | undefined'.
app/api/billing/validate/route.ts(177,46): error TS2322: Type 'unknown' is not assignable to type 'string | undefined'.
app/api/billing/validate/route.ts(180,9): error TS2322: Type '"error"' is not assignable to type '"success" | "auth_failed" | "validation_failed" | "sql_injection_attempt" | "unauthorized_access"'.
app/api/calendar-sync/microsoft/auth/route.ts(20,10): error TS2554: Expected 2 arguments, but got 1.
app/api/calendar-sync/microsoft/auth/route.ts(20,23): error TS2345: Argument of type 'number' is not assignable to parameter of type 'string'.
app/api/calendar-sync/microsoft/auth/route.ts(25,49): error TS2345: Argument of type 'unknown' is not assignable to parameter of type 'string'.
app/api/carbon/validate/route.ts(38,49): error TS2339: Property 'length' does not exist on type '{}'.
app/api/carbon/validate/route.ts(55,16): error TS2339: Property 'forEach' does not exist on type '{}'.
app/api/carbon/validate/route.ts(67,40): error TS2339: Property 'find' does not exist on type '{}'.
app/api/carbon/validate/route.ts(68,43): error TS2339: Property 'find' does not exist on type '{}'.
app/api/carbon/validate/route.ts(112,30): error TS2352: Conversion of type '{ valid: boolean; claimType: {}; validationScore: number; issues: string[] | undefined; recommendations: string[] | undefined; certificationEligible: boolean; message: string; }' to type 'CarbonValidationResponse' may be a mistake because neither type sufficiently overlaps with the other. If this was intentional, convert the expression to 'unknown' first.
app/api/cbas/[id]/route.ts(28,23): error TS2345: Argument of type 'number' is not assignable to parameter of type 'string'.
app/api/cbas/[id]/route.ts(55,18): error TS2339: Property 'clauses' does not exist on type '{ cba: CBAWithClauses; }'.
app/api/cbas/[id]/route.ts(56,18): error TS2339: Property 'clauseCount' does not exist on type '{ cba: CBAWithClauses; }'.
app/api/cbas/[id]/route.ts(62,18): error TS2339: Property 'bargainingNotes' does not exist on type '{ cba: CBAWithClauses; }'.
app/api/cbas/[id]/route.ts(63,18): error TS2339: Property 'noteCount' does not exist on type '{ cba: CBAWithClauses; }'.
app/api/cbas/[id]/route.ts(84,23): error TS2345: Argument of type 'number' is not assignable to parameter of type 'string'.
app/api/cbas/[id]/route.ts(152,23): error TS2345: Argument of type 'number' is not assignable to parameter of type 'string'.
app/api/clauses/[id]/route.ts(25,23): error TS2345: Argument of type 'number' is not assignable to parameter of type 'string'.
app/api/clauses/[id]/route.ts(69,23): error TS2345: Argument of type 'number' is not assignable to parameter of type 'string'.
app/api/clauses/[id]/route.ts(98,23): error TS2345: Argument of type 'number' is not assignable to parameter of type 'string'.
app/api/clauses/compare/route.ts(24,48): error TS2769: No overload matches this call.
app/api/clauses/compare/route.ts(31,10): error TS2554: Expected 2 arguments, but got 1.
app/api/clauses/compare/route.ts(31,23): error TS2345: Argument of type 'number' is not assignable to parameter of type 'string'.
app/api/clauses/compare/route.ts(80,9): error TS2322: Type 'boolean | "all"' is not assignable to type '"all" | "similarities" | "differences" | "best_practices"'.
app/api/clauses/compare/route.ts(95,11): error TS2345: Argument of type 'boolean' is not assignable to parameter of type 'string'.
app/api/documents/route.ts(79,9): error TS2353: Object literal may only specify known properties, and 'dataType' does not exist in type 'ApiAuditEvent'.
app/api/documents/route.ts(97,9): error TS2353: Object literal may only specify known properties, and 'dataType' does not exist in type 'ApiAuditEvent'.
app/api/documents/route.ts(120,9): error TS2353: Object literal may only specify known properties, and 'dataType' does not exist in type 'ApiAuditEvent'.
app/api/documents/route.ts(154,9): error TS2353: Object literal may only specify known properties, and 'dataType' does not exist in type 'ApiAuditEvent'.
app/api/documents/route.ts(196,7): error TS2353: Object literal may only specify known properties, and 'dataType' does not exist in type 'ApiAuditEvent'.
app/api/documents/route.ts(209,7): error TS2353: Object literal may only specify known properties, and 'dataType' does not exist in type 'ApiAuditEvent'.
app/api/documents/route.ts(252,7): error TS2353: Object literal may only specify known properties, and 'dataType' does not exist in type 'ApiAuditEvent'.
app/api/documents/route.ts(267,7): error TS2353: Object literal may only specify known properties, and 'dataType' does not exist in type 'ApiAuditEvent'.
app/api/documents/route.ts(287,7): error TS2353: Object literal may only specify known properties, and 'dataType' does not exist in type 'ApiAuditEvent'.
app/api/documents/route.ts(320,7): error TS2353: Object literal may only specify known properties, and 'dataType' does not exist in type 'ApiAuditEvent'.
app/api/documents/route.ts(338,7): error TS2353: Object literal may only specify known properties, and 'dataType' does not exist in type 'ApiAuditEvent'.
app/api/documents/upload/route.ts(95,9): error TS2353: Object literal may only specify known properties, and 'dataType' does not exist in type 'ApiAuditEvent'.
app/api/documents/upload/route.ts(136,9): error TS2353: Object literal may only specify known properties, and 'dataType' does not exist in type 'ApiAuditEvent'.
app/api/documents/upload/route.ts(153,9): error TS2353: Object literal may only specify known properties, and 'dataType' does not exist in type 'ApiAuditEvent'.
app/api/documents/upload/route.ts(171,9): error TS2353: Object literal may only specify known properties, and 'dataType' does not exist in type 'ApiAuditEvent'.
app/api/documents/upload/route.ts(189,9): error TS2353: Object literal may only specify known properties, and 'dataType' does not exist in type 'ApiAuditEvent'.
app/api/documents/upload/route.ts(211,9): error TS2353: Object literal may only specify known properties, and 'dataType' does not exist in type 'ApiAuditEvent'.
app/api/documents/upload/route.ts(263,7): error TS2353: Object literal may only specify known properties, and 'dataType' does not exist in type 'ApiAuditEvent'.
app/api/documents/upload/route.ts(282,7): error TS2353: Object literal may only specify known properties, and 'dataType' does not exist in type 'ApiAuditEvent'.
app/api/dues/calculate/route.ts(4,10): error TS2305: Module '"@/lib/middleware/request-validation"' has no exported member 'logApiAuditEvent'.
app/api/dues/calculate/route.ts(46,48): error TS2345: Argument of type 'unknown' is not assignable to parameter of type 'string'.
app/api/dues/calculate/route.ts(72,9): error TS2322: Type 'unknown' is not assignable to type 'string'.
app/api/dues/calculate/route.ts(105,41): error TS2339: Property 'duesAmount' does not exist on type 'DuesCalculationResult'.
app/api/emergency/pipeda/route.ts(42,77): error TS2339: Property 'length' does not exist on type '{}'.
app/api/emergency/pipeda/route.ts(58,7): error TS2345: Argument of type '{}' is not assignable to parameter of type 'string[]'.
app/api/emergency/pipeda/route.ts(63,35): error TS2345: Argument of type '{}' is not assignable to parameter of type 'string'.
app/api/emergency/pipeda/route.ts(72,30): error TS2345: Argument of type '"Privacy Commissioner"' is not assignable to parameter of type 'never'.
app/api/emergency/pipeda/route.ts(74,32): error TS2345: Argument of type '"CAI - Commission d'acc├â┬¿s ├â┬á l'information"' is not assignable to parameter of type 'never'.
app/api/emergency/pipeda/route.ts(77,28): error TS2345: Argument of type '"Affected Members (via secure notification)"' is not assignable to parameter of type 'never'.
app/api/emergency/pipeda/route.ts(140,15): error TS2339: Property 'authority' does not exist on type 'ProvincialPrivacyRules'.
app/api/emergency/recovery/route.ts(52,53): error TS2554: Expected 0 arguments, but got 2.
app/api/feature-flags/route.ts(20,34): error TS2339: Property 'id' does not exist on type '{}'.
app/api/feature-flags/route.ts(21,33): error TS2339: Property 'organizationId' does not exist on type '{}'.
app/api/feature-flags/route.ts(37,12): error TS2554: Expected 2-4 arguments, but got 1.
app/api/gdpr/cookie-consent/route.ts(56,7): error TS2322: Type 'string | null' is not assignable to type 'string | undefined'.
app/api/gdpr/cookie-consent/route.ts(59,7): error TS2322: Type '{}' is not assignable to type 'boolean'.
app/api/gdpr/cookie-consent/route.ts(60,7): error TS2322: Type '{}' is not assignable to type 'boolean'.
app/api/gdpr/cookie-consent/route.ts(61,7): error TS2322: Type '{}' is not assignable to type 'boolean'.
app/api/gdpr/cookie-consent/route.ts(62,7): error TS2322: Type '{}' is not assignable to type 'boolean'.
app/api/gdpr/cookie-consent/route.ts(64,7): error TS2322: Type 'unknown' is not assignable to type 'string | undefined'.
app/api/gdpr/data-export/route.ts(42,24): error TS2448: Block-scoped variable 'request' used before its declaration.
app/api/gdpr/data-export/route.ts(42,24): error TS2454: Variable 'request' is used before being assigned.
app/api/gdpr/data-export/route.ts(42,32): error TS2339: Property 'json' does not exist on type '{ status: "rejected" | "pending" | "in_progress" | "completed" | "cancelled"; userId: string; id: string; createdAt: Date; updatedAt: Date; notes: string | null; organizationId: string; ... 11 more ...; responseData: { ...; } | null; }'.
app/api/gdpr/data-export/route.ts(63,42): error TS2345: Argument of type '{}' is not assignable to parameter of type 'string'.
app/api/gdpr/data-export/route.ts(73,7): error TS2353: Object literal may only specify known properties, and 'organizationId' does not exist in type '{ userId: string; tenantId: string; requestDetails?: unknown; verificationMethod?: string | undefined; }'.
app/api/gdpr/data-export/route.ts(76,9): error TS2698: Spread types may only be created from object types.
app/api/gdpr/data-export/route.ts(91,19): error TS2339: Property 'add' does not exist on type 'never'.
app/api/gdpr/data-export/route.ts(143,38): error TS2448: Block-scoped variable 'request' used before its declaration.
app/api/gdpr/data-export/route.ts(172,7): error TS2554: Expected 1-2 arguments, but got 3.
app/api/governance/board-packets/[id]/distribute/route.ts(51,19): error TS1196: Catch clause variable type annotation must be 'any' or 'unknown' if specified.
app/api/governance/policies/evaluate/route.ts(48,19): error TS1196: Catch clause variable type annotation must be 'any' or 'unknown' if specified.
app/api/graphql/route.ts(32,60): error TS2322: Type 'Promise<Response>' is not assignable to type 'NextResponse<unknown> | Promise<NextResponse<unknown>>'.
app/api/graphql/route.ts(33,61): error TS2322: Type 'Promise<Response>' is not assignable to type 'NextResponse<unknown> | Promise<NextResponse<unknown>>'.
app/api/location/consent/route.ts(60,7): error TS2554: Expected 1-2 arguments, but got 3.
app/api/location/consent/route.ts(62,19): error TS1196: Catch clause variable type annotation must be 'any' or 'unknown' if specified.
app/api/location/consent/route.ts(90,19): error TS1196: Catch clause variable type annotation must be 'any' or 'unknown' if specified.
app/api/location/consent/route.ts(117,19): error TS1196: Catch clause variable type annotation must be 'any' or 'unknown' if specified.
app/api/location/geofence/route.ts(79,7): error TS2554: Expected 1-2 arguments, but got 3.
app/api/location/geofence/route.ts(81,19): error TS1196: Catch clause variable type annotation must be 'any' or 'unknown' if specified.
app/api/location/geofence/route.ts(123,19): error TS1196: Catch clause variable type annotation must be 'any' or 'unknown' if specified.
app/api/location/track/route.ts(61,7): error TS2554: Expected 1-2 arguments, but got 3.
app/api/location/track/route.ts(63,19): error TS1196: Catch clause variable type annotation must be 'any' or 'unknown' if specified.
app/api/ml/query/route.ts(43,34): error TS2345: Argument of type 'number' is not assignable to parameter of type 'string'.
app/api/ml/query/route.ts(73,7): error TS2769: No overload matches this call.
app/api/ml/query/route.ts(100,7): error TS2322: Type 'unknown' is not assignable to type 'string | undefined'.
app/api/onboarding/discover-federation/route.ts(72,7): error TS2345: Argument of type '{} | null' is not assignable to parameter of type 'string | null'.
app/api/onboarding/smart-defaults/route.ts(49,12): error TS2554: Expected 2-4 arguments, but got 1.
app/api/onboarding/suggest-clauses/route.ts(48,24): error TS2304: Cannot find name 'onboardingSuggest'.
app/api/onboarding/suggest-clauses/route.ts(48,42): error TS2304: Cannot find name 'clausesSchema'.
app/api/onboarding/suggest-clauses/route.ts(48,66): error TS2304: Cannot find name 'body'.
app/api/onboarding/suggest-clauses/route.ts(49,21): error TS2339: Property 'success' does not exist on type 'number'.
app/api/onboarding/suggest-clauses/route.ts(53,20): error TS2339: Property 'error' does not exist on type 'number'.
app/api/onboarding/suggest-clauses/route.ts(57,43): error TS2339: Property 'data' does not exist on type 'number'.
app/api/precedents/route.ts(25,10): error TS2554: Expected 2 arguments, but got 1.
app/api/precedents/route.ts(153,10): error TS2554: Expected 2 arguments, but got 1.
app/api/precedents/search/route.ts(24,10): error TS2554: Expected 2 arguments, but got 1.
app/api/privacy/consent/route.ts(52,7): error TS2322: Type 'string | null' is not assignable to type 'string'.
app/api/privacy/consent/route.ts(68,19): error TS1196: Catch clause variable type annotation must be 'any' or 'unknown' if specified.
app/api/privacy/consent/route.ts(99,7): error TS2345: Argument of type 'string | null' is not assignable to parameter of type 'string'.
app/api/privacy/consent/route.ts(105,19): error TS1196: Catch clause variable type annotation must be 'any' or 'unknown' if specified.
app/api/privacy/consent/route.ts(119,27): error TS2304: Cannot find name 'getServerSession'.
app/api/privacy/consent/route.ts(154,19): error TS1196: Catch clause variable type annotation must be 'any' or 'unknown' if specified.
app/api/reports/execute/route.ts(141,43): error TS2345: Argument of type 'ReportConfig' is not assignable to parameter of type 'import("C:/APPS/nzila-automation/apps/union-eyes/lib/report-executor").ReportConfig'.
app/api/signatures/documents/route.ts(37,22): error TS2352: Conversion of type 'FormDataEntryValue | null' to type 'Record<string, unknown>' may be a mistake because neither type sufficiently overlaps with the other. If this was intentional, convert the expression to 'unknown' first.
app/api/signatures/documents/route.ts(49,29): error TS2339: Property 'safeParse' does not exist on type 'JSON'.
app/api/signatures/documents/route.ts(72,7): error TS2322: Type 'Record<string, unknown>' is not assignable to type '"docusign" | "internal" | "hellosign" | undefined'.
app/api/signatures/sign/route.ts(63,7): error TS2322: Type '"typed" | "biometric" | "drawn" | "uploaded"' is not assignable to type '"electronic" | "digital" | "wet"'.
app/api/social-media/accounts/route.ts(37,10): error TS2554: Expected 2 arguments, but got 1.
app/api/social-media/accounts/route.ts(37,23): error TS2345: Argument of type 'number' is not assignable to parameter of type 'string'.
app/api/social-media/accounts/route.ts(50,9): error TS2345: Argument of type '{ readonly limit: 100; readonly window: 3600; readonly identifier: "social-media-api"; }' is not assignable to parameter of type 'string'.
app/api/social-media/accounts/route.ts(91,9): error TS2322: Type 'unknown' is not assignable to type 'string | undefined'.
app/api/social-media/accounts/route.ts(117,10): error TS2554: Expected 2 arguments, but got 1.
app/api/social-media/accounts/route.ts(122,24): error TS2304: Cannot find name 'social'.
app/api/social-media/accounts/route.ts(122,31): error TS2304: Cannot find name 'mediaAccountsSchema'.
app/api/social-media/accounts/route.ts(123,21): error TS2339: Property 'success' does not exist on type 'number'.
app/api/social-media/accounts/route.ts(127,20): error TS2339: Property 'error' does not exist on type 'number'.
app/api/social-media/accounts/route.ts(131,49): error TS2339: Property 'data' does not exist on type 'number'.
app/api/social-media/accounts/route.ts(142,9): error TS2345: Argument of type '{ readonly limit: 100; readonly window: 3600; readonly identifier: "social-media-api"; }' is not assignable to parameter of type 'string'.
app/api/social-media/accounts/route.ts(182,23): error TS2339: Property 'set' does not exist on type 'Promise<ReadonlyRequestCookies>'.
app/api/social-media/accounts/route.ts(219,19): error TS2339: Property 'set' does not exist on type 'Promise<ReadonlyRequestCookies>'.
app/api/social-media/accounts/route.ts(228,9): error TS2322: Type 'unknown' is not assignable to type 'string | undefined'.
app/api/social-media/accounts/route.ts(250,10): error TS2554: Expected 2 arguments, but got 1.
app/api/social-media/accounts/route.ts(256,9): error TS2345: Argument of type '{ readonly limit: 100; readonly window: 3600; readonly identifier: "social-media-api"; }' is not assignable to parameter of type 'string'.
app/api/social-media/accounts/route.ts(292,38): error TS2339: Property 'organization_id' does not exist on type 'never'.
app/api/social-media/accounts/route.ts(301,25): error TS2339: Property 'platform' does not exist on type 'never'.
app/api/social-media/accounts/route.ts(304,23): error TS2339: Property 'access_token' does not exist on type 'never'.
app/api/social-media/accounts/route.ts(305,23): error TS2339: Property 'refresh_token' does not exist on type 'never'.
app/api/social-media/accounts/route.ts(332,9): error TS2322: Type 'unknown' is not assignable to type 'string | undefined'.
app/api/social-media/accounts/route.ts(338,39): error TS2339: Property 'platform' does not exist on type 'never'.
app/api/social-media/accounts/route.ts(358,10): error TS2554: Expected 2 arguments, but got 1.
app/api/social-media/accounts/route.ts(358,23): error TS2345: Argument of type 'number' is not assignable to parameter of type 'string'.
app/api/social-media/accounts/route.ts(400,25): error TS2339: Property 'platform' does not exist on type 'never'.
app/api/social-media/accounts/route.ts(403,57): error TS2339: Property 'access_token' does not exist on type 'never'.
app/api/social-media/accounts/route.ts(404,74): error TS2339: Property 'access_token' does not exist on type 'never'.
app/api/social-media/accounts/route.ts(411,26): error TS2339: Property 'refresh_token' does not exist on type 'never'.
app/api/social-media/accounts/route.ts(415,23): error TS2339: Property 'access_token' does not exist on type 'never'.
app/api/social-media/accounts/route.ts(416,23): error TS2339: Property 'refresh_token' does not exist on type 'never'.
app/api/social-media/accounts/route.ts(426,26): error TS2339: Property 'refresh_token' does not exist on type 'never'.
app/api/social-media/accounts/route.ts(429,65): error TS2339: Property 'access_token' does not exist on type 'never'.
app/api/social-media/accounts/route.ts(430,79): error TS2339: Property 'refresh_token' does not exist on type 'never'.
app/api/social-media/accounts/route.ts(452,22): error TS2339: Property 'refresh_token' does not exist on type '{ access_token: string; token_expires_at: string; status: string; error_message: null; updated_at: string; }'.
app/api/social-media/accounts/route.ts(457,19): error TS2345: Argument of type '{ access_token: string; token_expires_at: string; status: string; error_message: null; updated_at: string; }' is not assignable to parameter of type 'never'.
app/api/social-media/accounts/route.ts(472,19): error TS2345: Argument of type '{ status: string; error_message: string; }' is not assignable to parameter of type 'never'.
app/api/social-media/analytics/route.ts(33,10): error TS2554: Expected 2 arguments, but got 1.
app/api/social-media/analytics/route.ts(33,23): error TS2345: Argument of type 'number' is not assignable to parameter of type 'string'.
app/api/social-media/analytics/route.ts(46,9): error TS2345: Argument of type '{ readonly limit: 100; readonly window: 3600; readonly identifier: "social-media-api"; }' is not assignable to parameter of type 'string'.
app/api/social-media/analytics/route.ts(65,19): error TS2304: Cannot find name 'supabase'.
app/api/social-media/analytics/route.ts(105,18): error TS2538: Type 'unknown' cannot be used as an index type.
app/api/social-media/analytics/route.ts(106,15): error TS2538: Type 'unknown' cannot be used as an index type.
app/api/social-media/analytics/route.ts(121,13): error TS2538: Type 'unknown' cannot be used as an index type.
app/api/social-media/analytics/route.ts(124,13): error TS2538: Type 'unknown' cannot be used as an index type.
app/api/social-media/analytics/route.ts(125,13): error TS2538: Type 'unknown' cannot be used as an index type.
app/api/social-media/analytics/route.ts(126,13): error TS2538: Type 'unknown' cannot be used as an index type.
app/api/social-media/analytics/route.ts(127,13): error TS2538: Type 'unknown' cannot be used as an index type.
app/api/social-media/analytics/route.ts(128,13): error TS2538: Type 'unknown' cannot be used as an index type.
app/api/social-media/analytics/route.ts(129,13): error TS2538: Type 'unknown' cannot be used as an index type.
app/api/social-media/analytics/route.ts(130,13): error TS2538: Type 'unknown' cannot be used as an index type.
app/api/social-media/analytics/route.ts(136,47): error TS2345: Argument of type '(account: Record<string, unknown>) => void' is not assignable to parameter of type '(value: unknown, index: number, array: unknown[]) => void'.
app/api/social-media/analytics/route.ts(137,32): error TS18046: 'account.analytics' is of type 'unknown'.
app/api/social-media/analytics/route.ts(139,39): error TS18046: 'account.analytics' is of type 'unknown'.
app/api/social-media/analytics/route.ts(140,58): error TS2365: Operator '+' cannot be applied to types 'number' and '{}'.
app/api/social-media/analytics/route.ts(143,11): error TS18046: 'account.summary' is of type 'unknown'.
app/api/social-media/analytics/route.ts(177,10): error TS2554: Expected 2 arguments, but got 1.
app/api/social-media/analytics/route.ts(190,9): error TS2345: Argument of type '{ readonly limit: 100; readonly window: 3600; readonly identifier: "social-media-api"; }' is not assignable to parameter of type 'string'.
app/api/social-media/analytics/route.ts(203,24): error TS2304: Cannot find name 'social'.
app/api/social-media/analytics/route.ts(203,31): error TS2304: Cannot find name 'mediaAnalyticsSchema'.
app/api/social-media/analytics/route.ts(204,21): error TS2339: Property 'success' does not exist on type 'number'.
app/api/social-media/analytics/route.ts(208,20): error TS2339: Property 'error' does not exist on type 'number'.
app/api/social-media/analytics/route.ts(212,96): error TS2339: Property 'data' does not exist on type 'number'.
app/api/social-media/analytics/route.ts(218,19): error TS2304: Cannot find name 'supabase'.
app/api/social-media/analytics/route.ts(324,10): error TS2554: Expected 2 arguments, but got 1.
app/api/social-media/analytics/route.ts(324,23): error TS2345: Argument of type 'number' is not assignable to parameter of type 'string'.
app/api/social-media/analytics/route.ts(340,59): error TS2304: Cannot find name 'supabase'.
app/api/social-media/analytics/route.ts(361,37): error TS2304: Cannot find name 'supabase'.
app/api/social-media/analytics/route.ts(420,26): error TS18046: 'goal.target_value' is of type 'unknown'.
app/api/social-media/analytics/route.ts(420,66): error TS18046: 'goal.target_value' is of type 'unknown'.
app/api/social-media/analytics/route.ts(425,37): error TS18046: 'goal.target_value' is of type 'unknown'.
app/api/social-media/analytics/route.ts(434,9): error TS2571: Object is of type 'unknown'.
app/api/social-media/analytics/route.ts(442,20): error TS18046: 'acc.posts' is of type 'unknown'.
app/api/social-media/analytics/route.ts(443,26): error TS18046: 'acc.impressions' is of type 'unknown'.
app/api/social-media/analytics/route.ts(444,25): error TS18046: 'acc.engagement' is of type 'unknown'.
app/api/social-media/analytics/route.ts(445,20): error TS18046: 'acc.likes' is of type 'unknown'.
app/api/social-media/analytics/route.ts(446,23): error TS18046: 'acc.comments' is of type 'unknown'.
app/api/social-media/analytics/route.ts(447,21): error TS18046: 'acc.shares' is of type 'unknown'.
app/api/social-media/analytics/route.ts(456,82): error TS2365: Operator '+' cannot be applied to types 'number' and '{}'.
app/api/social-media/analytics/route.ts(475,9): error TS2571: Object is of type 'unknown'.
app/api/social-media/analytics/route.ts(476,9): error TS2571: Object is of type 'unknown'.
app/api/social-media/analytics/route.ts(477,9): error TS2571: Object is of type 'unknown'.
app/api/social-media/analytics/route.ts(478,9): error TS2571: Object is of type 'unknown'.
app/api/social-media/analytics/route.ts(479,9): error TS2571: Object is of type 'unknown'.
app/api/social-media/analytics/route.ts(480,9): error TS2571: Object is of type 'unknown'.
app/api/social-media/analytics/route.ts(515,10): error TS2554: Expected 2 arguments, but got 1.
app/api/social-media/analytics/route.ts(515,23): error TS2345: Argument of type 'number' is not assignable to parameter of type 'string'.
app/api/social-media/analytics/route.ts(538,41): error TS2304: Cannot find name 'supabase'.
app/api/social-media/analytics/route.ts(583,45): error TS2304: Cannot find name 'supabase'.
app/api/social-media/analytics/route.ts(624,45): error TS2304: Cannot find name 'supabase'.
app/api/social-media/analytics/route.ts(633,45): error TS2304: Cannot find name 'supabase'.
app/api/social-media/analytics/route.ts(700,30): error TS2339: Property 'includes' does not exist on type '{}'.
app/api/social-media/campaigns/route.ts(32,10): error TS2554: Expected 2 arguments, but got 1.
app/api/social-media/campaigns/route.ts(32,23): error TS2345: Argument of type 'number' is not assignable to parameter of type 'string'.
app/api/social-media/campaigns/route.ts(45,9): error TS2345: Argument of type '{ readonly limit: 30; readonly window: 3600; readonly identifier: "campaign-operations"; }' is not assignable to parameter of type 'string'.
app/api/social-media/campaigns/route.ts(66,19): error TS2304: Cannot find name 'supabase'.
app/api/social-media/campaigns/route.ts(116,41): error TS2304: Cannot find name 'supabase'.
app/api/social-media/campaigns/route.ts(134,30): error TS18046: 'goal.target_value' is of type 'unknown'.
app/api/social-media/campaigns/route.ts(134,70): error TS18046: 'goal.target_value' is of type 'unknown'.
app/api/social-media/campaigns/route.ts(139,41): error TS18046: 'goal.target_value' is of type 'unknown'.
app/api/social-media/campaigns/route.ts(183,10): error TS2554: Expected 2 arguments, but got 1.
app/api/social-media/campaigns/route.ts(196,9): error TS2345: Argument of type '{ readonly limit: 30; readonly window: 3600; readonly identifier: "campaign-operations"; }' is not assignable to parameter of type 'string'.
app/api/social-media/campaigns/route.ts(216,24): error TS2304: Cannot find name 'social'.
app/api/social-media/campaigns/route.ts(216,31): error TS2304: Cannot find name 'mediaCampaignsSchema'.
app/api/social-media/campaigns/route.ts(217,21): error TS2339: Property 'success' does not exist on type 'number'.
app/api/social-media/campaigns/route.ts(221,20): error TS2339: Property 'error' does not exist on type 'number'.
app/api/social-media/campaigns/route.ts(225,121): error TS2339: Property 'data' does not exist on type 'number'.
app/api/social-media/campaigns/route.ts(273,47): error TS2304: Cannot find name 'supabase'.
app/api/social-media/campaigns/route.ts(301,7): error TS2554: Expected 1-2 arguments, but got 3.
app/api/social-media/campaigns/route.ts(316,10): error TS2554: Expected 2 arguments, but got 1.
app/api/social-media/campaigns/route.ts(316,23): error TS2345: Argument of type 'number' is not assignable to parameter of type 'string'.
app/api/social-media/campaigns/route.ts(332,59): error TS2304: Cannot find name 'supabase'.
app/api/social-media/campaigns/route.ts(390,42): error TS2339: Property 'name' does not exist on type '{ updated_at: string; }'.
app/api/social-media/campaigns/route.ts(391,49): error TS2339: Property 'description' does not exist on type '{ updated_at: string; }'.
app/api/social-media/campaigns/route.ts(392,47): error TS2339: Property 'platforms' does not exist on type '{ updated_at: string; }'.
app/api/social-media/campaigns/route.ts(393,48): error TS2339: Property 'start_date' does not exist on type '{ updated_at: string; }'.
app/api/social-media/campaigns/route.ts(394,46): error TS2339: Property 'end_date' does not exist on type '{ updated_at: string; }'.
app/api/social-media/campaigns/route.ts(395,43): error TS2339: Property 'goals' does not exist on type '{ updated_at: string; }'.
app/api/social-media/campaigns/route.ts(396,46): error TS2339: Property 'hashtags' does not exist on type '{ updated_at: string; }'.
app/api/social-media/campaigns/route.ts(397,53): error TS2339: Property 'target_audience' does not exist on type '{ updated_at: string; }'.
app/api/social-media/campaigns/route.ts(398,44): error TS2339: Property 'status' does not exist on type '{ updated_at: string; }'.
app/api/social-media/campaigns/route.ts(400,67): error TS2304: Cannot find name 'supabase'.
app/api/social-media/campaigns/route.ts(428,10): error TS2554: Expected 2 arguments, but got 1.
app/api/social-media/campaigns/route.ts(428,23): error TS2345: Argument of type 'number' is not assignable to parameter of type 'string'.
app/api/social-media/campaigns/route.ts(444,59): error TS2304: Cannot find name 'supabase'.
app/api/social-media/campaigns/route.ts(465,37): error TS2304: Cannot find name 'supabase'.
app/api/social-media/campaigns/route.ts(482,44): error TS2304: Cannot find name 'supabase'.
app/api/social-media/posts/route.ts(32,33): error TS2345: Argument of type 'number' is not assignable to parameter of type 'string'.
app/api/social-media/posts/route.ts(45,9): error TS2345: Argument of type '{ readonly limit: 100; readonly window: 3600; readonly identifier: "social-media-api"; }' is not assignable to parameter of type 'string'.
app/api/social-media/posts/route.ts(66,19): error TS2304: Cannot find name 'supabase'.
app/api/social-media/posts/route.ts(135,34): error TS2345: Argument of type 'number' is not assignable to parameter of type 'string'.
app/api/social-media/posts/route.ts(148,9): error TS2345: Argument of type '{ readonly limit: 20; readonly window: 3600; readonly identifier: "social-media-post"; }' is not assignable to parameter of type 'string'.
app/api/social-media/posts/route.ts(206,9): error TS2345: Argument of type '{}' is not assignable to parameter of type 'string'.
app/api/social-media/posts/route.ts(252,36): error TS2345: Argument of type 'number' is not assignable to parameter of type 'string'.
app/api/social-media/posts/route.ts(275,55): error TS2304: Cannot find name 'supabase'.
app/api/status/route.ts(29,12): error TS2554: Expected 2-4 arguments, but got 1.
app/api/v2/admin/billing-cycles/preview/route.ts(36,13): error TS2304: Cannot find name 'periodStart'.
app/api/v2/admin/billing-cycles/preview/route.ts(36,28): error TS2304: Cannot find name 'periodEnd'.
app/api/v2/admin/billing-cycles/preview/route.ts(37,28): error TS2304: Cannot find name 'periodStart'.
app/api/v2/admin/billing-cycles/preview/route.ts(38,26): error TS2304: Cannot find name 'periodEnd'.
app/api/v2/admin/billing-cycles/preview/route.ts(40,66): error TS2304: Cannot find name 'frequency'.
app/api/v2/admin/billing-cycles/preview/route.ts(46,11): error TS18004: No value exists in scope for the shorthand property 'frequency'. Either declare one or provide an initializer.
app/api/v2/admin/billing-cycles/preview/route.ts(53,11): error TS2322: Type 'string | null' is not assignable to type 'string'.
app/api/v2/admin/billing-cycles/preview/route.ts(56,11): error TS18004: No value exists in scope for the shorthand property 'frequency'. Either declare one or provide an initializer.
app/api/v2/admin/billing-cycles/route.ts(26,29): error TS2300: Duplicate identifier 'organizationId'.
app/api/v2/admin/billing-cycles/route.ts(33,15): error TS2300: Duplicate identifier 'organizationId'.
app/api/v2/admin/billing-cycles/route.ts(73,13): error TS2304: Cannot find name 'periodStart'.
app/api/v2/admin/billing-cycles/route.ts(73,28): error TS2304: Cannot find name 'periodEnd'.
app/api/v2/admin/billing-cycles/route.ts(74,28): error TS2304: Cannot find name 'periodStart'.
app/api/v2/admin/billing-cycles/route.ts(75,26): error TS2304: Cannot find name 'periodEnd'.
app/api/v2/admin/billing-cycles/route.ts(77,66): error TS2304: Cannot find name 'frequency'.
app/api/v2/admin/billing-cycles/route.ts(83,11): error TS18004: No value exists in scope for the shorthand property 'frequency'. Either declare one or provide an initializer.
app/api/v2/admin/billing-cycles/route.ts(86,11): error TS18004: No value exists in scope for the shorthand property 'dryRun'. Either declare one or provide an initializer.
app/api/v2/admin/billing-cycles/route.ts(91,11): error TS2322: Type 'string | null' is not assignable to type 'string'.
app/api/v2/admin/billing-cycles/route.ts(94,11): error TS18004: No value exists in scope for the shorthand property 'frequency'. Either declare one or provide an initializer.
app/api/v2/admin/billing-cycles/route.ts(95,11): error TS18004: No value exists in scope for the shorthand property 'dryRun'. Either declare one or provide an initializer.
app/api/v2/admin/billing-cycles/route.ts(98,13): error TS2304: Cannot find name 'dryRun'.
app/api/v2/admin/billing-cycles/trigger-scheduled/route.ts(38,11): error TS18004: No value exists in scope for the shorthand property 'frequency'. Either declare one or provide an initializer.
app/api/v2/admin/billing-cycles/trigger-scheduled/route.ts(42,61): error TS2304: Cannot find name 'frequency'.
app/api/v2/admin/billing-cycles/trigger-scheduled/route.ts(44,11): error TS18004: No value exists in scope for the shorthand property 'frequency'. Either declare one or provide an initializer.
app/api/v2/admin/clc/analytics/forecast/route.ts(24,54): error TS2322: Type 'string | null' is not assignable to type 'string | undefined'.
app/api/v2/admin/clc/analytics/forecast/route.ts(36,52): error TS2322: Type 'string | null' is not assignable to type 'string | undefined'.
app/api/v2/admin/clc/analytics/trends/route.ts(21,43): error TS2554: Expected 1 arguments, but got 2.
app/api/v2/admin/feature-flags/route.ts(39,9): error TS2304: Cannot find name 'rawBody'.
app/api/v2/admin/jobs/[action]/route.ts(27,14): error TS2304: Cannot find name 'queue'.
app/api/v2/admin/jobs/[action]/route.ts(33,21): error TS2304: Cannot find name 'pauseQueue'.
app/api/v2/admin/jobs/[action]/route.ts(33,32): error TS2304: Cannot find name 'queue'.
app/api/v2/admin/jobs/[action]/route.ts(34,42): error TS2304: Cannot find name 'queue'.
app/api/v2/admin/jobs/[action]/route.ts(36,21): error TS2304: Cannot find name 'resumeQueue'.
app/api/v2/admin/jobs/[action]/route.ts(36,33): error TS2304: Cannot find name 'queue'.
app/api/v2/admin/jobs/[action]/route.ts(37,42): error TS2304: Cannot find name 'queue'.
app/api/v2/admin/jobs/[action]/route.ts(40,21): error TS2304: Cannot find name 'cleanCompletedJobs'.
app/api/v2/admin/jobs/[action]/route.ts(40,40): error TS2304: Cannot find name 'queue'.
app/api/v2/admin/jobs/[action]/route.ts(41,42): error TS2304: Cannot find name 'queue'.
app/api/v2/admin/jobs/retry/route.ts(26,14): error TS2304: Cannot find name 'queue'.
app/api/v2/admin/jobs/retry/route.ts(26,24): error TS2304: Cannot find name 'jobId'.
app/api/v2/admin/jobs/retry/route.ts(30,17): error TS2304: Cannot find name 'retryJob'.
app/api/v2/admin/jobs/retry/route.ts(30,26): error TS2304: Cannot find name 'queue'.
app/api/v2/admin/jobs/retry/route.ts(30,33): error TS2304: Cannot find name 'jobId'.
app/api/v2/admin/pki/signatures/[id]/sign/route.ts(33,46): error TS2741: Property 'id' is missing in type 'Promise<Record<string, string>>' but required in type '{ id: string; }'.
app/api/v2/admin/pki/signatures/[id]/verify/route.ts(29,15): error TS2304: Cannot find name 'verifyType'.
app/api/v2/admin/pki/signatures/[id]/verify/route.ts(33,15): error TS2304: Cannot find name 'documentContent'.
app/api/v2/admin/pki/signatures/[id]/verify/route.ts(33,45): error TS2304: Cannot find name 'documentContent'.
app/api/v2/admin/pki/signatures/[id]/verify/route.ts(40,15): error TS2304: Cannot find name 'documentContent'.
app/api/v2/admin/pki/signatures/[id]/verify/route.ts(40,45): error TS2304: Cannot find name 'documentContent'.
app/api/v2/admin/pki/workflows/[id]/route.ts(28,30): error TS2304: Cannot find name 'getWorkflow'.
app/api/v2/admin/pki/workflows/[id]/route.ts(36,28): error TS2304: Cannot find name 'getWorkflowStatus'.
app/api/v2/admin/pki/workflows/[id]/route.ts(54,26): error TS2304: Cannot find name 'advanceWorkflow'.
app/api/v2/admin/pki/workflows/[id]/route.ts(75,14): error TS2304: Cannot find name 'reason'.
app/api/v2/admin/pki/workflows/[id]/route.ts(79,11): error TS2304: Cannot find name 'cancelWorkflow'.
app/api/v2/admin/pki/workflows/[id]/route.ts(79,46): error TS2304: Cannot find name 'reason'.
app/api/v2/admin/seed-test-data/route.ts(24,64): error TS2304: Cannot find name 'context'.
app/api/v2/admin/seed-test-data/route.ts(43,65): error TS2304: Cannot find name 'context'.
app/api/v2/ai/cache-stats/route.ts(52,28): error TS2304: Cannot find name 'aiCache'.
app/api/v2/ai/cache-stats/route.ts(52,36): error TS2304: Cannot find name 'statsSchema'.
app/api/v2/ai/cache-stats/route.ts(53,14): error TS2304: Cannot find name 'action'.
app/api/v2/ai/cache-stats/route.ts(53,59): error TS2304: Cannot find name 'action'.
app/api/v2/ai/cache-stats/route.ts(56,15): error TS2304: Cannot find name 'action'.
app/api/v2/ai/cache-stats/route.ts(66,15): error TS2304: Cannot find name 'action'.
app/api/v2/ai/classify/route.ts(24,29): error TS2322: Type '"delegate"' is not assignable to type '"member" | "steward" | "chief_steward" | "health_safety_rep" | "officer" | "admin" | "president" | "vice_president" | "app_owner" | "coo" | "cto" | "platform_lead" | "customer_success_director" | ... 20 more ... | undefined'.
app/api/v2/ai/classify/route.ts(36,19): error TS2304: Cannot find name 'action'.
app/api/v2/ai/classify/route.ts(38,20): error TS2304: Cannot find name 'content'.
app/api/v2/ai/classify/route.ts(42,44): error TS2304: Cannot find name 'classifyClause'.
app/api/v2/ai/classify/route.ts(42,59): error TS2304: Cannot find name 'content'.
app/api/v2/ai/classify/route.ts(42,68): error TS2304: Cannot find name 'context'.
app/api/v2/ai/classify/route.ts(48,20): error TS2304: Cannot find name 'content'.
app/api/v2/ai/classify/route.ts(52,20): error TS2304: Cannot find name 'context'.
app/api/v2/ai/classify/route.ts(56,34): error TS2304: Cannot find name 'generateClauseTags'.
app/api/v2/ai/classify/route.ts(56,53): error TS2304: Cannot find name 'content'.
app/api/v2/ai/classify/route.ts(56,62): error TS2304: Cannot find name 'context'.
app/api/v2/ai/classify/route.ts(62,20): error TS2304: Cannot find name 'content'.
app/api/v2/ai/classify/route.ts(66,45): error TS2304: Cannot find name 'detectCrossReferences'.
app/api/v2/ai/classify/route.ts(66,67): error TS2304: Cannot find name 'content'.
app/api/v2/ai/classify/route.ts(72,20): error TS2304: Cannot find name 'caseTitle'.
app/api/v2/ai/classify/route.ts(72,34): error TS2304: Cannot find name 'facts'.
app/api/v2/ai/classify/route.ts(72,44): error TS2304: Cannot find name 'reasoning'.
app/api/v2/ai/classify/route.ts(72,58): error TS2304: Cannot find name 'decision'.
app/api/v2/ai/classify/route.ts(76,44): error TS2304: Cannot find name 'classifyPrecedent'.
app/api/v2/ai/classify/route.ts(76,62): error TS2304: Cannot find name 'caseTitle'.
app/api/v2/ai/classify/route.ts(76,73): error TS2304: Cannot find name 'facts'.
app/api/v2/ai/classify/route.ts(76,80): error TS2304: Cannot find name 'reasoning'.
app/api/v2/ai/classify/route.ts(76,91): error TS2304: Cannot find name 'decision'.
app/api/v2/ai/classify/route.ts(82,20): error TS2304: Cannot find name 'content'.
app/api/v2/ai/classify/route.ts(86,38): error TS2304: Cannot find name 'enrichClauseMetadata'.
app/api/v2/ai/classify/route.ts(86,59): error TS2304: Cannot find name 'content'.
app/api/v2/ai/classify/route.ts(86,68): error TS2304: Cannot find name 'context'.
app/api/v2/ai/classify/route.ts(92,20): error TS2304: Cannot find name 'clauses'.
app/api/v2/ai/classify/route.ts(92,31): error TS2304: Cannot find name 'clauses'.
app/api/v2/ai/classify/route.ts(97,29): error TS2304: Cannot find name 'clauses'.
app/api/v2/ai/classify/route.ts(98,42): error TS2304: Cannot find name 'batchClassifyClauses'.
app/api/v2/ai/classify/route.ts(98,63): error TS2304: Cannot find name 'clauses'.
app/api/v2/ai/classify/route.ts(104,75): error TS2345: Argument of type '([id, result]: [any, any]) => any' is not assignable to parameter of type '(value: unknown, index: number, array: unknown[]) => any'.
app/api/v2/ai/extract-clauses/route.ts(44,52): error TS2304: Cannot find name 'context'.
app/api/v2/ai/extract-clauses/route.ts(49,15): error TS2304: Cannot find name 'batch'.
app/api/v2/ai/extract-clauses/route.ts(49,24): error TS2304: Cannot find name 'cbas'.
app/api/v2/ai/extract-clauses/route.ts(50,55): error TS2304: Cannot find name 'cbas'.
app/api/v2/ai/extract-clauses/route.ts(51,15): error TS18004: No value exists in scope for the shorthand property 'autoSave'. Either declare one or provide an initializer.
app/api/v2/ai/extract-clauses/route.ts(60,26): error TS2304: Cannot find name 'cbas'.
app/api/v2/ai/extract-clauses/route.ts(64,16): error TS2304: Cannot find name 'pdfUrl'.
app/api/v2/ai/extract-clauses/route.ts(64,27): error TS2304: Cannot find name 'cbaId'.
app/api/v2/ai/extract-clauses/route.ts(68,54): error TS2304: Cannot find name 'pdfUrl'.
app/api/v2/ai/extract-clauses/route.ts(68,62): error TS2304: Cannot find name 'cbaId'.
app/api/v2/ai/extract-clauses/route.ts(70,13): error TS18004: No value exists in scope for the shorthand property 'autoSave'. Either declare one or provide an initializer.
app/api/v2/ai/ingest/route.ts(32,43): error TS2554: Expected 1 arguments, but got 2.
app/api/v2/ai/ingest/route.ts(47,44): error TS2554: Expected 1 arguments, but got 2.
app/api/v2/ai/mamba/route.ts(39,43): error TS2554: Expected 1 arguments, but got 2.
app/api/v2/ai/mamba/route.ts(54,44): error TS2554: Expected 1 arguments, but got 2.
app/api/v2/ai/match-precedents/route.ts(24,29): error TS2322: Type '"delegate"' is not assignable to type '"member" | "steward" | "chief_steward" | "health_safety_rep" | "officer" | "admin" | "president" | "vice_president" | "app_owner" | "coo" | "cto" | "platform_lead" | "customer_success_director" | ... 20 more ... | undefined'.
app/api/v2/ai/match-precedents/route.ts(36,19): error TS2304: Cannot find name 'action'.
app/api/v2/ai/match-precedents/route.ts(39,37): error TS2304: Cannot find name 'matchClaimToPrecedents'.
app/api/v2/ai/match-precedents/route.ts(39,60): error TS2304: Cannot find name 'claim'.
app/api/v2/ai/match-precedents/route.ts(39,67): error TS2304: Cannot find name 'options'.
app/api/v2/ai/match-precedents/route.ts(43,30): error TS2304: Cannot find name 'claim'.
app/api/v2/ai/match-precedents/route.ts(44,33): error TS2304: Cannot find name 'claim'.
app/api/v2/ai/match-precedents/route.ts(51,38): error TS2304: Cannot find name 'analyzeClaimWithPrecedents'.
app/api/v2/ai/match-precedents/route.ts(51,65): error TS2304: Cannot find name 'claim'.
app/api/v2/ai/match-precedents/route.ts(51,72): error TS2304: Cannot find name 'options'.
app/api/v2/ai/match-precedents/route.ts(55,30): error TS2304: Cannot find name 'claim'.
app/api/v2/ai/match-precedents/route.ts(56,33): error TS2304: Cannot find name 'claim'.
app/api/v2/ai/match-precedents/route.ts(68,42): error TS2304: Cannot find name 'analyzeClaimWithPrecedents'.
app/api/v2/ai/match-precedents/route.ts(68,69): error TS2304: Cannot find name 'claim'.
app/api/v2/ai/match-precedents/route.ts(68,76): error TS2304: Cannot find name 'options'.
app/api/v2/ai/match-precedents/route.ts(69,40): error TS2304: Cannot find name 'generateLegalMemorandum'.
app/api/v2/ai/match-precedents/route.ts(69,64): error TS2304: Cannot find name 'claim'.
app/api/v2/ai/match-precedents/route.ts(73,30): error TS2304: Cannot find name 'claim'.
app/api/v2/ai/match-precedents/route.ts(74,33): error TS2304: Cannot find name 'claim'.
app/api/v2/ai/semantic-search/route.ts(30,29): error TS2322: Type '"delegate"' is not assignable to type '"member" | "steward" | "chief_steward" | "health_safety_rep" | "officer" | "admin" | "president" | "vice_president" | "app_owner" | "coo" | "cto" | "platform_lead" | "customer_success_director" | ... 20 more ... | undefined'.
app/api/v2/ai/semantic-search/route.ts(58,29): error TS2322: Type '"delegate"' is not assignable to type '"member" | "steward" | "chief_steward" | "health_safety_rep" | "officer" | "admin" | "president" | "vice_president" | "app_owner" | "coo" | "cto" | "platform_lead" | "customer_success_director" | ... 20 more ... | undefined'.
app/api/v2/ai/semantic-search/route.ts(71,19): error TS2304: Cannot find name 'searchType'.
app/api/v2/ai/semantic-search/route.ts(73,31): error TS2304: Cannot find name 'semanticClauseSearch'.
app/api/v2/ai/semantic-search/route.ts(74,17): error TS18004: No value exists in scope for the shorthand property 'limit'. Either declare one or provide an initializer.
app/api/v2/ai/semantic-search/route.ts(75,17): error TS18004: No value exists in scope for the shorthand property 'threshold'. Either declare one or provide an initializer.
app/api/v2/ai/semantic-search/route.ts(76,17): error TS18004: No value exists in scope for the shorthand property 'filters'. Either declare one or provide an initializer.
app/api/v2/ai/semantic-search/route.ts(77,17): error TS18004: No value exists in scope for the shorthand property 'hybridSearch'. Either declare one or provide an initializer.
app/api/v2/ai/semantic-search/route.ts(86,31): error TS2304: Cannot find name 'semanticPrecedentSearch'.
app/api/v2/ai/semantic-search/route.ts(87,17): error TS18004: No value exists in scope for the shorthand property 'limit'. Either declare one or provide an initializer.
app/api/v2/ai/semantic-search/route.ts(88,17): error TS18004: No value exists in scope for the shorthand property 'threshold'. Either declare one or provide an initializer.
app/api/v2/ai/semantic-search/route.ts(89,28): error TS2304: Cannot find name 'filters'.
app/api/v2/ai/semantic-search/route.ts(90,31): error TS2304: Cannot find name 'filters'.
app/api/v2/ai/semantic-search/route.ts(99,31): error TS2304: Cannot find name 'unifiedSemanticSearch'.
app/api/v2/ai/semantic-search/route.ts(102,17): error TS18004: No value exists in scope for the shorthand property 'limit'. Either declare one or provide an initializer.
app/api/v2/ai/semantic-search/route.ts(103,17): error TS18004: No value exists in scope for the shorthand property 'threshold'. Either declare one or provide an initializer.
app/api/v2/ai/semantic-search/route.ts(118,31): error TS2304: Cannot find name 'findSimilarClauses'.
app/api/v2/ai/semantic-search/route.ts(118,50): error TS2304: Cannot find name 'clauseId'.
app/api/v2/ai/semantic-search/route.ts(119,17): error TS18004: No value exists in scope for the shorthand property 'limit'. Either declare one or provide an initializer.
app/api/v2/ai/semantic-search/route.ts(120,17): error TS18004: No value exists in scope for the shorthand property 'threshold'. Either declare one or provide an initializer.
app/api/v2/ai/semantic-search/route.ts(121,31): error TS2304: Cannot find name 'filters'.
app/api/v2/ai/semantic-search/route.ts(125,17): error TS18004: No value exists in scope for the shorthand property 'clauseId'. Either declare one or provide an initializer.
app/api/v2/analytics/metrics/route.ts(21,29): error TS2322: Type '"delegate"' is not assignable to type '"member" | "steward" | "chief_steward" | "health_safety_rep" | "officer" | "admin" | "president" | "vice_president" | "app_owner" | "coo" | "cto" | "platform_lead" | "customer_success_director" | ... 20 more ... | undefined'.
app/api/v2/analytics/metrics/route.ts(29,43): error TS2554: Expected 1 arguments, but got 2.
app/api/v2/analytics/metrics/route.ts(36,29): error TS2322: Type '"delegate"' is not assignable to type '"member" | "steward" | "chief_steward" | "health_safety_rep" | "officer" | "admin" | "president" | "vice_president" | "app_owner" | "coo" | "cto" | "platform_lead" | "customer_success_director" | ... 20 more ... | undefined'.
app/api/v2/analytics/metrics/route.ts(44,44): error TS2554: Expected 1 arguments, but got 2.
app/api/v2/auth/user-role/route.ts(20,48): error TS2304: Cannot find name 'auth'.
app/api/v2/bargaining-notes/route.ts(26,29): error TS2300: Duplicate identifier 'organizationId'.
app/api/v2/bargaining-notes/route.ts(34,17): error TS2300: Duplicate identifier 'organizationId'.
app/api/v2/bargaining-notes/route.ts(35,48): error TS2304: Cannot find name 'context'.
app/api/v2/bargaining-notes/route.ts(41,40): error TS2304: Cannot find name 'getBargainingTimeline'.
app/api/v2/bargaining-notes/route.ts(46,33): error TS2304: Cannot find name 'getBargainingNotesStatistics'.
app/api/v2/bargaining-notes/route.ts(51,33): error TS2304: Cannot find name 'getSessionTypes'.
app/api/v2/bargaining-notes/route.ts(59,33): error TS2304: Cannot find name 'getNotesByTags'.
app/api/v2/bargaining-notes/route.ts(65,21): error TS2339: Property 'cbaId' does not exist on type '{}'.
app/api/v2/bargaining-notes/route.ts(68,21): error TS2339: Property 'organizationId' does not exist on type '{}'.
app/api/v2/bargaining-notes/route.ts(72,21): error TS2339: Property 'sessionType' does not exist on type '{}'.
app/api/v2/bargaining-notes/route.ts(76,21): error TS2339: Property 'confidentialityLevel' does not exist on type '{}'.
app/api/v2/bargaining-notes/route.ts(80,21): error TS2339: Property 'dateFrom' does not exist on type '{}'.
app/api/v2/bargaining-notes/route.ts(84,21): error TS2339: Property 'dateTo' does not exist on type '{}'.
app/api/v2/bargaining-notes/route.ts(88,21): error TS2339: Property 'createdBy' does not exist on type '{}'.
app/api/v2/bargaining-notes/route.ts(92,21): error TS2339: Property 'searchQuery' does not exist on type '{}'.
app/api/v2/bargaining-notes/route.ts(99,32): error TS2304: Cannot find name 'listBargainingNotes'.
app/api/v2/bargaining-notes/route.ts(117,28): error TS2304: Cannot find name 'bargaining'.
app/api/v2/bargaining-notes/route.ts(117,39): error TS2304: Cannot find name 'notesSchema'.
app/api/v2/bargaining-notes/route.ts(132,33): error TS2304: Cannot find name 'bulkCreateBargainingNotes'.
app/api/v2/bargaining-notes/route.ts(158,30): error TS2304: Cannot find name 'createBargainingNote'.
app/api/v2/billing/batch-status/[jobId]/route.ts(44,19): error TS2304: Cannot find name 'eq'.
app/api/v2/billing/batch-status/[jobId]/route.ts(45,19): error TS2304: Cannot find name 'eq'.
app/api/v2/billing/batch-status/[jobId]/route.ts(45,58): error TS2304: Cannot find name 'context'.
app/api/v2/billing/batch-status/[jobId]/route.ts(53,26): error TS2304: Cannot find name 'sql'.
app/api/v2/billing/batch-status/[jobId]/route.ts(54,25): error TS2304: Cannot find name 'sql'.
app/api/v2/billing/batch-status/[jobId]/route.ts(55,27): error TS2304: Cannot find name 'sql'.
app/api/v2/billing/batch-status/[jobId]/route.ts(56,28): error TS2304: Cannot find name 'sql'.
app/api/v2/billing/batch-status/[jobId]/route.ts(59,24): error TS2304: Cannot find name 'eq'.
app/api/v2/billing/batch-status/[jobId]/route.ts(74,17): error TS2322: Type 'string' is not assignable to type 'null'.
app/api/v2/billing/batch-status/[jobId]/route.ts(81,49): error TS2339: Property 'failureReason' does not exist on type 'PgTableWithColumns<{ name: "newsletter_recipients"; schema: undefined; columns: { id: PgColumn<{ name: "id"; tableName: "newsletter_recipients"; dataType: "string"; columnType: "PgUUID"; data: string; driverParam: string; ... 8 more ...; generated: undefined; }, {}, {}>; ... 11 more ...; createdAt: PgColumn<...>; };...'.
app/api/v2/billing/batch-status/[jobId]/route.ts(86,23): error TS2304: Cannot find name 'eq'.
app/api/v2/billing/batch-status/[jobId]/route.ts(87,23): error TS2304: Cannot find name 'eq'.
app/api/v2/billing/validate/route.ts(6,10): error TS2305: Module '"@/lib/middleware/request-validation"' has no exported member 'logApiAuditEvent'.
app/api/v2/billing/validate/route.ts(27,9): error TS2304: Cannot find name 'rawBody'.
app/api/v2/calendar-sync/microsoft/auth/route.ts(21,53): error TS2345: Argument of type 'string | null' is not assignable to parameter of type 'string'.
app/api/v2/carbon/dashboard/route.ts(17,29): error TS2300: Duplicate identifier 'organizationId'.
app/api/v2/carbon/dashboard/route.ts(20,15): error TS2300: Duplicate identifier 'organizationId'.
app/api/v2/carbon/validate/route.ts(80,14): error TS2304: Cannot find name 'claimType'.
app/api/v2/carbon/validate/route.ts(80,28): error TS2304: Cannot find name 'dataPoints'.
app/api/v2/carbon/validate/route.ts(80,42): error TS2304: Cannot find name 'dataPoints'.
app/api/v2/carbon/validate/route.ts(84,26): error TS2304: Cannot find name 'claimType'.
app/api/v2/carbon/validate/route.ts(95,9): error TS2304: Cannot find name 'dataPoints'.
app/api/v2/carbon/validate/route.ts(106,33): error TS2304: Cannot find name 'dataPoints'.
app/api/v2/carbon/validate/route.ts(107,36): error TS2304: Cannot find name 'dataPoints'.
app/api/v2/carbon/validate/route.ts(112,17): error TS2304: Cannot find name 'claimType'.
app/api/v2/carbon/validate/route.ts(148,11): error TS18004: No value exists in scope for the shorthand property 'claimType'. Either declare one or provide an initializer.
app/api/v2/carbon/validate/route.ts(153,45): error TS2304: Cannot find name 'claimType'.
app/api/v2/cbas/[id]/route.ts(33,29): error TS2304: Cannot find name 'getCBAById'.
app/api/v2/cbas/[id]/route.ts(45,22): error TS2339: Property 'clauses' does not exist on type '{ cba: any; }'.
app/api/v2/cbas/[id]/route.ts(46,22): error TS2339: Property 'clauseCount' does not exist on type '{ cba: any; }'.
app/api/v2/cbas/[id]/route.ts(51,22): error TS2339: Property 'bargainingNotes' does not exist on type '{ cba: any; }'.
app/api/v2/cbas/[id]/route.ts(52,22): error TS2339: Property 'noteCount' does not exist on type '{ cba: any; }'.
app/api/v2/cbas/[id]/route.ts(73,38): error TS2304: Cannot find name 'updateCBAStatus'.
app/api/v2/cbas/[id]/route.ts(81,36): error TS2304: Cannot find name 'updateCBA'.
app/api/v2/cbas/[id]/route.ts(110,35): error TS2304: Cannot find name 'deleteCBA'.
app/api/v2/cbas/[id]/route.ts(121,35): error TS2304: Cannot find name 'deleteCBA'.
app/api/v2/clauses/[id]/route.ts(23,37): error TS2304: Cannot find name 'getClauseHierarchy'.
app/api/v2/clauses/[id]/route.ts(31,32): error TS2304: Cannot find name 'getClauseById'.
app/api/v2/clauses/[id]/route.ts(52,39): error TS2304: Cannot find name 'updateClause'.
app/api/v2/clauses/[id]/route.ts(72,33): error TS2304: Cannot find name 'deleteClause'.
app/api/v2/clauses/compare/route.ts(11,48): error TS2769: No overload matches this call.
app/api/v2/clauses/compare/route.ts(19,29): error TS2322: Type '"delegate"' is not assignable to type '"member" | "steward" | "chief_steward" | "health_safety_rep" | "officer" | "admin" | "president" | "vice_president" | "app_owner" | "coo" | "cto" | "platform_lead" | "customer_success_director" | ... 20 more ... | undefined'.
app/api/v2/clauses/compare/route.ts(38,48): error TS2304: Cannot find name 'contextOrganizationId'.
app/api/v2/clauses/compare/route.ts(42,16): error TS2304: Cannot find name 'clauseIds'.
app/api/v2/clauses/compare/route.ts(42,44): error TS2304: Cannot find name 'clauseIds'.
app/api/v2/clauses/compare/route.ts(42,58): error TS2304: Cannot find name 'clauseIds'.
app/api/v2/clauses/compare/route.ts(46,15): error TS2304: Cannot find name 'clauseIds'.
app/api/v2/clauses/compare/route.ts(50,32): error TS2304: Cannot find name 'compareClauses'.
app/api/v2/clauses/compare/route.ts(51,13): error TS18004: No value exists in scope for the shorthand property 'clauseIds'. Either declare one or provide an initializer.
app/api/v2/clauses/compare/route.ts(52,13): error TS18004: No value exists in scope for the shorthand property 'analysisType'. Either declare one or provide an initializer.
app/api/v2/clauses/compare/route.ts(55,15): error TS2304: Cannot find name 'save'.
app/api/v2/clauses/compare/route.ts(56,18): error TS2304: Cannot find name 'comparisonName'.
app/api/v2/clauses/compare/route.ts(61,43): error TS2304: Cannot find name 'saveClauseComparison'.
app/api/v2/clauses/compare/route.ts(62,15): error TS2304: Cannot find name 'comparisonName'.
app/api/v2/clauses/compare/route.ts(64,15): error TS2304: Cannot find name 'clauseIds'.
app/api/v2/cron/education-reminders/route.ts(39,58): error TS2345: Argument of type '(tx: any) => Promise<any>' is not assignable to parameter of type '() => Promise<any>'.
app/api/v2/cron/education-reminders/route.ts(71,13): error TS18046: 'sessionReminders' is of type 'unknown'.
app/api/v2/cron/education-reminders/route.ts(73,20): error TS18046: 'sessionReminders' is of type 'unknown'.
app/api/v2/cron/education-reminders/route.ts(75,32): error TS18046: 'sessionReminders' is of type 'unknown'.
app/api/v2/cron/education-reminders/route.ts(79,35): error TS2769: No overload matches this call.
app/api/v2/cron/education-reminders/route.ts(93,44): error TS2304: Cannot find name 'batchSendSessionReminders'.
app/api/v2/cron/education-reminders/route.ts(104,56): error TS2345: Argument of type '(tx: any) => Promise<any>' is not assignable to parameter of type '() => Promise<any>'.
app/api/v2/cron/education-reminders/route.ts(129,13): error TS18046: 'expiryWarnings' is of type 'unknown'.
app/api/v2/cron/education-reminders/route.ts(131,20): error TS18046: 'expiryWarnings' is of type 'unknown'.
app/api/v2/cron/education-reminders/route.ts(133,31): error TS18046: 'expiryWarnings' is of type 'unknown'.
app/api/v2/cron/education-reminders/route.ts(138,34): error TS2769: No overload matches this call.
app/api/v2/cron/education-reminders/route.ts(146,42): error TS2304: Cannot find name 'batchSendExpiryWarnings'.
app/api/v2/cron/external-data-sync/route.ts(22,43): error TS2554: Expected 1 arguments, but got 2.
app/api/v2/cron/external-data-sync/route.ts(37,44): error TS2554: Expected 1 arguments, but got 2.
app/api/v2/deadlines/dashboard/route.ts(16,3): error TS2345: Argument of type '({ request, userId, organizationId, user, body, query }: ApiContext<never, never>) => Promise<unknown>' is not assignable to parameter of type 'HandlerFn<never, never>'.
app/api/v2/deadlines/dashboard/route.ts(18,51): error TS2345: Argument of type 'string | null' is not assignable to parameter of type 'string'.
app/api/v2/documents/[id]/ocr/route.ts(11,29): error TS2322: Type '"delegate"' is not assignable to type '"member" | "steward" | "chief_steward" | "health_safety_rep" | "officer" | "admin" | "president" | "vice_president" | "app_owner" | "coo" | "cto" | "platform_lead" | "customer_success_director" | ... 20 more ... | undefined'.
app/api/v2/documents/[id]/ocr/route.ts(22,52): error TS2322: Type 'string | null' is not assignable to type 'string | undefined'.
app/api/v2/documents/bulk/route.ts(33,29): error TS2322: Type '"delegate"' is not assignable to type '"member" | "steward" | "chief_steward" | "health_safety_rep" | "officer" | "admin" | "president" | "vice_president" | "app_owner" | "coo" | "cto" | "platform_lead" | "customer_success_director" | ... 20 more ... | undefined'.
app/api/v2/documents/bulk/route.ts(43,9): error TS2304: Cannot find name 'rawBody'.
app/api/v2/documents/folders/route.ts(31,54): error TS2322: Type 'string | null' is not assignable to type 'string | undefined'.
app/api/v2/documents/folders/route.ts(43,40): error TS2304: Cannot find name 'getFolderTree'.
app/api/v2/documents/folders/route.ts(45,54): error TS2322: Type 'string | null' is not assignable to type 'string | undefined'.
app/api/v2/documents/folders/route.ts(55,35): error TS2304: Cannot find name 'listFolders'.
app/api/v2/documents/folders/route.ts(60,52): error TS2322: Type 'string | null' is not assignable to type 'string | undefined'.
app/api/v2/documents/folders/route.ts(83,9): error TS2304: Cannot find name 'rawBody'.
app/api/v2/documents/route.ts(41,13): error TS2322: Type 'string | null' is not assignable to type 'string | undefined'.
app/api/v2/documents/route.ts(56,13): error TS2322: Type 'string | null' is not assignable to type 'string | undefined'.
app/api/v2/documents/route.ts(59,13): error TS2322: Type '"authorization_failed"' is not assignable to type '"success" | "auth_failed" | "validation_failed" | "sql_injection_attempt" | "unauthorized_access"'.
app/api/v2/documents/route.ts(72,31): error TS2304: Cannot find name 'getDocumentStatistics'.
app/api/v2/documents/route.ts(75,13): error TS2322: Type 'string | null' is not assignable to type 'string | undefined'.
app/api/v2/documents/route.ts(90,33): error TS2339: Property 'category' does not exist on type '{}'.
app/api/v2/documents/route.ts(92,33): error TS2339: Property 'fileType' does not exist on type '{}'.
app/api/v2/documents/route.ts(94,35): error TS2339: Property 'uploadedBy' does not exist on type '{}'.
app/api/v2/documents/route.ts(96,29): error TS2339: Property 'tags' does not exist on type '{}'.
app/api/v2/documents/route.ts(99,33): error TS2304: Cannot find name 'searchDocuments'.
app/api/v2/documents/route.ts(102,13): error TS2322: Type 'string | null' is not assignable to type 'string | undefined'.
app/api/v2/documents/route.ts(115,31): error TS2339: Property 'folderId' does not exist on type '{ organizationId: string; }'.
app/api/v2/documents/route.ts(117,31): error TS2339: Property 'category' does not exist on type '{ organizationId: string; }'.
app/api/v2/documents/route.ts(119,27): error TS2339: Property 'tags' does not exist on type '{ organizationId: string; }'.
app/api/v2/documents/route.ts(121,31): error TS2339: Property 'fileType' does not exist on type '{ organizationId: string; }'.
app/api/v2/documents/route.ts(123,33): error TS2339: Property 'uploadedBy' does not exist on type '{ organizationId: string; }'.
app/api/v2/documents/route.ts(125,34): error TS2339: Property 'searchQuery' does not exist on type '{ organizationId: string; }'.
app/api/v2/documents/route.ts(131,30): error TS2304: Cannot find name 'listDocuments'.
app/api/v2/documents/route.ts(134,11): error TS2322: Type 'string | null' is not assignable to type 'string | undefined'.
app/api/v2/documents/route.ts(158,9): error TS2304: Cannot find name 'rawBody'.
app/api/v2/documents/upload/route.ts(14,26): error TS2304: Cannot find name 'MAX_FILE_SIZE'.
app/api/v2/documents/upload/route.ts(15,18): error TS2304: Cannot find name 'ALLOWED_MIME_TYPES_LIST'.
app/api/v2/dues/calculate/route.ts(6,10): error TS2305: Module '"@/lib/middleware/request-validation"' has no exported member 'logApiAuditEvent'.
app/api/v2/dues/calculate/route.ts(29,9): error TS2304: Cannot find name 'rawBody'.
app/api/v2/emergency/pipeda/route.ts(50,19): error TS2339: Property 'authority' does not exist on type 'ProvincialPrivacyRules'.
app/api/v2/emergency/pipeda/route.ts(72,14): error TS2304: Cannot find name 'memberId'.
app/api/v2/emergency/pipeda/route.ts(72,27): error TS2304: Cannot find name 'breachDate'.
app/api/v2/emergency/pipeda/route.ts(72,42): error TS2304: Cannot find name 'affectedDataTypes'.
app/api/v2/emergency/pipeda/route.ts(72,63): error TS2304: Cannot find name 'affectedDataTypes'.
app/api/v2/emergency/pipeda/route.ts(86,11): error TS2304: Cannot find name 'memberId'.
app/api/v2/emergency/pipeda/route.ts(87,11): error TS2304: Cannot find name 'affectedDataTypes'.
app/api/v2/emergency/pipeda/route.ts(88,20): error TS2304: Cannot find name 'breachDate'.
app/api/v2/emergency/pipeda/route.ts(91,39): error TS2304: Cannot find name 'province'.
app/api/v2/emergency/pipeda/route.ts(93,34): error TS2304: Cannot find name 'province'.
app/api/v2/emergency/pipeda/route.ts(94,34): error TS2304: Cannot find name 'estimatedAffectedCount'.
app/api/v2/emergency/pipeda/route.ts(98,34): error TS2345: Argument of type '"Privacy Commissioner"' is not assignable to parameter of type 'never'.
app/api/v2/emergency/pipeda/route.ts(99,15): error TS2304: Cannot find name 'province'.
app/api/v2/emergency/pipeda/route.ts(100,36): error TS2345: Argument of type '"CAI - Commission d'acc├â┬¿s ├â┬á l'information"' is not assignable to parameter of type 'never'.
app/api/v2/emergency/pipeda/route.ts(103,32): error TS2345: Argument of type '"Affected Members (via secure notification)"' is not assignable to parameter of type 'never'.
app/api/v2/emergency/pipeda/route.ts(105,35): error TS2304: Cannot find name 'province'.
app/api/v2/emergency/pipeda/route.ts(106,48): error TS2304: Cannot find name 'breachDate'.
app/api/v2/emergency/pipeda/route.ts(114,18): error TS2304: Cannot find name 'estimatedAffectedCount'.
app/api/v2/emergency/recovery/route.ts(73,14): error TS2304: Cannot find name 'emergencyId'.
app/api/v2/emergency/recovery/route.ts(73,30): error TS2304: Cannot find name 'memberId'.
app/api/v2/emergency/recovery/route.ts(78,28): error TS2304: Cannot find name 'emergencyId'.
app/api/v2/emergency/recovery/route.ts(86,57): error TS2304: Cannot find name 'memberId'.
app/api/v2/emergency/recovery/route.ts(86,57): error TS2554: Expected 0 arguments, but got 2.
app/api/v2/emergency/recovery/route.ts(97,11): error TS18004: No value exists in scope for the shorthand property 'emergencyId'. Either declare one or provide an initializer.
app/api/v2/emergency/recovery/route.ts(106,56): error TS2304: Cannot find name 'emergencyId'.
app/api/v2/feature-flags/route.ts(17,21): error TS2300: Duplicate identifier 'userId'.
app/api/v2/feature-flags/route.ts(20,15): error TS2300: Duplicate identifier 'userId'.
app/api/v2/feature-flags/route.ts(20,24): error TS2304: Cannot find name 'context'.
app/api/v2/feature-flags/route.ts(21,23): error TS2304: Cannot find name 'context'.
app/api/v2/feature-flags/route.ts(25,11): error TS2322: Type 'string | null' is not assignable to type 'string | undefined'.
app/api/v2/gdpr/cookie-consent/route.ts(57,14): error TS2304: Cannot find name 'consentId'.
app/api/v2/gdpr/cookie-consent/route.ts(66,11): error TS2322: Type 'string | null' is not assignable to type 'string | undefined'.
app/api/v2/gdpr/cookie-consent/route.ts(68,11): error TS18004: No value exists in scope for the shorthand property 'consentId'. Either declare one or provide an initializer.
app/api/v2/gdpr/cookie-consent/route.ts(69,22): error TS2304: Cannot find name 'essential'.
app/api/v2/gdpr/cookie-consent/route.ts(70,23): error TS2304: Cannot find name 'functional'.
app/api/v2/gdpr/cookie-consent/route.ts(71,22): error TS2304: Cannot find name 'analytics'.
app/api/v2/gdpr/cookie-consent/route.ts(72,22): error TS2304: Cannot find name 'marketing'.
app/api/v2/gdpr/cookie-consent/route.ts(74,11): error TS18004: No value exists in scope for the shorthand property 'userAgent'. Either declare one or provide an initializer.
app/api/v2/governance/board-packets/[id]/distribute/route.ts(29,51): error TS2300: Duplicate identifier 'body'.
app/api/v2/governance/board-packets/[id]/distribute/route.ts(32,15): error TS2300: Duplicate identifier 'body'.
app/api/v2/governance/policies/evaluate/route.ts(29,51): error TS2300: Duplicate identifier 'body'.
app/api/v2/governance/policies/evaluate/route.ts(31,15): error TS2300: Duplicate identifier 'body'.
app/api/v2/integrations/shopify/webhooks/route.ts(21,43): error TS2554: Expected 1 arguments, but got 2.
app/api/v2/integrations/shopify/webhooks/route.ts(37,44): error TS2554: Expected 1 arguments, but got 2.
app/api/v2/location/consent/route.ts(26,21): error TS2300: Duplicate identifier 'userId'.
app/api/v2/location/consent/route.ts(29,15): error TS2300: Duplicate identifier 'userId'.
app/api/v2/location/consent/route.ts(54,21): error TS2300: Duplicate identifier 'userId'.
app/api/v2/location/consent/route.ts(54,51): error TS2300: Duplicate identifier 'body'.
app/api/v2/location/consent/route.ts(56,15): error TS2300: Duplicate identifier 'body'.
app/api/v2/location/consent/route.ts(57,17): error TS2300: Duplicate identifier 'userId'.
app/api/v2/location/consent/route.ts(67,11): error TS2322: Type '{}' is not assignable to type 'string'.
app/api/v2/location/consent/route.ts(69,11): error TS2322: Type '{}' is not assignable to type 'string'.
app/api/v2/location/consent/route.ts(70,11): error TS2322: Type 'unknown' is not assignable to type 'boolean | undefined'.
app/api/v2/location/consent/route.ts(71,11): error TS2322: Type 'unknown' is not assignable to type 'boolean | undefined'.
app/api/v2/location/consent/route.ts(89,21): error TS2300: Duplicate identifier 'userId'.
app/api/v2/location/consent/route.ts(92,15): error TS2300: Duplicate identifier 'userId'.
app/api/v2/location/geofence/route.ts(28,21): error TS2300: Duplicate identifier 'userId'.
app/api/v2/location/geofence/route.ts(31,15): error TS2300: Duplicate identifier 'userId'.
app/api/v2/location/geofence/route.ts(66,51): error TS2300: Duplicate identifier 'body'.
app/api/v2/location/geofence/route.ts(68,15): error TS2300: Duplicate identifier 'body'.
app/api/v2/location/geofence/route.ts(75,13): error TS2365: Operator '<' cannot be applied to types 'string' and 'number'.
app/api/v2/location/geofence/route.ts(75,37): error TS2365: Operator '>' cannot be applied to types 'string' and 'number'.
app/api/v2/location/geofence/route.ts(79,13): error TS2365: Operator '<' cannot be applied to types 'string' and 'number'.
app/api/v2/location/geofence/route.ts(79,39): error TS2365: Operator '>' cannot be applied to types 'string' and 'number'.
app/api/v2/location/geofence/route.ts(83,13): error TS2365: Operator '<=' cannot be applied to types '{}' and 'number'.
app/api/v2/location/geofence/route.ts(90,11): error TS2322: Type '{}' is not assignable to type 'string'.
app/api/v2/location/geofence/route.ts(91,11): error TS2322: Type 'string' is not assignable to type 'number'.
app/api/v2/location/geofence/route.ts(92,11): error TS2322: Type 'string' is not assignable to type 'number'.
app/api/v2/location/geofence/route.ts(93,11): error TS2322: Type '{}' is not assignable to type 'number'.
app/api/v2/location/track/route.ts(30,51): error TS2300: Duplicate identifier 'body'.
app/api/v2/location/track/route.ts(32,15): error TS2300: Duplicate identifier 'body'.
app/api/v2/location/track/route.ts(36,11): error TS2322: Type 'string | null' is not assignable to type 'string'.
app/api/v2/location/track/route.ts(37,11): error TS18004: No value exists in scope for the shorthand property 'latitude'. Either declare one or provide an initializer.
app/api/v2/location/track/route.ts(38,11): error TS18004: No value exists in scope for the shorthand property 'longitude'. Either declare one or provide an initializer.
app/api/v2/location/track/route.ts(39,11): error TS18004: No value exists in scope for the shorthand property 'accuracy'. Either declare one or provide an initializer.
app/api/v2/location/track/route.ts(40,11): error TS18004: No value exists in scope for the shorthand property 'altitude'. Either declare one or provide an initializer.
app/api/v2/location/track/route.ts(41,11): error TS18004: No value exists in scope for the shorthand property 'purpose'. Either declare one or provide an initializer.
app/api/v2/location/track/route.ts(42,11): error TS18004: No value exists in scope for the shorthand property 'activityType'. Either declare one or provide an initializer.
app/api/v2/location/track/route.ts(43,11): error TS18004: No value exists in scope for the shorthand property 'strikeId'. Either declare one or provide an initializer.
app/api/v2/location/track/route.ts(44,11): error TS18004: No value exists in scope for the shorthand property 'eventId'. Either declare one or provide an initializer.
app/api/v2/ml/monitoring/alerts/route.ts(19,29): error TS2322: Type '"delegate"' is not assignable to type '"member" | "steward" | "chief_steward" | "health_safety_rep" | "officer" | "admin" | "president" | "vice_president" | "app_owner" | "coo" | "cto" | "platform_lead" | "customer_success_director" | ... 20 more ... | undefined'.
app/api/v2/ml/monitoring/alerts/route.ts(51,39): error TS2304: Cannot find name 'organizationScopeId'.
app/api/v2/ml/monitoring/alerts/route.ts(69,39): error TS2304: Cannot find name 'organizationScopeId'.
app/api/v2/ml/monitoring/alerts/route.ts(82,39): error TS2304: Cannot find name 'organizationScopeId'.
app/api/v2/ml/monitoring/alerts/route.ts(140,29): error TS2322: Type '"delegate"' is not assignable to type '"member" | "steward" | "chief_steward" | "health_safety_rep" | "officer" | "admin" | "president" | "vice_president" | "app_owner" | "coo" | "cto" | "platform_lead" | "customer_success_director" | ... 20 more ... | undefined'.
app/api/v2/ml/monitoring/alerts/route.ts(152,14): error TS2304: Cannot find name 'alertId'.
app/api/v2/ml/monitoring/alerts/route.ts(165,15): error TS2304: Cannot find name 'alertId'.
app/api/v2/ml/monitoring/alerts/route.ts(166,17): error TS2304: Cannot find name 'organizationScopeId'.
app/api/v2/ml/monitoring/alerts/route.ts(177,18): error TS18004: No value exists in scope for the shorthand property 'alertId'. Either declare one or provide an initializer.
app/api/v2/ml/monitoring/metrics/route.ts(15,29): error TS2322: Type '"delegate"' is not assignable to type '"member" | "steward" | "chief_steward" | "health_safety_rep" | "officer" | "admin" | "president" | "vice_president" | "app_owner" | "coo" | "cto" | "platform_lead" | "customer_success_director" | ... 20 more ... | undefined'.
app/api/v2/ml/monitoring/metrics/route.ts(95,32): error TS2345: Argument of type '{}' is not assignable to parameter of type 'string'.
app/api/v2/ml/monitoring/metrics/route.ts(96,33): error TS2345: Argument of type '{}' is not assignable to parameter of type 'string'.
app/api/v2/ml/monitoring/metrics/route.ts(97,30): error TS2345: Argument of type '{}' is not assignable to parameter of type 'string'.
app/api/v2/ml/monitoring/metrics/route.ts(98,31): error TS2345: Argument of type '{}' is not assignable to parameter of type 'string'.
app/api/v2/ml/monitoring/metrics/route.ts(99,36): error TS2345: Argument of type '{}' is not assignable to parameter of type 'string'.
app/api/v2/ml/monitoring/metrics/route.ts(100,37): error TS2345: Argument of type '{}' is not assignable to parameter of type 'string'.
app/api/v2/ml/predictions/churn-risk/route.ts(70,28): error TS2304: Cannot find name 'ChurnPrediction'.
app/api/v2/ml/predictions/churn-risk/route.ts(131,37): error TS2304: Cannot find name 'organizationIdFromBody'.
app/api/v2/ml/predictions/churn-risk/route.ts(132,14): error TS2304: Cannot find name 'memberId'.
app/api/v2/ml/predictions/churn-risk/route.ts(167,33): error TS2304: Cannot find name 'memberId'.
app/api/v2/ml/predictions/churn-risk/route.ts(268,15): error TS2304: Cannot find name 'memberId'.
app/api/v2/ml/predictions/churn-risk/route.ts(300,13): error TS18004: No value exists in scope for the shorthand property 'memberId'. Either declare one or provide an initializer.
app/api/v2/ml/query/route.ts(16,29): error TS2322: Type '"delegate"' is not assignable to type '"member" | "steward" | "chief_steward" | "health_safety_rep" | "officer" | "admin" | "president" | "vice_president" | "app_owner" | "coo" | "cto" | "platform_lead" | "customer_success_director" | ... 20 more ... | undefined'.
app/api/v2/ml/query/route.ts(33,11): error TS2769: No overload matches this call.
app/api/v2/ml/query/route.ts(50,29): error TS2304: Cannot find name 'generateFollowUpSuggestions'.
app/api/v2/ml/query/route.ts(56,11): error TS2322: Type 'string | null' is not assignable to type 'string | undefined'.
app/api/v2/payments/checkout/create/route.ts(29,11): error TS18004: No value exists in scope for the shorthand property 'transactionId'. Either declare one or provide an initializer.
app/api/v2/payments/checkout/create/route.ts(30,11): error TS18004: No value exists in scope for the shorthand property 'processorType'. Either declare one or provide an initializer.
app/api/v2/payments/checkout/create/route.ts(34,11): error TS18004: No value exists in scope for the shorthand property 'transactionId'. Either declare one or provide an initializer.
app/api/v2/payments/checkout/create/route.ts(35,11): error TS18004: No value exists in scope for the shorthand property 'returnUrl'. Either declare one or provide an initializer.
app/api/v2/payments/checkout/create/route.ts(36,11): error TS18004: No value exists in scope for the shorthand property 'cancelUrl'. Either declare one or provide an initializer.
app/api/v2/payments/checkout/create/route.ts(37,11): error TS18004: No value exists in scope for the shorthand property 'processorType'. Either declare one or provide an initializer.
app/api/v2/payments/checkout/create/route.ts(41,11): error TS18004: No value exists in scope for the shorthand property 'transactionId'. Either declare one or provide an initializer.
app/api/v2/payments/webhooks/paypal/route.ts(31,32): error TS2304: Cannot find name 'verifyPayPalWebhook'.
app/api/v2/payments/webhooks/paypal/route.ts(50,31): error TS2304: Cannot find name 'getTransactionIdFromPayPalEvent'.
app/api/v2/portal/dues/balance/route.ts(45,15): error TS2769: No overload matches this call.
app/api/v2/portal/dues/balance/route.ts(70,15): error TS2769: No overload matches this call.
app/api/v2/portal/dues/pay/route.ts(39,43): error TS2554: Expected 1 arguments, but got 2.
app/api/v2/portal/dues/pay/route.ts(54,44): error TS2554: Expected 1 arguments, but got 2.
app/api/v2/precedents/route.ts(40,33): error TS2304: Cannot find name 'getPrecedentStatistics'.
app/api/v2/precedents/route.ts(46,38): error TS2304: Cannot find name 'getMostCitedPrecedents'.
app/api/v2/precedents/route.ts(52,38): error TS2304: Cannot find name 'getPrecedentsByIssueType'.
app/api/v2/precedents/route.ts(59,21): error TS2339: Property 'tribunal' does not exist on type '{}'.
app/api/v2/precedents/route.ts(63,21): error TS2339: Property 'decisionType' does not exist on type '{}'.
app/api/v2/precedents/route.ts(67,21): error TS2339: Property 'outcome' does not exist on type '{}'.
app/api/v2/precedents/route.ts(71,21): error TS2339: Property 'precedentValue' does not exist on type '{}'.
app/api/v2/precedents/route.ts(75,21): error TS2339: Property 'arbitrator' does not exist on type '{}'.
app/api/v2/precedents/route.ts(79,21): error TS2339: Property 'union' does not exist on type '{}'.
app/api/v2/precedents/route.ts(83,21): error TS2339: Property 'employer' does not exist on type '{}'.
app/api/v2/precedents/route.ts(87,21): error TS2339: Property 'jurisdiction' does not exist on type '{}'.
app/api/v2/precedents/route.ts(91,21): error TS2339: Property 'sector' does not exist on type '{}'.
app/api/v2/precedents/route.ts(95,21): error TS2339: Property 'searchQuery' does not exist on type '{}'.
app/api/v2/precedents/route.ts(100,21): error TS2339: Property 'dateFrom' does not exist on type '{}'.
app/api/v2/precedents/route.ts(104,21): error TS2339: Property 'dateTo' does not exist on type '{}'.
app/api/v2/precedents/route.ts(111,32): error TS2304: Cannot find name 'listPrecedents'.
app/api/v2/precedents/route.ts(175,35): error TS2304: Cannot find name 'createPrecedent'.
app/api/v2/precedents/search/route.ts(18,29): error TS2322: Type '"delegate"' is not assignable to type '"member" | "steward" | "chief_steward" | "health_safety_rep" | "officer" | "admin" | "president" | "vice_president" | "app_owner" | "coo" | "cto" | "platform_lead" | "customer_success_director" | ... 20 more ... | undefined'.
app/api/v2/precedents/search/route.ts(29,57): error TS2304: Cannot find name 'filters'.
app/api/v2/precedents/search/route.ts(29,66): error TS2304: Cannot find name 'limit'.
app/api/v2/privacy/consent/route.ts(28,21): error TS2300: Duplicate identifier 'userId'.
app/api/v2/privacy/consent/route.ts(31,17): error TS2300: Duplicate identifier 'userId'.
app/api/v2/privacy/consent/route.ts(31,34): error TS2304: Cannot find name 'requireApiAuth'.
app/api/v2/privacy/consent/route.ts(40,11): error TS2345: Argument of type 'string | null' is not assignable to parameter of type 'string'.
app/api/v2/privacy/consent/route.ts(57,21): error TS2300: Duplicate identifier 'userId'.
app/api/v2/privacy/consent/route.ts(60,17): error TS2300: Duplicate identifier 'userId'.
app/api/v2/privacy/consent/route.ts(60,34): error TS2304: Cannot find name 'requireApiAuth'.
app/api/v2/privacy/consent/route.ts(66,11): error TS2322: Type 'string | null' is not assignable to type 'string'.
app/api/v2/privacy/consent/route.ts(67,21): error TS2304: Cannot find name 'province'.
app/api/v2/privacy/consent/route.ts(68,11): error TS18004: No value exists in scope for the shorthand property 'consentType'. Either declare one or provide an initializer.
app/api/v2/privacy/consent/route.ts(69,11): error TS18004: No value exists in scope for the shorthand property 'consentGiven'. Either declare one or provide an initializer.
app/api/v2/privacy/consent/route.ts(70,11): error TS18004: No value exists in scope for the shorthand property 'consentMethod'. Either declare one or provide an initializer.
app/api/v2/privacy/consent/route.ts(71,11): error TS18004: No value exists in scope for the shorthand property 'consentText'. Either declare one or provide an initializer.
app/api/v2/privacy/consent/route.ts(72,11): error TS18004: No value exists in scope for the shorthand property 'consentLanguage'. Either declare one or provide an initializer.
app/api/v2/privacy/consent/route.ts(90,21): error TS2300: Duplicate identifier 'userId'.
app/api/v2/privacy/consent/route.ts(92,31): error TS2304: Cannot find name 'getServerSession'.
app/api/v2/privacy/consent/route.ts(97,15): error TS2300: Duplicate identifier 'userId'.
app/api/v2/ready/route.ts(20,27): error TS2304: Cannot find name 'checkDatabaseReady'.
app/api/v2/ready/route.ts(21,29): error TS2304: Cannot find name 'checkMigrationsComplete'.
app/api/v2/ready/route.ts(22,24): error TS2304: Cannot find name 'checkCacheReady'.
app/api/v2/ready/route.ts(25,25): error TS2304: Cannot find name 'ReadinessCheck'.
app/api/v2/rewards/cron/route.ts(59,33): error TS2345: Argument of type '{ task: string; organizations: number; results: { orgId: string; status: "rejected" | "fulfilled"; data: { success: boolean; processed: number; error?: undefined; } | { success: boolean; error: any; processed?: undefined; } | undefined; error: any; }[]; }' is not assignable to parameter of type 'never'.
app/api/v2/rewards/cron/route.ts(72,33): error TS2345: Argument of type '{ task: string; result: { duration: string; usersNotified7Days: number; usersNotified14Days: number; usersNotified30Days: number; errors: string[]; success: boolean; error?: undefined; } | { ...; }; }' is not assignable to parameter of type 'never'.
app/api/v2/rewards/cron/route.ts(81,33): error TS2345: Argument of type '{ task: string; organizations: number; results: { orgId: string; status: "rejected" | "fulfilled"; data: { success: boolean; processed: number; error?: undefined; } | { success: boolean; error: any; processed?: undefined; } | undefined; error: any; }[]; }' is not assignable to parameter of type 'never'.
app/api/v2/rewards/redemptions/route.ts(6,10): error TS2724: '"next"' has no exported member named 'NextRequest'. Did you mean 'NextApiRequest'?
app/api/v2/rewards/redemptions/route.ts(6,23): error TS2724: '"next"' has no exported member named 'NextResponse'. Did you mean 'NextApiResponse'?
app/api/v2/rewards/wallet/route.ts(6,10): error TS2724: '"next"' has no exported member named 'NextRequest'. Did you mean 'NextApiRequest'?
app/api/v2/rewards/wallet/route.ts(6,23): error TS2724: '"next"' has no exported member named 'NextResponse'. Did you mean 'NextApiResponse'?
app/api/v2/rewards/wallet/route.ts(19,21): error TS2300: Duplicate identifier 'userId'.
app/api/v2/rewards/wallet/route.ts(19,29): error TS2300: Duplicate identifier 'organizationId'.
app/api/v2/rewards/wallet/route.ts(22,19): error TS2300: Duplicate identifier 'userId'.
app/api/v2/rewards/wallet/route.ts(22,27): error TS2300: Duplicate identifier 'organizationId'.
app/api/v2/rewards/wallet/route.ts(22,46): error TS2304: Cannot find name 'context'.
app/api/v2/rewards/wallet/route.ts(35,56): error TS2554: Expected 2 arguments, but got 3.
app/api/v2/rewards/wallet/route.ts(37,43): error TS2345: Argument of type 'PostgresJsDatabase<typeof import("C:/APPS/nzila-automation/apps/union-eyes/db/schema/index")> & { $client: Sql<{}>; }' is not assignable to parameter of type 'string'.
app/api/v2/rewards/wallet/route.ts(50,35): error TS2339: Property 'length' does not exist on type '{ entries: { orgId: string; userId: string; eventType: "refund" | "earn" | "spend" | "expire" | "revoke" | "adjust"; id: string; createdAt: Date; sourceType: "system" | "award" | "redemption" | "admin_adjustment"; sourceId: string | null; amountCredits: number; balanceAfter: number; memo: string | null; }[]; total: ...'.
app/api/v2/signatures/documents/[id]/route.ts(49,29): error TS2300: Duplicate identifier 'userId'.
app/api/v2/signatures/documents/[id]/route.ts(49,59): error TS2300: Duplicate identifier 'body'.
app/api/v2/signatures/documents/[id]/route.ts(55,15): error TS2300: Duplicate identifier 'userId'.
app/api/v2/signatures/documents/[id]/route.ts(58,83): error TS2345: Argument of type 'string | null' is not assignable to parameter of type 'string'.
app/api/v2/signatures/documents/[id]/route.ts(63,15): error TS2300: Duplicate identifier 'body'.
app/api/v2/signatures/documents/[id]/route.ts(70,59): error TS2345: Argument of type 'string | null' is not assignable to parameter of type 'string'.
app/api/v2/signatures/documents/route.ts(17,21): error TS2300: Duplicate identifier 'userId'.
app/api/v2/signatures/documents/route.ts(17,29): error TS2300: Duplicate identifier 'organizationId'.
app/api/v2/signatures/documents/route.ts(23,15): error TS2300: Duplicate identifier 'userId'.
app/api/v2/signatures/documents/route.ts(25,15): error TS2300: Duplicate identifier 'organizationId'.
app/api/v2/signatures/documents/route.ts(30,68): error TS2345: Argument of type 'string | null' is not assignable to parameter of type 'string'.
app/api/v2/signatures/documents/route.ts(46,21): error TS2300: Duplicate identifier 'userId'.
app/api/v2/signatures/documents/route.ts(46,29): error TS2300: Duplicate identifier 'organizationId'.
app/api/v2/signatures/documents/route.ts(52,15): error TS2300: Duplicate identifier 'userId'.
app/api/v2/signatures/documents/route.ts(58,15): error TS2300: Duplicate identifier 'organizationId'.
app/api/v2/signatures/documents/route.ts(60,26): error TS2352: Conversion of type 'FormDataEntryValue | null' to type 'Record<string, unknown>' may be a mistake because neither type sufficiently overlaps with the other. If this was intentional, convert the expression to 'unknown' first.
app/api/v2/signatures/documents/route.ts(68,33): error TS2339: Property 'safeParse' does not exist on type 'JSON'.
app/api/v2/signatures/documents/route.ts(81,11): error TS2322: Type 'string | null' is not assignable to type 'string'.
app/api/v2/signatures/documents/route.ts(83,11): error TS2322: Type 'Record<string, unknown>' is not assignable to type '"docusign" | "internal" | "hellosign" | undefined'.
app/api/v2/signatures/sign/route.ts(30,21): error TS2300: Duplicate identifier 'userId'.
app/api/v2/signatures/sign/route.ts(30,51): error TS2300: Duplicate identifier 'body'.
app/api/v2/signatures/sign/route.ts(33,17): error TS2300: Duplicate identifier 'userId'.
app/api/v2/signatures/sign/route.ts(33,34): error TS2304: Cannot find name 'requireApiAuth'.
app/api/v2/signatures/sign/route.ts(34,15): error TS2300: Duplicate identifier 'body'.
app/api/v2/signatures/sign/route.ts(42,11): error TS18004: No value exists in scope for the shorthand property 'signerId'. Either declare one or provide an initializer.
app/api/v2/signatures/sign/route.ts(43,11): error TS18004: No value exists in scope for the shorthand property 'signatureImageUrl'. Either declare one or provide an initializer.
app/api/v2/signatures/sign/route.ts(44,11): error TS18004: No value exists in scope for the shorthand property 'signatureType'. Either declare one or provide an initializer.
app/api/v2/signatures/sign/route.ts(47,11): error TS18004: No value exists in scope for the shorthand property 'geolocation'. Either declare one or provide an initializer.
app/api/v2/social-media/accounts/route.ts(29,43): error TS2554: Expected 1 arguments, but got 2.
app/api/v2/social-media/accounts/route.ts(45,44): error TS2554: Expected 1 arguments, but got 2.
app/api/v2/social-media/accounts/route.ts(61,43): error TS2554: Expected 1 arguments, but got 2.
app/api/v2/social-media/accounts/route.ts(77,46): error TS2554: Expected 1 arguments, but got 2.
app/api/v2/social-media/analytics/route.ts(30,43): error TS2554: Expected 1 arguments, but got 2.
app/api/v2/social-media/analytics/route.ts(46,44): error TS2554: Expected 1 arguments, but got 2.
app/api/v2/social-media/analytics/route.ts(62,43): error TS2554: Expected 1 arguments, but got 2.
app/api/v2/social-media/analytics/route.ts(78,46): error TS2554: Expected 1 arguments, but got 2.
app/api/v2/social-media/campaigns/route.ts(32,43): error TS2554: Expected 1 arguments, but got 2.
app/api/v2/social-media/campaigns/route.ts(48,44): error TS2554: Expected 1 arguments, but got 2.
app/api/v2/social-media/campaigns/route.ts(64,43): error TS2554: Expected 1 arguments, but got 2.
app/api/v2/social-media/campaigns/route.ts(80,46): error TS2554: Expected 1 arguments, but got 2.
app/api/v2/social-media/posts/route.ts(26,29): error TS2322: Type '"delegate"' is not assignable to type '"member" | "steward" | "chief_steward" | "health_safety_rep" | "officer" | "admin" | "president" | "vice_president" | "app_owner" | "coo" | "cto" | "platform_lead" | "customer_success_director" | ... 20 more ... | undefined'.
app/api/v2/social-media/posts/route.ts(41,29): error TS2322: Type '"delegate"' is not assignable to type '"member" | "steward" | "chief_steward" | "health_safety_rep" | "officer" | "admin" | "president" | "vice_president" | "app_owner" | "coo" | "cto" | "platform_lead" | "customer_success_director" | ... 20 more ... | undefined'.
app/api/v2/social-media/posts/route.ts(57,29): error TS2322: Type '"delegate"' is not assignable to type '"member" | "steward" | "chief_steward" | "health_safety_rep" | "officer" | "admin" | "president" | "vice_president" | "app_owner" | "coo" | "cto" | "platform_lead" | "customer_success_director" | ... 20 more ... | undefined'.
app/api/v2/status/route.ts(16,3): error TS2345: Argument of type '({ request, userId, organizationId, user, body, query, params }: ApiContext<never, never>) => Promise<SystemStatus>' is not assignable to parameter of type 'HandlerFn<never, never>'.
app/api/v2/test-auth/route.ts(19,34): error TS2304: Cannot find name 'DJANGO'.
app/api/v2/test-auth/route.ts(20,9): error TS2304: Cannot find name 'healthStatus'.
app/api/v2/test-auth/route.ts(21,9): error TS2304: Cannot find name 'healthBody'.
app/api/v2/users/me/organizations/route.ts(27,18): error TS2769: No overload matches this call.
app/api/v2/voice/transcribe/route.ts(12,29): error TS2322: Type '"delegate"' is not assignable to type '"member" | "steward" | "chief_steward" | "health_safety_rep" | "officer" | "admin" | "president" | "vice_president" | "app_owner" | "coo" | "cto" | "platform_lead" | "customer_success_director" | ... 20 more ... | undefined'.
app/api/v2/voice/transcribe/route.ts(27,20): error TS2304: Cannot find name 'standardErrorResponse'.
app/api/v2/voice/transcribe/route.ts(27,42): error TS2304: Cannot find name 'ErrorCode'.
app/api/v2/voice/transcribe/route.ts(32,20): error TS2304: Cannot find name 'standardErrorResponse'.
app/api/v2/voice/transcribe/route.ts(32,42): error TS2304: Cannot find name 'ErrorCode'.
app/api/v2/voice/transcribe/route.ts(37,20): error TS2304: Cannot find name 'standardErrorResponse'.
app/api/v2/voice/transcribe/route.ts(37,42): error TS2304: Cannot find name 'ErrorCode'.
app/api/v2/voice/transcribe/route.ts(45,20): error TS2304: Cannot find name 'standardErrorResponse'.
app/api/v2/voice/transcribe/route.ts(45,42): error TS2304: Cannot find name 'ErrorCode'.
app/api/v2/whop/create-checkout/route.ts(5,38): error TS2307: Cannot find module '../webhooks/utils/constants' or its corresponding type declarations.
app/api/v2/whop/create-checkout/route.ts(21,44): error TS2554: Expected 1 arguments, but got 2.
app/api/v2/whop/unauthenticated-checkout/route.ts(6,38): error TS2307: Cannot find module '../webhooks/utils/constants' or its corresponding type declarations.
app/api/v2/workflow/overdue/route.ts(18,21): error TS2300: Duplicate identifier 'userId'.
app/api/v2/workflow/overdue/route.ts(18,29): error TS2300: Duplicate identifier 'organizationId'.
app/api/v2/workflow/overdue/route.ts(21,17): error TS2300: Duplicate identifier 'userId'.
app/api/v2/workflow/overdue/route.ts(21,25): error TS2300: Duplicate identifier 'organizationId'.
app/api/v2/workflow/overdue/route.ts(21,50): error TS2304: Cannot find name 'requireApiAuth'.
app/api/voice/transcribe/route.ts(14,10): error TS2554: Expected 2 arguments, but got 1.
app/api/voice/transcribe/route.ts(14,23): error TS2345: Argument of type 'number' is not assignable to parameter of type 'string'.
app/api/voice/transcribe/route.ts(23,16): error TS2554: Expected 2-4 arguments, but got 1.
app/api/voice/transcribe/route.ts(29,16): error TS2554: Expected 2-4 arguments, but got 1.
app/api/voice/transcribe/route.ts(35,16): error TS2554: Expected 2-4 arguments, but got 1.
app/api/voice/transcribe/route.ts(46,16): error TS2554: Expected 2-4 arguments, but got 1.
app/api/voice/transcribe/route.ts(57,8): error TS2554: Expected 2-4 arguments, but got 1.
app/api/workflow/overdue/route.ts(22,7): error TS2353: Object literal may only specify known properties, and 'organization' does not exist in type 'RequireApiAuthOptions'.
