
actions/analytics-actions.ts(259,30): error TS2345: Argument of type 'any' is not assignable to parameter of type 'never'.
actions/rewards-actions.ts(363,7): error TS2554: Expected 1 arguments, but got 4.
actions/rewards-actions.ts(379,21): error TS2339: Property 'credits_to_redeem' does not exist on type '{ programId: string; creditsToSpend: number; providerDetails?: Record<string, any> | undefined; }'.
actions/rewards-actions.ts(389,11): error TS2345: Argument of type 'PostgresJsDatabase<typeof import("C:/APPS/nzila-automation/apps/union-eyes/db/schema/index")> & { $client: Sql<{}>; }' is not assignable to parameter of type 'string'.
actions/rewards-actions.ts(400,25): error TS2304: Cannot find name 'discount'.
actions/whop-actions.ts(98,11): error TS2339: Property 'userId' does not exist on type 'Promise<SessionAuthWithRedirect>'.
actions/whop-actions.ts(280,78): error TS2554: Expected 1-2 arguments, but got 3.
actions/whop-actions.ts(307,78): error TS2554: Expected 1-2 arguments, but got 3.
app/(marketing)/case-studies/[slug]/page.tsx(146,19): error TS2322: Type '{ key: number; metric: { id: string; organizationId: string; metricType: any; value: number; comparisonValue: number; unit: string; period: string; visibility: string; anonymized: boolean | undefined; createdAt: Date; updatedAt: Date; }; }' is not assignable to type 'IntrinsicAttributes & ImpactMetricCardProps'.
app/(marketing)/case-studies/[slug]/page.tsx(169,33): error TS2339: Property 'text' does not exist on type 'string'.
app/(marketing)/case-studies/[slug]/page.tsx(171,61): error TS2339: Property 'attribution' does not exist on type 'string'.
app/(marketing)/case-studies/[slug]/page.tsx(183,42): error TS2322: Type 'string[]' is not assignable to type 'string | TrustedHTML'.
app/(marketing)/case-studies/[slug]/page.tsx(213,42): error TS2322: Type 'string[]' is not assignable to type 'string | TrustedHTML'.
app/(marketing)/contact/contact-form.tsx(54,46): error TS2345: Argument of type 'FormData' is not assignable to parameter of type 'LogContext'.
app/[locale]/claims/page.tsx(42,66): error TS2345: Argument of type 'string' is not assignable to parameter of type 'SetStateAction<"list" | "submit">'.
app/[locale]/dashboard/admin/rewards/analytics/page.tsx(201,26): error TS18046: 'data.overview.total_awards' is of type 'unknown'.
app/[locale]/dashboard/admin/rewards/analytics/page.tsx(202,9): error TS18046: 'data.overview.unique_recipients' is of type 'unknown'.
app/[locale]/dashboard/admin/rewards/analytics/page.tsx(202,43): error TS18046: 'data.overview.unique_issuers' is of type 'unknown'.
app/[locale]/dashboard/admin/rewards/analytics/page.tsx(206,26): error TS18046: 'data.overview.total_credits_awarded' is of type 'unknown'.
app/[locale]/dashboard/admin/rewards/analytics/page.tsx(207,9): error TS18046: 'data.redemption.total_credits_redeemed' is of type 'unknown'.
app/[locale]/dashboard/admin/rewards/analytics/page.tsx(207,50): error TS18046: 'data.overview.total_credits_awarded' is of type 'unknown'.
app/[locale]/dashboard/admin/rewards/analytics/page.tsx(243,49): error TS2322: Type 'unknown' is not assignable to type 'ReactNode'.
app/[locale]/dashboard/admin/rewards/analytics/page.tsx(245,15): error TS2322: Type 'unknown' is not assignable to type 'ReactNode'.
app/[locale]/dashboard/admin/rewards/analytics/page.tsx(245,53): error TS2322: Type 'unknown' is not assignable to type 'ReactNode'.
app/[locale]/dashboard/admin/rewards/analytics/page.tsx(275,49): error TS2322: Type 'unknown' is not assignable to type 'ReactNode'.
app/[locale]/dashboard/admin/rewards/analytics/page.tsx(277,15): error TS2322: Type 'unknown' is not assignable to type 'ReactNode'.
app/[locale]/dashboard/admin/rewards/analytics/page.tsx(290,49): error TS2322: Type 'unknown' is not assignable to type 'ReactNode'.
app/[locale]/dashboard/admin/rewards/budgets/page.tsx(27,51): error TS2345: Argument of type '{}' is not assignable to parameter of type 'string'.
app/[locale]/dashboard/admin/rewards/page.tsx(85,48): error TS2339: Property 'active_programs_count' does not exist on type '{ budgetUsage: { envelopeId: string; envelopeName: string; used: number; limit: number; percentage: number; isActive: boolean; }[]; totalCreditsIssued: number; totalCreditsSpent: number; totalCreditsOutstanding: number; activeMembers: number; }'.
app/[locale]/dashboard/admin/rewards/page.tsx(102,48): error TS2339: Property 'pending_awards_count' does not exist on type '{ budgetUsage: { envelopeId: string; envelopeName: string; used: number; limit: number; percentage: number; isActive: boolean; }[]; totalCreditsIssued: number; totalCreditsSpent: number; totalCreditsOutstanding: number; activeMembers: number; }'.
app/[locale]/dashboard/admin/rewards/page.tsx(120,34): error TS2551: Property 'total_credits_issued' does not exist on type '{ budgetUsage: { envelopeId: string; envelopeName: string; used: number; limit: number; percentage: number; isActive: boolean; }[]; totalCreditsIssued: number; totalCreditsSpent: number; totalCreditsOutstanding: number; activeMembers: number; }'. Did you mean 'totalCreditsIssued'?
app/[locale]/dashboard/admin/rewards/page.tsx(139,34): error TS2339: Property 'total_credits_redeemed' does not exist on type '{ budgetUsage: { envelopeId: string; envelopeName: string; used: number; limit: number; percentage: number; isActive: boolean; }[]; totalCreditsIssued: number; totalCreditsSpent: number; totalCreditsOutstanding: number; activeMembers: number; }'.
app/[locale]/dashboard/admin/rewards/programs/page.tsx(28,56): error TS2554: Expected 0 arguments, but got 1.
app/[locale]/dashboard/claims/page.tsx(321,48): error TS2345: Argument of type 'string' is not assignable to parameter of type 'SetStateAction<"all" | CaseStatus>'.
app/[locale]/dashboard/clc/affiliates/page.tsx(360,60): error TS2339: Property 'city' does not exist on type 'AffiliateData'.
app/[locale]/dashboard/clc/page.tsx(387,84): error TS2339: Property 'province' does not exist on type '{ id: string; status: string | null; email: string | null; name: string; slug: string; displayName: string | null; shortName: string | null; description: string | null; organizationType: "local" | ... 5 more ... | "district"; ... 26 more ...; fiscalYearEnd: string | null; }'.
app/[locale]/dashboard/clc/staff/page.tsx(369,11): error TS2322: Type '{ organizationId: string; onApprove: (id: any) => Promise<void>; onReject: (id: any) => Promise<void>; }' is not assignable to type 'IntrinsicAttributes & CLCApprovalWorkflowProps'.
app/[locale]/dashboard/clc/staff/page.tsx(402,43): error TS2345: Argument of type '(activity: { description: string; timestamp: string; }, index: number) => JSX.Element' is not assignable to parameter of type '(value: { id: string; affiliateCode: string; action: string; duration: number; syncedAt: string; error: string | null; }, index: number, array: { id: string; affiliateCode: string; action: string; duration: number; syncedAt: string; error: string | null; }[]) => Element'.
app/[locale]/dashboard/clc/staff/page.tsx(411,44): error TS2339: Property 'status' does not exist on type '{ description: string; timestamp: string; }'.
app/[locale]/dashboard/clc/staff/page.tsx(412,31): error TS2339: Property 'status' does not exist on type '{ description: string; timestamp: string; }'.
app/[locale]/dashboard/cross-union-analytics/page.tsx(170,66): error TS2345: Argument of type 'string' is not assignable to parameter of type 'SetStateAction<"organizations" | "overview" | "clauses" | "precedents">'.
app/[locale]/dashboard/executive/page.tsx(26,25): error TS2551: Property 'role' does not exist on type 'UnifiedUserContext'. Did you mean 'roles'?
app/[locale]/dashboard/federation/affiliates/page.tsx(273,36): error TS2345: Argument of type '(affiliate: AffiliateData) => JSX.Element' is not assignable to parameter of type '(value: { id: string; status: string | null; email: string | null; name: string; slug: string; displayName: string | null; shortName: string | null; description: string | null; organizationType: "local" | ... 5 more ... | "district"; ... 26 more ...; fiscalYearEnd: string | null; }, index: number, array: { ...; }[])...'.
app/[locale]/dashboard/federation/page.tsx(331,53): error TS2345: Argument of type '(union: MemberUnionData) => JSX.Element' is not assignable to parameter of type '(value: { id: string; status: string | null; email: string | null; name: string; slug: string; displayName: string | null; shortName: string | null; description: string | null; organizationType: "local" | ... 5 more ... | "district"; ... 26 more ...; fiscalYearEnd: string | null; }, index: number, array: { ...; }[])...'.
app/[locale]/dashboard/health-safety/inspections/page.tsx(332,21): error TS2322: Type '(inspectionId: string) => void' is not assignable to type '() => void'.
app/[locale]/dashboard/health-safety/inspections/page.tsx(382,27): error TS2322: Type '"open"' is not assignable to type '"approved" | "completed" | "pending_review"'.
app/[locale]/dashboard/movement-insights/export/page.tsx(51,42): error TS2345: Argument of type '{ id: string; category: "grievance-type" | "resolution-pattern" | "systemic-issue" | "sector-trend" | "jurisdiction-pattern"; dimension: string; aggregatedCount: number; organizationsContributing: number; ... 5 more ...; createdAt: Date; }[]' is not assignable to parameter of type 'MovementTrend[]'.
app/[locale]/dashboard/pilot/page.tsx(115,17): error TS2322: Type '{ name: string; status: string; description: any; }' is not assignable to type 'string'.
app/[locale]/dashboard/pilot/page.tsx(118,39): error TS2339: Property 'message' does not exist on type '{ status: "critical" | "excellent" | "good" | "needs-attention"; label: string; description: string; recommendations: string[]; }'.
app/[locale]/dashboard/rewards/leaderboard/page.tsx(134,13): error TS2322: Type '{ userId: unknown; name: {}; avatar: unknown; totalCredits: number; awardsReceived: number; rank: number; }[]' is not assignable to type 'LeaderboardEntry[]'.
app/[locale]/dashboard/rewards/leaderboard/page.tsx(135,13): error TS2322: Type '{ userId: unknown; name: {}; avatar: unknown; totalCredits: number; awardsGiven: number; awardsReceived: number; rank: number; }[]' is not assignable to type 'LeaderboardEntry[]'.
app/[locale]/dashboard/rewards/leaderboard/page.tsx(144,13): error TS2322: Type '{ userId: unknown; name: {}; avatar: unknown; totalCredits: number; awardsReceived: number; rank: number; }[]' is not assignable to type 'LeaderboardEntry[]'.
app/[locale]/dashboard/rewards/leaderboard/page.tsx(145,13): error TS2322: Type '{ userId: unknown; name: {}; avatar: unknown; totalCredits: number; awardsGiven: number; awardsReceived: number; rank: number; }[]' is not assignable to type 'LeaderboardEntry[]'.
app/[locale]/dashboard/rewards/leaderboard/page.tsx(154,13): error TS2322: Type '{ userId: unknown; name: {}; avatar: unknown; totalCredits: number; awardsReceived: number; rank: number; }[]' is not assignable to type 'LeaderboardEntry[]'.
app/[locale]/dashboard/rewards/leaderboard/page.tsx(155,13): error TS2322: Type '{ userId: unknown; name: {}; avatar: unknown; totalCredits: number; awardsGiven: number; awardsReceived: number; rank: number; }[]' is not assignable to type 'LeaderboardEntry[]'.
app/[locale]/dashboard/rewards/redeem/page.tsx(27,48): error TS2554: Expected 2 arguments, but got 3.
app/[locale]/dashboard/rewards/redeem/page.tsx(55,23): error TS2353: Object literal may only specify known properties, and 'balance' does not exist in type 'Date'.
app/[locale]/dashboard/settings/data-sharing/page.tsx(15,10): error TS2305: Module '"@/db/schema"' has no exported member 'dataAggregationConsent'.
app/[locale]/dashboard/voting/page.tsx(439,47): error TS2345: Argument of type 'string' is not assignable to parameter of type 'SetStateAction<"active" | "upcoming" | "past">'.
app/[locale]/members/page.tsx(48,66): error TS2345: Argument of type 'string' is not assignable to parameter of type 'SetStateAction<"list" | "engagement" | "bulk" | "onboard">'.
app/api/v2/admin/dues/send-reminders/route.ts(22,46): error TS2322: Type 'Promise<Record<string, string>>' is not assignable to type 'Record<string, unknown>'.
app/api/v2/documents/upload/route.ts(64,46): error TS2322: Type 'Promise<Record<string, string>>' is not assignable to type 'Record<string, unknown>'.
app/api/v2/emergency/activate/route.ts(28,46): error TS2322: Type 'Promise<Record<string, string>>' is not assignable to type 'Record<string, unknown>'.
app/api/v2/gdpr/data-export/route.ts(31,45): error TS2322: Type 'Promise<Record<string, string>>' is not assignable to type 'Record<string, unknown>'.
app/api/v2/gdpr/data-export/route.ts(46,46): error TS2322: Type 'Promise<Record<string, string>>' is not assignable to type 'Record<string, unknown>'.
app/api/v2/reports/execute/route.ts(27,46): error TS2322: Type 'Promise<Record<string, string>>' is not assignable to type 'Record<string, unknown>'.
app/api/v2/rewards/redemptions/route.ts(23,45): error TS2322: Type 'Promise<Record<string, string>>' is not assignable to type 'Record<string, unknown>'.
app/api/v2/rewards/redemptions/route.ts(38,46): error TS2322: Type 'Promise<Record<string, string>>' is not assignable to type 'Record<string, unknown>'.
app/api/v2/social-media/posts/route.ts(34,45): error TS2322: Type 'Promise<Record<string, string>>' is not assignable to type 'Record<string, unknown>'.
app/api/v2/social-media/posts/route.ts(50,46): error TS2322: Type 'Promise<Record<string, string>>' is not assignable to type 'Record<string, unknown>'.
app/api/v2/social-media/posts/route.ts(66,48): error TS2322: Type 'Promise<Record<string, string>>' is not assignable to type 'Record<string, unknown>'.
app/cases/[id]/page.tsx(84,21): error TS2345: Argument of type 'unknown' is not assignable to parameter of type 'SetStateAction<CaseDetail | null>'.
app/cases/[id]/page.tsx(85,19): error TS2345: Argument of type 'unknown[]' is not assignable to parameter of type 'SetStateAction<TimelineEvent[]>'.
app/cases/[id]/page.tsx(86,19): error TS2345: Argument of type 'unknown[]' is not assignable to parameter of type 'SetStateAction<Evidence[]>'.
app/cases/[id]/page.tsx(102,19): error TS2345: Argument of type 'unknown[]' is not assignable to parameter of type 'SetStateAction<TimelineEvent[]>'.
app/cases/page.tsx(80,16): error TS2345: Argument of type 'unknown[]' is not assignable to parameter of type 'SetStateAction<Case[]>'.
app/dashboard/bargaining/page.tsx(32,29): error TS2322: Type 'string | null' is not assignable to type 'string'.
app/dashboard/financial/expenses/page.tsx(20,27): error TS2352: Conversion of type 'AuthUser' to type 'Record<string, unknown>' may be a mistake because neither type sufficiently overlaps with the other. If this was intentional, convert the expression to 'unknown' first.
app/dashboard/financial/expenses/page.tsx(21,22): error TS2352: Conversion of type 'AuthUser' to type 'Record<string, unknown>' may be a mistake because neither type sufficiently overlaps with the other. If this was intentional, convert the expression to 'unknown' first.
app/dashboard/financial/vendors/page.tsx(19,22): error TS2352: Conversion of type 'AuthUser' to type 'Record<string, unknown>' may be a mistake because neither type sufficiently overlaps with the other. If this was intentional, convert the expression to 'unknown' first.
app/dashboard/financial/vendors/page.tsx(33,27): error TS2352: Conversion of type 'AuthUser' to type 'Record<string, unknown>' may be a mistake because neither type sufficiently overlaps with the other. If this was intentional, convert the expression to 'unknown' first.
app/dashboard/page.tsx(65,16): error TS2345: Argument of type 'unknown' is not assignable to parameter of type 'SetStateAction<DashboardStats>'.
app/dashboard/page.tsx(66,21): error TS2345: Argument of type 'unknown[]' is not assignable to parameter of type 'SetStateAction<RecentActivity[]>'.
app/docs/api/page.tsx(29,11): error TS2769: No overload matches this call.
app/dues/arrears/page.tsx(65,23): error TS2339: Property 'members' does not exist on type 'unknown[]'.
app/dues/arrears/page.tsx(78,63): error TS2345: Argument of type '{ amount: number; notes: string; }' is not assignable to parameter of type 'number'.
app/dues/page.tsx(69,16): error TS2345: Argument of type 'unknown' is not assignable to parameter of type 'SetStateAction<DuesStats>'.
app/dues/page.tsx(70,38): error TS2339: Property 'remittances' does not exist on type 'unknown[]'.
app/dues/payment-plans/new/page.tsx(70,13): error TS18046: 'data' is of type 'unknown'.
app/dues/payment-plans/new/page.tsx(71,15): error TS18046: 'data' is of type 'unknown'.
app/dues/payment-plans/new/page.tsx(71,32): error TS18046: 'data' is of type 'unknown'.
app/dues/payment-plans/new/page.tsx(72,19): error TS18046: 'data' is of type 'unknown'.
app/dues/payment-plans/new/page.tsx(73,16): error TS18046: 'data' is of type 'unknown'.
app/dues/payment-plans/new/page.tsx(74,24): error TS18046: 'data' is of type 'unknown'.
app/dues/payment-plans/page.tsx(52,16): error TS2345: Argument of type 'unknown[]' is not assignable to parameter of type 'SetStateAction<PaymentPlan[]>'.
app/dues/reconcile/page.tsx(60,21): error TS2339: Property 'items' does not exist on type 'unknown[]'.
app/dues/reconcile/page.tsx(82,37): error TS2554: Expected 2 arguments, but got 1.
app/dues/upload/page.tsx(72,49): error TS2554: Expected 2 arguments, but got 1.
app/elections/[id]/page.tsx(73,19): error TS2345: Argument of type 'unknown' is not assignable to parameter of type 'SetStateAction<ElectionDetail | null>'.
app/elections/page.tsx(67,20): error TS2345: Argument of type 'unknown[]' is not assignable to parameter of type 'SetStateAction<Election[]>'.
app/members/[id]/edit/page.tsx(75,20): error TS18046: 'data' is of type 'unknown'.
app/members/[id]/edit/page.tsx(76,19): error TS18046: 'data' is of type 'unknown'.
app/members/[id]/edit/page.tsx(77,16): error TS18046: 'data' is of type 'unknown'.
app/members/[id]/edit/page.tsx(78,16): error TS18046: 'data' is of type 'unknown'.
app/members/[id]/edit/page.tsx(79,22): error TS18046: 'data' is of type 'unknown'.
app/members/[id]/edit/page.tsx(80,17): error TS18046: 'data' is of type 'unknown'.
app/members/[id]/edit/page.tsx(81,18): error TS18046: 'data' is of type 'unknown'.
app/members/[id]/edit/page.tsx(82,25): error TS18046: 'data' is of type 'unknown'.
app/members/[id]/edit/page.tsx(83,19): error TS18046: 'data' is of type 'unknown'.
app/members/[id]/edit/page.tsx(84,21): error TS18046: 'data' is of type 'unknown'.
app/members/[id]/edit/page.tsx(85,19): error TS18046: 'data' is of type 'unknown'.
app/members/[id]/edit/page.tsx(86,18): error TS18046: 'data' is of type 'unknown'.
app/members/[id]/edit/page.tsx(87,15): error TS18046: 'data' is of type 'unknown'.
app/members/[id]/edit/page.tsx(88,19): error TS18046: 'data' is of type 'unknown'.
app/members/[id]/edit/page.tsx(89,21): error TS18046: 'data' is of type 'unknown'.
app/members/[id]/page.tsx(48,18): error TS2345: Argument of type 'unknown' is not assignable to parameter of type 'SetStateAction<MemberProfile | null>'.
app/members/page.tsx(67,18): error TS2345: Argument of type 'unknown[]' is not assignable to parameter of type 'SetStateAction<Member[]>'.
app/members/page.tsx(80,18): error TS2345: Argument of type 'unknown[]' is not assignable to parameter of type 'SetStateAction<Member[]>'.
app/members/segments/page.tsx(83,19): error TS2345: Argument of type 'unknown[]' is not assignable to parameter of type 'SetStateAction<Segment[]>'.
app/strike-fund/page.tsx(68,16): error TS2345: Argument of type 'unknown' is not assignable to parameter of type 'SetStateAction<StrikeFundStats>'.
app/strike-fund/page.tsx(69,23): error TS2345: Argument of type 'unknown[]' is not assignable to parameter of type 'SetStateAction<Application[]>'.
components/admin/clc-remittances-dashboard.tsx(182,23): error TS2345: Argument of type '{ month: string; amount: number; count: number; }' is not assignable to parameter of type 'never'.
components/admin/FeatureFlagsAdmin.tsx(231,42): error TS2339: Property 'allowedOrganizations' does not exist on type 'FeatureFlag'.
components/automation/alert-management-dashboard.tsx(746,63): error TS18047: 'category' is possibly 'null'.
components/dashboard/signals-widget.tsx(25,27): error TS2305: Module '"@/lib/hooks/use-feature-flags"' has no exported member 'getFeatureConfig'.
components/health-safety/IncidentDetailView.tsx(406,37): error TS2322: Type '{ incidentId: string; timeline: { id: string; timestamp: Date; action: string; user: string; notes?: string | undefined; }[]; }' is not assignable to type 'IntrinsicAttributes & IncidentTimelineViewerProps'.
components/language-toggle.tsx(27,21): error TS2367: This comparison appears to be unintentional because the types '"en-CA" | "fr-CA"' and '"en"' have no overlap.
components/rewards/ledger-table.tsx(14,15): error TS2724: '"@/db/schema/recognition-rewards-schema"' has no exported member named 'RewardWalletLedger'. Did you mean 'rewardWalletLedger'?
components/rewards/redemption-form.tsx(104,23): error TS2353: Object literal may only specify known properties, and 'balance' does not exist in type 'Date'.
lib/ai/insights-generator.ts(364,28): error TS2339: Property 'targetDate' does not exist on type '{ id: string; organizationId: string; predictionType: string; predictionDate: Date; predictedValue: string; lowerBound: string | null; upperBound: string | null; confidence: string | null; horizon: number | null; granularity: string | null; createdAt: Date; }'.
lib/ai/insights-generator.ts(364,63): error TS2339: Property 'targetDate' does not exist on type '{ id: string; organizationId: string; predictionType: string; predictionDate: Date; predictedValue: string; lowerBound: string | null; upperBound: string | null; confidence: string | null; horizon: number | null; granularity: string | null; createdAt: Date; }'.
lib/ai/insights-generator.ts(367,57): error TS2551: Property 'confidenceScore' does not exist on type '{ id: string; organizationId: string; predictionType: string; predictionDate: Date; predictedValue: string; lowerBound: string | null; upperBound: string | null; confidence: string | null; horizon: number | null; granularity: string | null; createdAt: Date; }'. Did you mean 'confidence'?
lib/ai/insights-generator.ts(386,19): error TS2339: Property 'targetDate' does not exist on type '{ id: string; organizationId: string; predictionType: string; predictionDate: Date; predictedValue: string; lowerBound: string | null; upperBound: string | null; confidence: string | null; horizon: number | null; granularity: string | null; createdAt: Date; }'.
lib/ai/insights-generator.ts(388,25): error TS2551: Property 'confidenceScore' does not exist on type '{ id: string; organizationId: string; predictionType: string; predictionDate: Date; predictedValue: string; lowerBound: string | null; upperBound: string | null; confidence: string | null; horizon: number | null; granularity: string | null; createdAt: Date; }'. Did you mean 'confidence'?
lib/alerts/alert-rules.ts(395,58): error TS18046: 'e' is of type 'unknown'.
lib/alerts/alert-rules.ts(395,79): error TS18046: 'e' is of type 'unknown'.
lib/alerts/alert-rules.ts(491,5): error TS2322: Type 'unknown' is not assignable to type '{ threshold: number; operator: ThresholdOperator; metric: string; windowSize: number; windowUnit: TimeWindowUnit; aggregation?: "count" | "max" | ... 6 more ... | undefined; }[] | undefined'.
lib/api/index.ts(43,5): error TS2304: Cannot find name 'logger'.
lib/api/standardized-responses.ts(225,5): error TS2322: Type 'unknown' is not assignable to type 'Record<string, unknown> | undefined'.
lib/azure-keyvault.ts(248,9): error TS18046: 'db' is of type 'unknown'.
lib/azure-keyvault.ts(252,13): error TS18046: 'db' is of type 'unknown'.
lib/azure-keyvault.ts(253,16): error TS18046: 'db' is of type 'unknown'.
lib/azure-keyvault.ts(255,13): error TS18046: 'db' is of type 'unknown'.
lib/case-assignment-engine.ts(412,9): error TS2740: Type '{}' is missing the following properties from type 'string[]': length, pop, push, concat, and 35 more.
lib/case-assignment-engine.ts(413,9): error TS2322: Type '{}' is not assignable to type 'number'.
lib/case-assignment-engine.ts(415,9): error TS2322: Type '{}' is not assignable to type 'number'.
lib/case-assignment-engine.ts(416,9): error TS2740: Type '{}' is missing the following properties from type 'string[]': length, pop, push, concat, and 35 more.
lib/case-assignment-engine.ts(419,9): error TS2740: Type '{}' is missing the following properties from type 'string[]': length, pop, push, concat, and 35 more.
lib/case-assignment-engine.ts(420,9): error TS2740: Type '{}' is missing the following properties from type 'string[]': length, pop, push, concat, and 35 more.
lib/case-assignment-engine.ts(605,55): error TS2363: The right-hand side of an arithmetic operation must be of type 'any', 'number', 'bigint' or an enum type.
lib/chaos-engineering/chaos-monkey.ts(237,3): error TS2322: Type '{}' is not assignable to type '"development" | "production" | "staging" | undefined'.
lib/claim-notifications.ts(19,10): error TS2305: Module '"./member-experience/human-explainers"' has no exported member 'generateStatusUpdateMessage'.
lib/claim-notifications.ts(69,38): error TS2339: Property 'users' does not exist on type '() => Promise<ClerkClient>'.
lib/claim-notifications.ts(83,43): error TS2339: Property 'users' does not exist on type '() => Promise<ClerkClient>'.
lib/claim-notifications.ts(282,38): error TS2339: Property 'users' does not exist on type '() => Promise<ClerkClient>'.
lib/claim-notifications.ts(293,43): error TS2339: Property 'users' does not exist on type '() => Promise<ClerkClient>'.
lib/config.ts(178,25): error TS2367: This comparison appears to be unintentional because the types '"development" | "production"' and '"staging"' have no overlap.
lib/csrf-client.ts(100,3): error TS18046: 'axiosInstance' is of type 'unknown'.
lib/csrf-client.ts(102,22): error TS18046: 'config' is of type 'unknown'.
lib/csrf-client.ts(110,11): error TS18046: 'config' is of type 'unknown'.
lib/csrf-client.ts(290,5): error TS18046: 'error' is of type 'unknown'.
lib/database/multi-db-client.ts(206,18): error TS2345: Argument of type 'unknown' is not assignable to parameter of type 'SQL<unknown> | Column<ColumnBaseConfig<ColumnDataType, string>, object, object> | Aliased<unknown>'.
lib/database/multi-db-client.ts(283,15): error TS2769: No overload matches this call.
lib/database/multi-db-client.ts(286,15): error TS2769: No overload matches this call.
lib/database/multi-db-client.ts(299,19): error TS2345: Argument of type 'unknown' is not assignable to parameter of type 'SQLWrapper'.
lib/database/multi-db-client.ts(343,22): error TS18046: 'db.execute' is of type 'unknown'.
lib/database/multi-db-client.ts(345,22): error TS18046: 'db.execute' is of type 'unknown'.
lib/db-validator.ts(51,7): error TS2322: Type 'unknown' is not assignable to type '{ connected: boolean; version?: string | undefined; database?: string | undefined; poolStatus?: PoolStatus | undefined; } | undefined'.
lib/db-validator.ts(82,51): error TS18046: 'result' is of type 'unknown'.
lib/db-validator.ts(153,51): error TS18046: 'result' is of type 'unknown'.
lib/db-validator.ts(182,51): error TS18046: 'result' is of type 'unknown'.
lib/db-validator.ts(183,47): error TS18046: 'row' is of type 'unknown'.
lib/db/with-rls-context.ts(57,34): error TS2344: Type 'unknown' does not satisfy the constraint 'Record<string, unknown>'.
lib/db/with-rls-context.ts(65,34): error TS2344: Type 'unknown' does not satisfy the constraint 'Record<string, unknown>'.
lib/db/with-rls-context.ts(70,28): error TS2344: Type 'unknown' does not satisfy the constraint 'Record<string, unknown>'.
lib/db/with-rls-context.ts(73,28): error TS2344: Type 'unknown' does not satisfy the constraint 'Record<string, unknown>'.
lib/db/with-rls-context.ts(78,28): error TS2344: Type 'unknown' does not satisfy the constraint 'Record<string, unknown>'.
lib/db/with-rls-context.ts(110,36): error TS2345: Argument of type 'PgTransaction<PostgresJsQueryResultHKT, typeof import("C:/APPS/nzila-automation/apps/union-eyes/db/schema/index"), ExtractTablesWithRelations<typeof import("C:/APPS/nzila-automation/apps/union-eyes/db/schema/index")>>' is not assignable to parameter of type 'NodePgDatabase<unknown>'.
lib/document-management-system.ts(518,9): error TS2322: Type 'unknown' is not assignable to type 'string'.
lib/document-management-system.ts(619,7): error TS2322: Type '{}' is not assignable to type '"expired" | "sent" | "pending" | "declined" | "signed" | "voided"'.
lib/document-management-system.ts(826,127): error TS2339: Property 'requestedBy' does not exist on type 'ESignatureRequest'.
lib/document-management-system.ts(832,56): error TS2339: Property 'requestedBy' does not exist on type 'ESignatureRequest'.
lib/document-management-system.ts(841,28): error TS2339: Property 'id' does not exist on type 'ESignatureRequest'.
lib/dues-calculation-engine.ts(7,8): error TS2724: '"@/services/financial-service/src/db/schema"' has no exported member named 'DuesRule'. Did you mean 'duesRules'?
lib/dues-calculation-engine.ts(8,8): error TS2724: '"@/services/financial-service/src/db/schema"' has no exported member named 'MemberDuesAssignment'. Did you mean 'memberDuesAssignments'?
lib/dues-calculation-engine.ts(147,7): error TS2322: Type 'unknown' is not assignable to type '{ baseAmount: number; rate?: number | undefined; hours?: number | undefined; tier?: string | undefined; }'.
lib/dues-calculation-engine.ts(526,13): error TS2322: Type 'Date' is not assignable to type 'string | SQL<unknown> | PgColumn<ColumnBaseConfig<ColumnDataType, string>, {}, {}> | null | undefined'.
lib/email/report-email-templates.ts(91,29): error TS2307: Cannot find module '@sendgrid/mail' or its corresponding type declarations.
lib/entitlement-sat-validator.ts(336,48): error TS2345: Argument of type 'string' is not assignable to parameter of type 'GatedFeature'.
lib/entitlement-sat-validator.ts(439,7): error TS2322: Type '"organizer"' is not assignable to type '"chief_steward" | "steward" | "health_safety_rep" | "member" | "admin" | "president" | "vice_president" | "app_owner" | "coo" | "cto" | "platform_lead" | "customer_success_director" | ... 20 more ... | "bargaining_committee"'.
lib/entitlement-sat-validator.ts(443,7): error TS2322: Type '"business_rep"' is not assignable to type '"chief_steward" | "steward" | "health_safety_rep" | "member" | "admin" | "president" | "vice_president" | "app_owner" | "coo" | "cto" | "platform_lead" | "customer_success_director" | ... 20 more ... | "bargaining_committee"'.
lib/mobile/mobile-engine.ts(211,8): error TS2769: No overload matches this call.
lib/observability/distributed-tracing.ts(277,35): error TS18046: 'target' is of type 'unknown'.
lib/observability/metrics.ts(17,76): error TS2307: Cannot find module 'prom-client' or its corresponding type declarations.
lib/observability/telemetry.ts(60,24): error TS2693: 'Resource' only refers to a type, but is being used as a value here.
lib/observability/telemetry.ts(143,23): error TS2345: Argument of type 'Span' is not assignable to parameter of type '(name: string, options?: SpanOptions | undefined, context?: Context | undefined) => Span'.
lib/payment-processor/index.ts(38,44): error TS2724: '"./processors/future-processors"' has no exported member named 'ManualProcessor'. Did you mean 'PayPalProcessor'?
lib/payment-processor/processor-factory.ts(17,10): error TS2724: '"./processors/future-processors"' has no exported member named 'ManualProcessor'. Did you mean 'PayPalProcessor'?
lib/recurring-events-service.ts(102,9): error TS2322: Type 'unknown' is not assignable to type '"MONTHLY" | "DAILY" | "WEEKLY" | "YEARLY"'.
lib/recurring-events-service.ts(156,25): error TS18046: 'baseEvent' is of type 'unknown'.
lib/recurring-events-service.ts(157,13): error TS18046: 'baseEvent' is of type 'unknown'.
lib/recurring-events-service.ts(164,31): error TS18046: 'baseEvent' is of type 'unknown'.
lib/recurring-events-service.ts(164,71): error TS18046: 'baseEvent' is of type 'unknown'.
lib/recurring-events-service.ts(175,24): error TS18046: 'baseEvent' is of type 'unknown'.
lib/report-executor.ts(431,54): error TS2339: Property 'baseTable' does not exist on type 'DataSourceMetadata'.
lib/resilience/retry.ts(232,33): error TS18046: 'target' is of type 'unknown'.
lib/tracing/opentelemetry.ts(65,13): error TS2339: Property 'Resource' does not exist on type '{ default: typeof import("C:/APPS/nzila-automation/node_modules/@opentelemetry/resources/build/src/index"); detectResources: (config?: ResourceDetectionConfig | undefined) => Resource; ... 8 more ...; defaultServiceName: () => string; }'.
lib/tracing/opentelemetry.ts(118,11): error TS2353: Object literal may only specify known properties, and ''@opentelemetry/instrumentation-redis-4'' does not exist in type 'InstrumentationConfigMap'.
middleware.ts(268,68): error TS2339: Property 'headers' does not exist on type 'never'.
services/governance-service.ts(56,37): error TS2551: Property 'toISOString' does not exist on type 'string'. Did you mean 'toString'?

